ARM GAS  C:\Users\Amin\AppData\Local\Temp\cccRe5P8.s 			page 1


   1              		.cpu cortex-m0
   2              		.fpu softvfp
   3              		.eabi_attribute 20, 1
   4              		.eabi_attribute 21, 1
   5              		.eabi_attribute 23, 3
   6              		.eabi_attribute 24, 1
   7              		.eabi_attribute 25, 1
   8              		.eabi_attribute 26, 1
   9              		.eabi_attribute 30, 6
  10              		.eabi_attribute 34, 0
  11              		.eabi_attribute 18, 4
  12              		.code	16
  13              		.file	"bas.c"
  14              		.text
  15              	.Ltext0:
  16              		.cfi_sections	.debug_frame
  17              		.section	.rodata
  18              		.align	2
  19              	.LC0:
  20 0000 42415320 		.ascii	"BAS notification enabled\015\000"
  20      6E6F7469 
  20      66696361 
  20      74696F6E 
  20      20656E61 
  21 001a 0000     		.align	2
  22              	.LC2:
  23 001c 42415320 		.ascii	"BAS notification disabled\015\000"
  23      6E6F7469 
  23      66696361 
  23      74696F6E 
  23      20646973 
  24 0037 00       		.section	.text.BasServiceAppEventHandler,"ax",%progbits
  25              		.align	2
  26              		.global	BasServiceAppEventHandler
  27              		.code	16
  28              		.thumb_func
  29              		.type	BasServiceAppEventHandler, %function
  30              	BasServiceAppEventHandler:
  31              	.LFB35:
  32              		.file 1 ".\\bas.c"
   1:.\bas.c       **** 
   2:.\bas.c       **** 
   3:.\bas.c       **** #include <common.h>
   4:.\bas.c       **** #include <stdio.h>
   5:.\bas.c       **** 
   6:.\bas.c       **** 
   7:.\bas.c       **** 
   8:.\bas.c       **** void BasServiceAppEventHandler(uint32 event, void *eventParam)
   9:.\bas.c       **** {
  33              		.loc 1 9 0
  34              		.cfi_startproc
  35 0000 80B5     		push	{r7, lr}
  36              		.cfi_def_cfa_offset 8
  37              		.cfi_offset 7, -8
  38              		.cfi_offset 14, -4
  39 0002 82B0     		sub	sp, sp, #8
  40              		.cfi_def_cfa_offset 16
ARM GAS  C:\Users\Amin\AppData\Local\Temp\cccRe5P8.s 			page 2


  41 0004 00AF     		add	r7, sp, #0
  42              		.cfi_def_cfa_register 7
  43 0006 7860     		str	r0, [r7, #4]
  44 0008 3960     		str	r1, [r7]
  10:.\bas.c       ****     switch(event)
  45              		.loc 1 10 0
  46 000a 7B68     		ldr	r3, [r7, #4]
  47 000c 8D22     		mov	r2, #141
  48 000e 5200     		lsl	r2, r2, #1
  49 0010 9342     		cmp	r3, r2
  50 0012 04D0     		beq	.L3
  51 0014 1C22     		mov	r2, #28
  52 0016 FF32     		add	r2, r2, #255
  53 0018 9342     		cmp	r3, r2
  54 001a 05D0     		beq	.L4
  11:.\bas.c       ****     {
  12:.\bas.c       ****         /***************************************
  13:.\bas.c       ****         *        BAS Server events
  14:.\bas.c       ****         ***************************************/
  15:.\bas.c       ****         case CYBLE_EVT_BASS_NOTIFICATION_ENABLED:
  16:.\bas.c       ****             printf("BAS notification enabled\r\n");
  17:.\bas.c       ****             break;
  18:.\bas.c       ****         case CYBLE_EVT_BASS_NOTIFICATION_DISABLED:
  19:.\bas.c       ****             printf("BAS notification disabled\r\n");
  20:.\bas.c       ****             break;
  21:.\bas.c       ****         default:
  22:.\bas.c       ****             break;
  55              		.loc 1 22 0
  56 001c 09E0     		b	.L1
  57              	.L3:
  16:.\bas.c       ****             printf("BAS notification enabled\r\n");
  58              		.loc 1 16 0
  59 001e 064B     		ldr	r3, .L6
  60 0020 181C     		mov	r0, r3
  61 0022 FFF7FEFF 		bl	puts
  17:.\bas.c       ****             break;
  62              		.loc 1 17 0
  63 0026 04E0     		b	.L1
  64              	.L4:
  19:.\bas.c       ****             printf("BAS notification disabled\r\n");
  65              		.loc 1 19 0
  66 0028 044B     		ldr	r3, .L6+4
  67 002a 181C     		mov	r0, r3
  68 002c FFF7FEFF 		bl	puts
  20:.\bas.c       ****             break;
  69              		.loc 1 20 0
  70 0030 C046     		mov	r8, r8
  71              	.L1:
  23:.\bas.c       ****     }
  24:.\bas.c       **** }
  72              		.loc 1 24 0
  73 0032 BD46     		mov	sp, r7
  74 0034 02B0     		add	sp, sp, #8
  75              		@ sp needed
  76 0036 80BD     		pop	{r7, pc}
  77              	.L7:
  78              		.align	2
ARM GAS  C:\Users\Amin\AppData\Local\Temp\cccRe5P8.s 			page 3


  79              	.L6:
  80 0038 00000000 		.word	.LC0
  81 003c 1C000000 		.word	.LC2
  82              		.cfi_endproc
  83              	.LFE35:
  84              		.size	BasServiceAppEventHandler, .-BasServiceAppEventHandler
  85              		.text
  86              	.Letext0:
  87              		.file 2 "Generated_Source\\PSoC4/cytypes.h"
  88              		.file 3 "Generated_Source\\PSoC4/BLE_eventHandler.h"
  89              		.section	.debug_info,"",%progbits
  90              	.Ldebug_info0:
  91 0000 25060000 		.4byte	0x625
  92 0004 0400     		.2byte	0x4
  93 0006 00000000 		.4byte	.Ldebug_abbrev0
  94 000a 04       		.byte	0x4
  95 000b 01       		.uleb128 0x1
  96 000c 9B110000 		.4byte	.LASF211
  97 0010 01       		.byte	0x1
  98 0011 E0150000 		.4byte	.LASF212
  99 0015 C8080000 		.4byte	.LASF213
 100 0019 00000000 		.4byte	.Ldebug_ranges0+0
 101 001d 00000000 		.4byte	0
 102 0021 00000000 		.4byte	.Ldebug_line0
 103 0025 02       		.uleb128 0x2
 104 0026 01       		.byte	0x1
 105 0027 06       		.byte	0x6
 106 0028 97030000 		.4byte	.LASF0
 107 002c 02       		.uleb128 0x2
 108 002d 01       		.byte	0x1
 109 002e 08       		.byte	0x8
 110 002f AE130000 		.4byte	.LASF1
 111 0033 02       		.uleb128 0x2
 112 0034 02       		.byte	0x2
 113 0035 05       		.byte	0x5
 114 0036 FA130000 		.4byte	.LASF2
 115 003a 02       		.uleb128 0x2
 116 003b 02       		.byte	0x2
 117 003c 07       		.byte	0x7
 118 003d 080B0000 		.4byte	.LASF3
 119 0041 02       		.uleb128 0x2
 120 0042 04       		.byte	0x4
 121 0043 05       		.byte	0x5
 122 0044 19050000 		.4byte	.LASF4
 123 0048 02       		.uleb128 0x2
 124 0049 04       		.byte	0x4
 125 004a 07       		.byte	0x7
 126 004b 210A0000 		.4byte	.LASF5
 127 004f 02       		.uleb128 0x2
 128 0050 08       		.byte	0x8
 129 0051 05       		.byte	0x5
 130 0052 E7050000 		.4byte	.LASF6
 131 0056 02       		.uleb128 0x2
 132 0057 08       		.byte	0x8
 133 0058 07       		.byte	0x7
 134 0059 F6010000 		.4byte	.LASF7
 135 005d 03       		.uleb128 0x3
ARM GAS  C:\Users\Amin\AppData\Local\Temp\cccRe5P8.s 			page 4


 136 005e 04       		.byte	0x4
 137 005f 05       		.byte	0x5
 138 0060 696E7400 		.ascii	"int\000"
 139 0064 02       		.uleb128 0x2
 140 0065 04       		.byte	0x4
 141 0066 07       		.byte	0x7
 142 0067 BB080000 		.4byte	.LASF8
 143 006b 04       		.uleb128 0x4
 144 006c E5060000 		.4byte	.LASF214
 145 0070 02       		.byte	0x2
 146 0071 A3       		.byte	0xa3
 147 0072 48000000 		.4byte	0x48
 148 0076 02       		.uleb128 0x2
 149 0077 04       		.byte	0x4
 150 0078 04       		.byte	0x4
 151 0079 0F160000 		.4byte	.LASF9
 152 007d 02       		.uleb128 0x2
 153 007e 08       		.byte	0x8
 154 007f 04       		.byte	0x4
 155 0080 671B0000 		.4byte	.LASF10
 156 0084 02       		.uleb128 0x2
 157 0085 01       		.byte	0x1
 158 0086 08       		.byte	0x8
 159 0087 15160000 		.4byte	.LASF11
 160 008b 02       		.uleb128 0x2
 161 008c 04       		.byte	0x4
 162 008d 07       		.byte	0x7
 163 008e A20E0000 		.4byte	.LASF12
 164 0092 05       		.uleb128 0x5
 165 0093 04       		.byte	0x4
 166 0094 06       		.uleb128 0x6
 167 0095 02       		.byte	0x2
 168 0096 03       		.byte	0x3
 169 0097 80       		.byte	0x80
 170 0098 FA050000 		.4byte	0x5fa
 171 009c 07       		.uleb128 0x7
 172 009d 70040000 		.4byte	.LASF13
 173 00a1 8002     		.sleb128 256
 174 00a3 07       		.uleb128 0x7
 175 00a4 9C160000 		.4byte	.LASF14
 176 00a8 8102     		.sleb128 257
 177 00aa 07       		.uleb128 0x7
 178 00ab 7A160000 		.4byte	.LASF15
 179 00af 8202     		.sleb128 258
 180 00b1 07       		.uleb128 0x7
 181 00b2 B7070000 		.4byte	.LASF16
 182 00b6 8302     		.sleb128 259
 183 00b8 07       		.uleb128 0x7
 184 00b9 94100000 		.4byte	.LASF17
 185 00bd 8402     		.sleb128 260
 186 00bf 07       		.uleb128 0x7
 187 00c0 F7020000 		.4byte	.LASF18
 188 00c4 8502     		.sleb128 261
 189 00c6 07       		.uleb128 0x7
 190 00c7 D90D0000 		.4byte	.LASF19
 191 00cb 8602     		.sleb128 262
 192 00cd 07       		.uleb128 0x7
ARM GAS  C:\Users\Amin\AppData\Local\Temp\cccRe5P8.s 			page 5


 193 00ce D0010000 		.4byte	.LASF20
 194 00d2 8702     		.sleb128 263
 195 00d4 07       		.uleb128 0x7
 196 00d5 E01A0000 		.4byte	.LASF21
 197 00d9 8802     		.sleb128 264
 198 00db 07       		.uleb128 0x7
 199 00dc F40D0000 		.4byte	.LASF22
 200 00e0 8902     		.sleb128 265
 201 00e2 07       		.uleb128 0x7
 202 00e3 E8150000 		.4byte	.LASF23
 203 00e7 8A02     		.sleb128 266
 204 00e9 07       		.uleb128 0x7
 205 00ea 2F070000 		.4byte	.LASF24
 206 00ee 8B02     		.sleb128 267
 207 00f0 07       		.uleb128 0x7
 208 00f1 34110000 		.4byte	.LASF25
 209 00f5 8C02     		.sleb128 268
 210 00f7 07       		.uleb128 0x7
 211 00f8 860F0000 		.4byte	.LASF26
 212 00fc 8D02     		.sleb128 269
 213 00fe 07       		.uleb128 0x7
 214 00ff D3170000 		.4byte	.LASF27
 215 0103 8E02     		.sleb128 270
 216 0105 07       		.uleb128 0x7
 217 0106 170F0000 		.4byte	.LASF28
 218 010a 8F02     		.sleb128 271
 219 010c 07       		.uleb128 0x7
 220 010d A6120000 		.4byte	.LASF29
 221 0111 9002     		.sleb128 272
 222 0113 07       		.uleb128 0x7
 223 0114 3A0D0000 		.4byte	.LASF30
 224 0118 9102     		.sleb128 273
 225 011a 07       		.uleb128 0x7
 226 011b BE160000 		.4byte	.LASF31
 227 011f 9202     		.sleb128 274
 228 0121 07       		.uleb128 0x7
 229 0122 6E010000 		.4byte	.LASF32
 230 0126 9302     		.sleb128 275
 231 0128 07       		.uleb128 0x7
 232 0129 3D160000 		.4byte	.LASF33
 233 012d 9402     		.sleb128 276
 234 012f 07       		.uleb128 0x7
 235 0130 620E0000 		.4byte	.LASF34
 236 0134 9502     		.sleb128 277
 237 0136 07       		.uleb128 0x7
 238 0137 F2180000 		.4byte	.LASF35
 239 013b 9602     		.sleb128 278
 240 013d 07       		.uleb128 0x7
 241 013e 55020000 		.4byte	.LASF36
 242 0142 9702     		.sleb128 279
 243 0144 07       		.uleb128 0x7
 244 0145 A3030000 		.4byte	.LASF37
 245 0149 9802     		.sleb128 280
 246 014b 07       		.uleb128 0x7
 247 014c 1B0B0000 		.4byte	.LASF38
 248 0150 9902     		.sleb128 281
 249 0152 07       		.uleb128 0x7
ARM GAS  C:\Users\Amin\AppData\Local\Temp\cccRe5P8.s 			page 6


 250 0153 B8020000 		.4byte	.LASF39
 251 0157 9A02     		.sleb128 282
 252 0159 07       		.uleb128 0x7
 253 015a F3140000 		.4byte	.LASF40
 254 015e 9B02     		.sleb128 283
 255 0160 07       		.uleb128 0x7
 256 0161 26140000 		.4byte	.LASF41
 257 0165 9C02     		.sleb128 284
 258 0167 07       		.uleb128 0x7
 259 0168 EF190000 		.4byte	.LASF42
 260 016c 9D02     		.sleb128 285
 261 016e 07       		.uleb128 0x7
 262 016f D00E0000 		.4byte	.LASF43
 263 0173 9E02     		.sleb128 286
 264 0175 07       		.uleb128 0x7
 265 0176 7B000000 		.4byte	.LASF44
 266 017a 9F02     		.sleb128 287
 267 017c 07       		.uleb128 0x7
 268 017d E2160000 		.4byte	.LASF45
 269 0181 A002     		.sleb128 288
 270 0183 07       		.uleb128 0x7
 271 0184 42140000 		.4byte	.LASF46
 272 0188 A102     		.sleb128 289
 273 018a 07       		.uleb128 0x7
 274 018b CF0B0000 		.4byte	.LASF47
 275 018f A202     		.sleb128 290
 276 0191 07       		.uleb128 0x7
 277 0192 6F090000 		.4byte	.LASF48
 278 0196 A302     		.sleb128 291
 279 0198 07       		.uleb128 0x7
 280 0199 19060000 		.4byte	.LASF49
 281 019d A402     		.sleb128 292
 282 019f 07       		.uleb128 0x7
 283 01a0 38100000 		.4byte	.LASF50
 284 01a4 A502     		.sleb128 293
 285 01a6 07       		.uleb128 0x7
 286 01a7 7C150000 		.4byte	.LASF51
 287 01ab A602     		.sleb128 294
 288 01ad 07       		.uleb128 0x7
 289 01ae 5A150000 		.4byte	.LASF52
 290 01b2 A702     		.sleb128 295
 291 01b4 07       		.uleb128 0x7
 292 01b5 11110000 		.4byte	.LASF53
 293 01b9 A802     		.sleb128 296
 294 01bb 07       		.uleb128 0x7
 295 01bc 3E060000 		.4byte	.LASF54
 296 01c0 A902     		.sleb128 297
 297 01c2 07       		.uleb128 0x7
 298 01c3 1B030000 		.4byte	.LASF55
 299 01c7 AA02     		.sleb128 298
 300 01c9 07       		.uleb128 0x7
 301 01ca 14100000 		.4byte	.LASF56
 302 01ce AB02     		.sleb128 299
 303 01d0 07       		.uleb128 0x7
 304 01d1 F30B0000 		.4byte	.LASF57
 305 01d5 AC02     		.sleb128 300
 306 01d7 07       		.uleb128 0x7
ARM GAS  C:\Users\Amin\AppData\Local\Temp\cccRe5P8.s 			page 7


 307 01d8 93090000 		.4byte	.LASF58
 308 01dc AD02     		.sleb128 301
 309 01de 07       		.uleb128 0x7
 310 01df BA150000 		.4byte	.LASF59
 311 01e3 AE02     		.sleb128 302
 312 01e5 07       		.uleb128 0x7
 313 01e6 DC020000 		.4byte	.LASF60
 314 01ea AF02     		.sleb128 303
 315 01ec 07       		.uleb128 0x7
 316 01ed 23000000 		.4byte	.LASF61
 317 01f1 B002     		.sleb128 304
 318 01f3 07       		.uleb128 0x7
 319 01f4 3D0C0000 		.4byte	.LASF62
 320 01f8 B102     		.sleb128 305
 321 01fa 07       		.uleb128 0x7
 322 01fb 57160000 		.4byte	.LASF63
 323 01ff B202     		.sleb128 306
 324 0201 07       		.uleb128 0x7
 325 0202 0A010000 		.4byte	.LASF64
 326 0206 B302     		.sleb128 307
 327 0208 07       		.uleb128 0x7
 328 0209 7E0E0000 		.4byte	.LASF65
 329 020d B402     		.sleb128 308
 330 020f 07       		.uleb128 0x7
 331 0210 62060000 		.4byte	.LASF66
 332 0214 B502     		.sleb128 309
 333 0216 07       		.uleb128 0x7
 334 0217 7D0C0000 		.4byte	.LASF67
 335 021b B602     		.sleb128 310
 336 021d 07       		.uleb128 0x7
 337 021e 180C0000 		.4byte	.LASF68
 338 0222 B702     		.sleb128 311
 339 0224 07       		.uleb128 0x7
 340 0225 98150000 		.4byte	.LASF69
 341 0229 B802     		.sleb128 312
 342 022b 07       		.uleb128 0x7
 343 022c AC0B0000 		.4byte	.LASF70
 344 0230 B902     		.sleb128 313
 345 0232 07       		.uleb128 0x7
 346 0233 F30E0000 		.4byte	.LASF71
 347 0237 BA02     		.sleb128 314
 348 0239 07       		.uleb128 0x7
 349 023a 96070000 		.4byte	.LASF72
 350 023e BB02     		.sleb128 315
 351 0240 07       		.uleb128 0x7
 352 0241 55110000 		.4byte	.LASF73
 353 0245 BC02     		.sleb128 316
 354 0247 07       		.uleb128 0x7
 355 0248 1F180000 		.4byte	.LASF74
 356 024c BD02     		.sleb128 317
 357 024e 07       		.uleb128 0x7
 358 024f 65140000 		.4byte	.LASF75
 359 0253 BE02     		.sleb128 318
 360 0255 07       		.uleb128 0x7
 361 0256 FC0C0000 		.4byte	.LASF76
 362 025a BF02     		.sleb128 319
 363 025c 07       		.uleb128 0x7
ARM GAS  C:\Users\Amin\AppData\Local\Temp\cccRe5P8.s 			page 8


 364 025d EF100000 		.4byte	.LASF77
 365 0261 C002     		.sleb128 320
 366 0263 07       		.uleb128 0x7
 367 0264 50070000 		.4byte	.LASF78
 368 0268 C102     		.sleb128 321
 369 026a 07       		.uleb128 0x7
 370 026b 27130000 		.4byte	.LASF79
 371 026f C202     		.sleb128 322
 372 0271 07       		.uleb128 0x7
 373 0272 B8090000 		.4byte	.LASF80
 374 0276 C302     		.sleb128 323
 375 0278 07       		.uleb128 0x7
 376 0279 980A0000 		.4byte	.LASF81
 377 027d C402     		.sleb128 324
 378 027f 07       		.uleb128 0x7
 379 0280 22080000 		.4byte	.LASF82
 380 0284 C502     		.sleb128 325
 381 0286 07       		.uleb128 0x7
 382 0287 5D180000 		.4byte	.LASF83
 383 028b C602     		.sleb128 326
 384 028d 07       		.uleb128 0x7
 385 028e 73070000 		.4byte	.LASF84
 386 0292 C702     		.sleb128 327
 387 0294 07       		.uleb128 0x7
 388 0295 78020000 		.4byte	.LASF85
 389 0299 C802     		.sleb128 328
 390 029b 07       		.uleb128 0x7
 391 029c A5140000 		.4byte	.LASF86
 392 02a0 C902     		.sleb128 329
 393 02a2 07       		.uleb128 0x7
 394 02a3 14070000 		.4byte	.LASF87
 395 02a7 CA02     		.sleb128 330
 396 02a9 07       		.uleb128 0x7
 397 02aa 6E130000 		.4byte	.LASF88
 398 02ae CB02     		.sleb128 331
 399 02b0 07       		.uleb128 0x7
 400 02b1 CE120000 		.4byte	.LASF89
 401 02b5 CC02     		.sleb128 332
 402 02b7 07       		.uleb128 0x7
 403 02b8 7D050000 		.4byte	.LASF90
 404 02bc CD02     		.sleb128 333
 405 02be 07       		.uleb128 0x7
 406 02bf 431B0000 		.4byte	.LASF91
 407 02c3 CE02     		.sleb128 334
 408 02c5 07       		.uleb128 0x7
 409 02c6 9F000000 		.4byte	.LASF92
 410 02ca CF02     		.sleb128 335
 411 02cc 07       		.uleb128 0x7
 412 02cd 58050000 		.4byte	.LASF93
 413 02d1 D002     		.sleb128 336
 414 02d3 07       		.uleb128 0x7
 415 02d4 F5050000 		.4byte	.LASF94
 416 02d8 D102     		.sleb128 337
 417 02da 07       		.uleb128 0x7
 418 02db 331A0000 		.4byte	.LASF95
 419 02df D202     		.sleb128 338
 420 02e1 07       		.uleb128 0x7
ARM GAS  C:\Users\Amin\AppData\Local\Temp\cccRe5P8.s 			page 9


 421 02e2 A8180000 		.4byte	.LASF96
 422 02e6 D302     		.sleb128 339
 423 02e8 07       		.uleb128 0x7
 424 02e9 33020000 		.4byte	.LASF97
 425 02ed D402     		.sleb128 340
 426 02ef 07       		.uleb128 0x7
 427 02f0 F6040000 		.4byte	.LASF98
 428 02f4 D502     		.sleb128 341
 429 02f6 07       		.uleb128 0x7
 430 02f7 39180000 		.4byte	.LASF99
 431 02fb D602     		.sleb128 342
 432 02fd 07       		.uleb128 0x7
 433 02fe 111A0000 		.4byte	.LASF100
 434 0302 D702     		.sleb128 343
 435 0304 07       		.uleb128 0x7
 436 0305 E9030000 		.4byte	.LASF101
 437 0309 D802     		.sleb128 344
 438 030b 07       		.uleb128 0x7
 439 030c FE090000 		.4byte	.LASF102
 440 0310 D902     		.sleb128 345
 441 0312 07       		.uleb128 0x7
 442 0313 4C040000 		.4byte	.LASF103
 443 0317 DA02     		.sleb128 346
 444 0319 07       		.uleb128 0x7
 445 031a 17120000 		.4byte	.LASF104
 446 031e DB02     		.sleb128 347
 447 0320 07       		.uleb128 0x7
 448 0321 7B1A0000 		.4byte	.LASF105
 449 0325 DC02     		.sleb128 348
 450 0327 07       		.uleb128 0x7
 451 0328 3E000000 		.4byte	.LASF106
 452 032c DD02     		.sleb128 349
 453 032e 07       		.uleb128 0x7
 454 032f E0130000 		.4byte	.LASF107
 455 0333 DE02     		.sleb128 350
 456 0335 07       		.uleb128 0x7
 457 0336 770D0000 		.4byte	.LASF108
 458 033a DF02     		.sleb128 351
 459 033c 07       		.uleb128 0x7
 460 033d DC090000 		.4byte	.LASF109
 461 0341 E002     		.sleb128 352
 462 0343 07       		.uleb128 0x7
 463 0344 A0050000 		.4byte	.LASF110
 464 0348 E102     		.sleb128 353
 465 034a 07       		.uleb128 0x7
 466 034b 8B130000 		.4byte	.LASF111
 467 034f E202     		.sleb128 354
 468 0351 07       		.uleb128 0x7
 469 0352 03130000 		.4byte	.LASF112
 470 0356 E302     		.sleb128 355
 471 0358 07       		.uleb128 0x7
 472 0359 83180000 		.4byte	.LASF113
 473 035d E402     		.sleb128 356
 474 035f 07       		.uleb128 0x7
 475 0360 CD140000 		.4byte	.LASF114
 476 0364 E502     		.sleb128 357
 477 0366 07       		.uleb128 0x7
ARM GAS  C:\Users\Amin\AppData\Local\Temp\cccRe5P8.s 			page 10


 478 0367 3A150000 		.4byte	.LASF115
 479 036b E602     		.sleb128 358
 480 036d 07       		.uleb128 0x7
 481 036e 061B0000 		.4byte	.LASF116
 482 0372 E702     		.sleb128 359
 483 0374 07       		.uleb128 0x7
 484 0375 B8010000 		.4byte	.LASF117
 485 0379 E802     		.sleb128 360
 486 037b 07       		.uleb128 0x7
 487 037c A01A0000 		.4byte	.LASF118
 488 0380 E902     		.sleb128 361
 489 0382 07       		.uleb128 0x7
 490 0383 18150000 		.4byte	.LASF119
 491 0387 EA02     		.sleb128 362
 492 0389 07       		.uleb128 0x7
 493 038a B5040000 		.4byte	.LASF120
 494 038e EB02     		.sleb128 363
 495 0390 07       		.uleb128 0x7
 496 0391 2C170000 		.4byte	.LASF121
 497 0395 EC02     		.sleb128 364
 498 0397 07       		.uleb128 0x7
 499 0398 CC0F0000 		.4byte	.LASF122
 500 039c ED02     		.sleb128 365
 501 039e 07       		.uleb128 0x7
 502 039f 77110000 		.4byte	.LASF123
 503 03a3 EE02     		.sleb128 366
 504 03a5 07       		.uleb128 0x7
 505 03a6 AB0E0000 		.4byte	.LASF124
 506 03aa EF02     		.sleb128 367
 507 03ac 07       		.uleb128 0x7
 508 03ad A5190000 		.4byte	.LASF125
 509 03b1 F002     		.sleb128 368
 510 03b3 07       		.uleb128 0x7
 511 03b4 81190000 		.4byte	.LASF126
 512 03b8 F102     		.sleb128 369
 513 03ba 07       		.uleb128 0x7
 514 03bb 0B040000 		.4byte	.LASF127
 515 03bf F202     		.sleb128 370
 516 03c1 07       		.uleb128 0x7
 517 03c2 30040000 		.4byte	.LASF128
 518 03c6 F302     		.sleb128 371
 519 03c8 07       		.uleb128 0x7
 520 03c9 8E170000 		.4byte	.LASF129
 521 03cd F402     		.sleb128 372
 522 03cf 07       		.uleb128 0x7
 523 03d0 E50A0000 		.4byte	.LASF130
 524 03d4 F502     		.sleb128 373
 525 03d6 07       		.uleb128 0x7
 526 03d7 5A0C0000 		.4byte	.LASF131
 527 03db F602     		.sleb128 374
 528 03dd 07       		.uleb128 0x7
 529 03de 3B120000 		.4byte	.LASF132
 530 03e2 F702     		.sleb128 375
 531 03e4 07       		.uleb128 0x7
 532 03e5 4A130000 		.4byte	.LASF133
 533 03e9 F802     		.sleb128 376
 534 03eb 07       		.uleb128 0x7
ARM GAS  C:\Users\Amin\AppData\Local\Temp\cccRe5P8.s 			page 11


 535 03ec 93010000 		.4byte	.LASF134
 536 03f0 F902     		.sleb128 377
 537 03f2 07       		.uleb128 0x7
 538 03f3 87060000 		.4byte	.LASF135
 539 03f7 FA02     		.sleb128 378
 540 03f9 07       		.uleb128 0x7
 541 03fa BD1A0000 		.4byte	.LASF136
 542 03fe FB02     		.sleb128 379
 543 0400 07       		.uleb128 0x7
 544 0401 03090000 		.4byte	.LASF137
 545 0405 FC02     		.sleb128 380
 546 0407 07       		.uleb128 0x7
 547 0408 65080000 		.4byte	.LASF138
 548 040c FD02     		.sleb128 381
 549 040e 07       		.uleb128 0x7
 550 040f 9C020000 		.4byte	.LASF139
 551 0413 FE02     		.sleb128 382
 552 0415 07       		.uleb128 0x7
 553 0416 E9120000 		.4byte	.LASF140
 554 041a FF02     		.sleb128 383
 555 041c 07       		.uleb128 0x7
 556 041d 93040000 		.4byte	.LASF141
 557 0421 8003     		.sleb128 384
 558 0423 07       		.uleb128 0x7
 559 0424 B0170000 		.4byte	.LASF142
 560 0428 8103     		.sleb128 385
 561 042a 07       		.uleb128 0x7
 562 042b C4180000 		.4byte	.LASF143
 563 042f 8203     		.sleb128 386
 564 0431 07       		.uleb128 0x7
 565 0432 A80F0000 		.4byte	.LASF144
 566 0436 8303     		.sleb128 387
 567 0438 07       		.uleb128 0x7
 568 0439 47080000 		.4byte	.LASF145
 569 043d 8403     		.sleb128 388
 570 043f 07       		.uleb128 0x7
 571 0440 D1100000 		.4byte	.LASF146
 572 0444 8503     		.sleb128 389
 573 0446 07       		.uleb128 0x7
 574 0447 5F190000 		.4byte	.LASF147
 575 044b 8603     		.sleb128 390
 576 044d 07       		.uleb128 0x7
 577 044e 1A160000 		.4byte	.LASF148
 578 0452 8703     		.sleb128 391
 579 0454 07       		.uleb128 0x7
 580 0455 7F080000 		.4byte	.LASF149
 581 0459 8803     		.sleb128 392
 582 045b 07       		.uleb128 0x7
 583 045c C6030000 		.4byte	.LASF150
 584 0460 8903     		.sleb128 393
 585 0462 07       		.uleb128 0x7
 586 0463 C3050000 		.4byte	.LASF151
 587 0467 8A03     		.sleb128 394
 588 0469 07       		.uleb128 0x7
 589 046a D2040000 		.4byte	.LASF152
 590 046e 8B03     		.sleb128 395
 591 0470 07       		.uleb128 0x7
ARM GAS  C:\Users\Amin\AppData\Local\Temp\cccRe5P8.s 			page 12


 592 0471 730A0000 		.4byte	.LASF153
 593 0475 8C03     		.sleb128 396
 594 0477 07       		.uleb128 0x7
 595 0478 4F170000 		.4byte	.LASF154
 596 047c 8D03     		.sleb128 397
 597 047e 07       		.uleb128 0x7
 598 047f A10C0000 		.4byte	.LASF155
 599 0483 8E03     		.sleb128 398
 600 0485 07       		.uleb128 0x7
 601 0486 52100000 		.4byte	.LASF156
 602 048a 8F03     		.sleb128 399
 603 048c 07       		.uleb128 0x7
 604 048d A9060000 		.4byte	.LASF157
 605 0491 9003     		.sleb128 400
 606 0493 07       		.uleb128 0x7
 607 0494 58000000 		.4byte	.LASF158
 608 0498 9103     		.sleb128 401
 609 049a 07       		.uleb128 0x7
 610 049b 1A0E0000 		.4byte	.LASF159
 611 049f 9203     		.sleb128 402
 612 04a1 07       		.uleb128 0x7
 613 04a2 81140000 		.4byte	.LASF160
 614 04a6 9303     		.sleb128 403
 615 04a8 07       		.uleb128 0x7
 616 04a9 DD070000 		.4byte	.LASF161
 617 04ad 9403     		.sleb128 404
 618 04af 07       		.uleb128 0x7
 619 04b0 4A090000 		.4byte	.LASF162
 620 04b4 9503     		.sleb128 405
 621 04b6 07       		.uleb128 0x7
 622 04b7 14190000 		.4byte	.LASF163
 623 04bb 9603     		.sleb128 406
 624 04bd 07       		.uleb128 0x7
 625 04be 3D050000 		.4byte	.LASF164
 626 04c2 9703     		.sleb128 407
 627 04c4 07       		.uleb128 0x7
 628 04c5 3E030000 		.4byte	.LASF165
 629 04c9 9803     		.sleb128 408
 630 04cb 07       		.uleb128 0x7
 631 04cc 5F120000 		.4byte	.LASF166
 632 04d0 9903     		.sleb128 409
 633 04d2 07       		.uleb128 0x7
 634 04d3 3F0B0000 		.4byte	.LASF167
 635 04d7 9A03     		.sleb128 410
 636 04d9 07       		.uleb128 0x7
 637 04da BB0C0000 		.4byte	.LASF168
 638 04de 9B03     		.sleb128 411
 639 04e0 07       		.uleb128 0x7
 640 04e1 C3000000 		.4byte	.LASF169
 641 04e5 9C03     		.sleb128 412
 642 04e7 07       		.uleb128 0x7
 643 04e8 3A190000 		.4byte	.LASF170
 644 04ec 9D03     		.sleb128 413
 645 04ee 07       		.uleb128 0x7
 646 04ef 0D020000 		.4byte	.LASF171
 647 04f3 9E03     		.sleb128 414
 648 04f5 07       		.uleb128 0x7
ARM GAS  C:\Users\Amin\AppData\Local\Temp\cccRe5P8.s 			page 13


 649 04f6 00000000 		.4byte	.LASF172
 650 04fa 9F03     		.sleb128 415
 651 04fc 07       		.uleb128 0x7
 652 04fd 82120000 		.4byte	.LASF173
 653 0501 A003     		.sleb128 416
 654 0503 07       		.uleb128 0x7
 655 0504 04170000 		.4byte	.LASF174
 656 0508 A103     		.sleb128 417
 657 050a 07       		.uleb128 0x7
 658 050b 22050000 		.4byte	.LASF175
 659 050f A203     		.sleb128 418
 660 0511 07       		.uleb128 0x7
 661 0512 DF0C0000 		.4byte	.LASF176
 662 0516 A303     		.sleb128 419
 663 0518 07       		.uleb128 0x7
 664 0519 281B0000 		.4byte	.LASF177
 665 051d A403     		.sleb128 420
 666 051f 07       		.uleb128 0x7
 667 0520 581A0000 		.4byte	.LASF178
 668 0524 A503     		.sleb128 421
 669 0526 07       		.uleb128 0x7
 670 0527 330A0000 		.4byte	.LASF179
 671 052b A603     		.sleb128 422
 672 052d 07       		.uleb128 0x7
 673 052e FB170000 		.4byte	.LASF180
 674 0532 A703     		.sleb128 423
 675 0534 07       		.uleb128 0x7
 676 0535 69170000 		.4byte	.LASF181
 677 0539 A803     		.sleb128 424
 678 053b 07       		.uleb128 0x7
 679 053c 78030000 		.4byte	.LASF182
 680 0540 A903     		.sleb128 425
 681 0542 07       		.uleb128 0x7
 682 0543 3F0F0000 		.4byte	.LASF183
 683 0547 AA03     		.sleb128 426
 684 0549 07       		.uleb128 0x7
 685 054a 6E1B0000 		.4byte	.LASF184
 686 054e AB03     		.sleb128 427
 687 0550 07       		.uleb128 0x7
 688 0551 6E100000 		.4byte	.LASF185
 689 0555 AC03     		.sleb128 428
 690 0557 07       		.uleb128 0x7
 691 0558 EC060000 		.4byte	.LASF186
 692 055c AD03     		.sleb128 429
 693 055e 07       		.uleb128 0x7
 694 055f 5B030000 		.4byte	.LASF187
 695 0563 AE03     		.sleb128 430
 696 0565 07       		.uleb128 0x7
 697 0566 160D0000 		.4byte	.LASF188
 698 056a AF03     		.sleb128 431
 699 056c 07       		.uleb128 0x7
 700 056d CA190000 		.4byte	.LASF189
 701 0571 B003     		.sleb128 432
 702 0573 07       		.uleb128 0x7
 703 0574 620F0000 		.4byte	.LASF190
 704 0578 B103     		.sleb128 433
 705 057a 07       		.uleb128 0x7
ARM GAS  C:\Users\Amin\AppData\Local\Temp\cccRe5P8.s 			page 14


 706 057b 3D0E0000 		.4byte	.LASF191
 707 057f B203     		.sleb128 434
 708 0581 07       		.uleb128 0x7
 709 0582 52010000 		.4byte	.LASF192
 710 0586 B303     		.sleb128 435
 711 0588 07       		.uleb128 0x7
 712 0589 E8000000 		.4byte	.LASF193
 713 058d B403     		.sleb128 436
 714 058f 07       		.uleb128 0x7
 715 0590 B60D0000 		.4byte	.LASF194
 716 0594 B503     		.sleb128 437
 717 0596 07       		.uleb128 0x7
 718 0597 2E010000 		.4byte	.LASF195
 719 059b B603     		.sleb128 438
 720 059d 07       		.uleb128 0x7
 721 059e 00080000 		.4byte	.LASF196
 722 05a2 B703     		.sleb128 439
 723 05a4 07       		.uleb128 0x7
 724 05a5 930D0000 		.4byte	.LASF197
 725 05a9 B803     		.sleb128 440
 726 05ab 07       		.uleb128 0x7
 727 05ac 630B0000 		.4byte	.LASF198
 728 05b0 B903     		.sleb128 441
 729 05b2 07       		.uleb128 0x7
 730 05b3 BC130000 		.4byte	.LASF199
 731 05b7 BA03     		.sleb128 442
 732 05b9 07       		.uleb128 0x7
 733 05ba 870B0000 		.4byte	.LASF200
 734 05be BB03     		.sleb128 443
 735 05c0 07       		.uleb128 0x7
 736 05c1 A1080000 		.4byte	.LASF201
 737 05c5 BC03     		.sleb128 444
 738 05c7 07       		.uleb128 0x7
 739 05c8 CB060000 		.4byte	.LASF202
 740 05cc BD03     		.sleb128 445
 741 05ce 07       		.uleb128 0x7
 742 05cf 570A0000 		.4byte	.LASF203
 743 05d3 BE03     		.sleb128 446
 744 05d5 07       		.uleb128 0x7
 745 05d6 04140000 		.4byte	.LASF204
 746 05da BF03     		.sleb128 447
 747 05dc 07       		.uleb128 0x7
 748 05dd 27090000 		.4byte	.LASF205
 749 05e1 C003     		.sleb128 448
 750 05e3 07       		.uleb128 0x7
 751 05e4 BC0A0000 		.4byte	.LASF206
 752 05e8 C103     		.sleb128 449
 753 05ea 07       		.uleb128 0x7
 754 05eb F00F0000 		.4byte	.LASF207
 755 05ef C203     		.sleb128 450
 756 05f1 07       		.uleb128 0x7
 757 05f2 5D0D0000 		.4byte	.LASF208
 758 05f6 80C003   		.sleb128 57344
 759 05f9 00       		.byte	0
 760 05fa 08       		.uleb128 0x8
 761 05fb B7100000 		.4byte	.LASF215
 762 05ff 01       		.byte	0x1
ARM GAS  C:\Users\Amin\AppData\Local\Temp\cccRe5P8.s 			page 15


 763 0600 08       		.byte	0x8
 764 0601 00000000 		.4byte	.LFB35
 765 0605 40000000 		.4byte	.LFE35-.LFB35
 766 0609 01       		.uleb128 0x1
 767 060a 9C       		.byte	0x9c
 768 060b 09       		.uleb128 0x9
 769 060c DF0A0000 		.4byte	.LASF209
 770 0610 01       		.byte	0x1
 771 0611 08       		.byte	0x8
 772 0612 6B000000 		.4byte	0x6b
 773 0616 02       		.uleb128 0x2
 774 0617 91       		.byte	0x91
 775 0618 74       		.sleb128 -12
 776 0619 09       		.uleb128 0x9
 777 061a E7180000 		.4byte	.LASF210
 778 061e 01       		.byte	0x1
 779 061f 08       		.byte	0x8
 780 0620 92000000 		.4byte	0x92
 781 0624 02       		.uleb128 0x2
 782 0625 91       		.byte	0x91
 783 0626 70       		.sleb128 -16
 784 0627 00       		.byte	0
 785 0628 00       		.byte	0
 786              		.section	.debug_abbrev,"",%progbits
 787              	.Ldebug_abbrev0:
 788 0000 01       		.uleb128 0x1
 789 0001 11       		.uleb128 0x11
 790 0002 01       		.byte	0x1
 791 0003 25       		.uleb128 0x25
 792 0004 0E       		.uleb128 0xe
 793 0005 13       		.uleb128 0x13
 794 0006 0B       		.uleb128 0xb
 795 0007 03       		.uleb128 0x3
 796 0008 0E       		.uleb128 0xe
 797 0009 1B       		.uleb128 0x1b
 798 000a 0E       		.uleb128 0xe
 799 000b 55       		.uleb128 0x55
 800 000c 17       		.uleb128 0x17
 801 000d 11       		.uleb128 0x11
 802 000e 01       		.uleb128 0x1
 803 000f 10       		.uleb128 0x10
 804 0010 17       		.uleb128 0x17
 805 0011 00       		.byte	0
 806 0012 00       		.byte	0
 807 0013 02       		.uleb128 0x2
 808 0014 24       		.uleb128 0x24
 809 0015 00       		.byte	0
 810 0016 0B       		.uleb128 0xb
 811 0017 0B       		.uleb128 0xb
 812 0018 3E       		.uleb128 0x3e
 813 0019 0B       		.uleb128 0xb
 814 001a 03       		.uleb128 0x3
 815 001b 0E       		.uleb128 0xe
 816 001c 00       		.byte	0
 817 001d 00       		.byte	0
 818 001e 03       		.uleb128 0x3
 819 001f 24       		.uleb128 0x24
ARM GAS  C:\Users\Amin\AppData\Local\Temp\cccRe5P8.s 			page 16


 820 0020 00       		.byte	0
 821 0021 0B       		.uleb128 0xb
 822 0022 0B       		.uleb128 0xb
 823 0023 3E       		.uleb128 0x3e
 824 0024 0B       		.uleb128 0xb
 825 0025 03       		.uleb128 0x3
 826 0026 08       		.uleb128 0x8
 827 0027 00       		.byte	0
 828 0028 00       		.byte	0
 829 0029 04       		.uleb128 0x4
 830 002a 16       		.uleb128 0x16
 831 002b 00       		.byte	0
 832 002c 03       		.uleb128 0x3
 833 002d 0E       		.uleb128 0xe
 834 002e 3A       		.uleb128 0x3a
 835 002f 0B       		.uleb128 0xb
 836 0030 3B       		.uleb128 0x3b
 837 0031 0B       		.uleb128 0xb
 838 0032 49       		.uleb128 0x49
 839 0033 13       		.uleb128 0x13
 840 0034 00       		.byte	0
 841 0035 00       		.byte	0
 842 0036 05       		.uleb128 0x5
 843 0037 0F       		.uleb128 0xf
 844 0038 00       		.byte	0
 845 0039 0B       		.uleb128 0xb
 846 003a 0B       		.uleb128 0xb
 847 003b 00       		.byte	0
 848 003c 00       		.byte	0
 849 003d 06       		.uleb128 0x6
 850 003e 04       		.uleb128 0x4
 851 003f 01       		.byte	0x1
 852 0040 0B       		.uleb128 0xb
 853 0041 0B       		.uleb128 0xb
 854 0042 3A       		.uleb128 0x3a
 855 0043 0B       		.uleb128 0xb
 856 0044 3B       		.uleb128 0x3b
 857 0045 0B       		.uleb128 0xb
 858 0046 01       		.uleb128 0x1
 859 0047 13       		.uleb128 0x13
 860 0048 00       		.byte	0
 861 0049 00       		.byte	0
 862 004a 07       		.uleb128 0x7
 863 004b 28       		.uleb128 0x28
 864 004c 00       		.byte	0
 865 004d 03       		.uleb128 0x3
 866 004e 0E       		.uleb128 0xe
 867 004f 1C       		.uleb128 0x1c
 868 0050 0D       		.uleb128 0xd
 869 0051 00       		.byte	0
 870 0052 00       		.byte	0
 871 0053 08       		.uleb128 0x8
 872 0054 2E       		.uleb128 0x2e
 873 0055 01       		.byte	0x1
 874 0056 3F       		.uleb128 0x3f
 875 0057 19       		.uleb128 0x19
 876 0058 03       		.uleb128 0x3
ARM GAS  C:\Users\Amin\AppData\Local\Temp\cccRe5P8.s 			page 17


 877 0059 0E       		.uleb128 0xe
 878 005a 3A       		.uleb128 0x3a
 879 005b 0B       		.uleb128 0xb
 880 005c 3B       		.uleb128 0x3b
 881 005d 0B       		.uleb128 0xb
 882 005e 27       		.uleb128 0x27
 883 005f 19       		.uleb128 0x19
 884 0060 11       		.uleb128 0x11
 885 0061 01       		.uleb128 0x1
 886 0062 12       		.uleb128 0x12
 887 0063 06       		.uleb128 0x6
 888 0064 40       		.uleb128 0x40
 889 0065 18       		.uleb128 0x18
 890 0066 9642     		.uleb128 0x2116
 891 0068 19       		.uleb128 0x19
 892 0069 00       		.byte	0
 893 006a 00       		.byte	0
 894 006b 09       		.uleb128 0x9
 895 006c 05       		.uleb128 0x5
 896 006d 00       		.byte	0
 897 006e 03       		.uleb128 0x3
 898 006f 0E       		.uleb128 0xe
 899 0070 3A       		.uleb128 0x3a
 900 0071 0B       		.uleb128 0xb
 901 0072 3B       		.uleb128 0x3b
 902 0073 0B       		.uleb128 0xb
 903 0074 49       		.uleb128 0x49
 904 0075 13       		.uleb128 0x13
 905 0076 02       		.uleb128 0x2
 906 0077 18       		.uleb128 0x18
 907 0078 00       		.byte	0
 908 0079 00       		.byte	0
 909 007a 00       		.byte	0
 910              		.section	.debug_aranges,"",%progbits
 911 0000 1C000000 		.4byte	0x1c
 912 0004 0200     		.2byte	0x2
 913 0006 00000000 		.4byte	.Ldebug_info0
 914 000a 04       		.byte	0x4
 915 000b 00       		.byte	0
 916 000c 0000     		.2byte	0
 917 000e 0000     		.2byte	0
 918 0010 00000000 		.4byte	.LFB35
 919 0014 40000000 		.4byte	.LFE35-.LFB35
 920 0018 00000000 		.4byte	0
 921 001c 00000000 		.4byte	0
 922              		.section	.debug_ranges,"",%progbits
 923              	.Ldebug_ranges0:
 924 0000 00000000 		.4byte	.LFB35
 925 0004 40000000 		.4byte	.LFE35
 926 0008 00000000 		.4byte	0
 927 000c 00000000 		.4byte	0
 928              		.section	.debug_line,"",%progbits
 929              	.Ldebug_line0:
 930 0000 76000000 		.section	.debug_str,"MS",%progbits,1
 930      02005800 
 930      00000201 
 930      FB0E0D00 
ARM GAS  C:\Users\Amin\AppData\Local\Temp\cccRe5P8.s 			page 18


 930      01010101 
 931              	.LASF172:
 932 0000 4359424C 		.ascii	"CYBLE_EVT_RSCSS_INDICATION_ENABLED\000"
 932      455F4556 
 932      545F5253 
 932      4353535F 
 932      494E4449 
 933              	.LASF61:
 934 0023 4359424C 		.ascii	"CYBLE_EVT_CGMSC_INDICATION\000"
 934      455F4556 
 934      545F4347 
 934      4D53435F 
 934      494E4449 
 935              	.LASF106:
 936 003e 4359424C 		.ascii	"CYBLE_EVT_GLSS_WRITE_CHAR\000"
 936      455F4556 
 936      545F474C 
 936      53535F57 
 936      52495445 
 937              	.LASF158:
 938 0058 4359424C 		.ascii	"CYBLE_EVT_LNSC_WRITE_CHAR_RESPONSE\000"
 938      455F4556 
 938      545F4C4E 
 938      53435F57 
 938      52495445 
 939              	.LASF44:
 940 007b 4359424C 		.ascii	"CYBLE_EVT_BASC_WRITE_DESCR_RESPONSE\000"
 940      455F4556 
 940      545F4241 
 940      53435F57 
 940      52495445 
 941              	.LASF92:
 942 009f 4359424C 		.ascii	"CYBLE_EVT_CSCSC_READ_DESCR_RESPONSE\000"
 942      455F4556 
 942      545F4353 
 942      4353435F 
 942      52454144 
 943              	.LASF169:
 944 00c3 4359424C 		.ascii	"CYBLE_EVT_PASSC_WRITE_DESCR_RESPONSE\000"
 944      455F4556 
 944      545F5041 
 944      5353435F 
 944      57524954 
 945              	.LASF193:
 946 00e8 4359424C 		.ascii	"CYBLE_EVT_TPSC_READ_CHAR_RESPONSE\000"
 946      455F4556 
 946      545F5450 
 946      53435F52 
 946      4541445F 
 947              	.LASF64:
 948 010a 4359424C 		.ascii	"CYBLE_EVT_CGMSC_WRITE_CHAR_RESPONSE\000"
 948      455F4556 
 948      545F4347 
 948      4D53435F 
 948      57524954 
 949              	.LASF195:
 950 012e 4359424C 		.ascii	"CYBLE_EVT_TPSC_WRITE_DESCR_RESPONSE\000"
ARM GAS  C:\Users\Amin\AppData\Local\Temp\cccRe5P8.s 			page 19


 950      455F4556 
 950      545F5450 
 950      53435F57 
 950      52495445 
 951              	.LASF192:
 952 0152 4359424C 		.ascii	"CYBLE_EVT_TPSC_NOTIFICATION\000"
 952      455F4556 
 952      545F5450 
 952      53435F4E 
 952      4F544946 
 953              	.LASF32:
 954 016e 4359424C 		.ascii	"CYBLE_EVT_ANSS_NOTIFICATION_DISABLED\000"
 954      455F4556 
 954      545F414E 
 954      53535F4E 
 954      4F544946 
 955              	.LASF134:
 956 0193 4359424C 		.ascii	"CYBLE_EVT_HTSS_NOTIFICATION_DISABLED\000"
 956      455F4556 
 956      545F4854 
 956      53535F4E 
 956      4F544946 
 957              	.LASF117:
 958 01b8 4359424C 		.ascii	"CYBLE_EVT_HIDSS_SUSPEND\000"
 958      455F4556 
 958      545F4849 
 958      4453535F 
 958      53555350 
 959              	.LASF20:
 960 01d0 4359424C 		.ascii	"CYBLE_EVT_GATTC_SRVC_DISCOVERY_FAILED\000"
 960      455F4556 
 960      545F4741 
 960      5454435F 
 960      53525643 
 961              	.LASF7:
 962 01f6 6C6F6E67 		.ascii	"long long unsigned int\000"
 962      206C6F6E 
 962      6720756E 
 962      7369676E 
 962      65642069 
 963              	.LASF171:
 964 020d 4359424C 		.ascii	"CYBLE_EVT_RSCSS_NOTIFICATION_DISABLED\000"
 964      455F4556 
 964      545F5253 
 964      4353535F 
 964      4E4F5449 
 965              	.LASF97:
 966 0233 4359424C 		.ascii	"CYBLE_EVT_CTSC_READ_CHAR_RESPONSE\000"
 966      455F4556 
 966      545F4354 
 966      53435F52 
 966      4541445F 
 967              	.LASF36:
 968 0255 4359424C 		.ascii	"CYBLE_EVT_ANSC_WRITE_CHAR_RESPONSE\000"
 968      455F4556 
 968      545F414E 
 968      53435F57 
ARM GAS  C:\Users\Amin\AppData\Local\Temp\cccRe5P8.s 			page 20


 968      52495445 
 969              	.LASF85:
 970 0278 4359424C 		.ascii	"CYBLE_EVT_CSCSS_INDICATION_DISABLED\000"
 970      455F4556 
 970      545F4353 
 970      4353535F 
 970      494E4449 
 971              	.LASF139:
 972 029c 4359424C 		.ascii	"CYBLE_EVT_HTSC_NOTIFICATION\000"
 972      455F4556 
 972      545F4854 
 972      53435F4E 
 972      4F544946 
 973              	.LASF39:
 974 02b8 4359424C 		.ascii	"CYBLE_EVT_BASS_NOTIFICATION_ENABLED\000"
 974      455F4556 
 974      545F4241 
 974      53535F4E 
 974      4F544946 
 975              	.LASF60:
 976 02dc 4359424C 		.ascii	"CYBLE_EVT_CGMSS_WRITE_CHAR\000"
 976      455F4556 
 976      545F4347 
 976      4D53535F 
 976      57524954 
 977              	.LASF18:
 978 02f7 4359424C 		.ascii	"CYBLE_EVT_GATTS_INDICATION_DISABLED\000"
 978      455F4556 
 978      545F4741 
 978      5454535F 
 978      494E4449 
 979              	.LASF55:
 980 031b 4359424C 		.ascii	"CYBLE_EVT_CGMSS_INDICATION_ENABLED\000"
 980      455F4556 
 980      545F4347 
 980      4D53535F 
 980      494E4449 
 981              	.LASF165:
 982 033e 4359424C 		.ascii	"CYBLE_EVT_PASSC_NOTIFICATION\000"
 982      455F4556 
 982      545F5041 
 982      5353435F 
 982      4E4F5449 
 983              	.LASF187:
 984 035b 4359424C 		.ascii	"CYBLE_EVT_SCPSC_NOTIFICATION\000"
 984      455F4556 
 984      545F5343 
 984      5053435F 
 984      4E4F5449 
 985              	.LASF182:
 986 0378 4359424C 		.ascii	"CYBLE_EVT_RTUSS_WRITE_CHAR_CMD\000"
 986      455F4556 
 986      545F5254 
 986      5553535F 
 986      57524954 
 987              	.LASF0:
 988 0397 7369676E 		.ascii	"signed char\000"
ARM GAS  C:\Users\Amin\AppData\Local\Temp\cccRe5P8.s 			page 21


 988      65642063 
 988      68617200 
 989              	.LASF37:
 990 03a3 4359424C 		.ascii	"CYBLE_EVT_ANSC_READ_DESCR_RESPONSE\000"
 990      455F4556 
 990      545F414E 
 990      53435F52 
 990      4541445F 
 991              	.LASF150:
 992 03c6 4359424C 		.ascii	"CYBLE_EVT_LNSS_INDICATION_DISABLED\000"
 992      455F4556 
 992      545F4C4E 
 992      53535F49 
 992      4E444943 
 993              	.LASF101:
 994 03e9 4359424C 		.ascii	"CYBLE_EVT_GLSS_INDICATION_ENABLED\000"
 994      455F4556 
 994      545F474C 
 994      53535F49 
 994      4E444943 
 995              	.LASF127:
 996 040b 4359424C 		.ascii	"CYBLE_EVT_HRSS_NOTIFICATION_DISABLED\000"
 996      455F4556 
 996      545F4852 
 996      53535F4E 
 996      4F544946 
 997              	.LASF128:
 998 0430 4359424C 		.ascii	"CYBLE_EVT_HRSC_NOTIFICATION\000"
 998      455F4556 
 998      545F4852 
 998      53435F4E 
 998      4F544946 
 999              	.LASF103:
 1000 044c 4359424C 		.ascii	"CYBLE_EVT_GLSS_INDICATION_CONFIRMED\000"
 1000      455F4556 
 1000      545F474C 
 1000      53535F49 
 1000      4E444943 
 1001              	.LASF13:
 1002 0470 4359424C 		.ascii	"CYBLE_AUTHENTICATION_REQUEST_REPLY\000"
 1002      455F4155 
 1002      5448454E 
 1002      54494341 
 1002      54494F4E 
 1003              	.LASF141:
 1004 0493 4359424C 		.ascii	"CYBLE_EVT_HTSC_READ_CHAR_RESPONSE\000"
 1004      455F4556 
 1004      545F4854 
 1004      53435F52 
 1004      4541445F 
 1005              	.LASF120:
 1006 04b5 4359424C 		.ascii	"CYBLE_EVT_HIDSC_NOTIFICATION\000"
 1006      455F4556 
 1006      545F4849 
 1006      4453435F 
 1006      4E4F5449 
 1007              	.LASF152:
ARM GAS  C:\Users\Amin\AppData\Local\Temp\cccRe5P8.s 			page 22


 1008 04d2 4359424C 		.ascii	"CYBLE_EVT_LNSS_NOTIFICATION_ENABLED\000"
 1008      455F4556 
 1008      545F4C4E 
 1008      53535F4E 
 1008      4F544946 
 1009              	.LASF98:
 1010 04f6 4359424C 		.ascii	"CYBLE_EVT_CTSC_READ_DESCR_RESPONSE\000"
 1010      455F4556 
 1010      545F4354 
 1010      53435F52 
 1010      4541445F 
 1011              	.LASF4:
 1012 0519 6C6F6E67 		.ascii	"long int\000"
 1012      20696E74 
 1012      00
 1013              	.LASF175:
 1014 0522 4359424C 		.ascii	"CYBLE_EVT_RSCSS_CHAR_WRITE\000"
 1014      455F4556 
 1014      545F5253 
 1014      4353535F 
 1014      43484152 
 1015              	.LASF164:
 1016 053d 4359424C 		.ascii	"CYBLE_EVT_PASSS_WRITE_CHAR\000"
 1016      455F4556 
 1016      545F5041 
 1016      5353535F 
 1016      57524954 
 1017              	.LASF93:
 1018 0558 4359424C 		.ascii	"CYBLE_EVT_CSCSC_WRITE_DESCR_RESPONSE\000"
 1018      455F4556 
 1018      545F4353 
 1018      4353435F 
 1018      57524954 
 1019              	.LASF90:
 1020 057d 4359424C 		.ascii	"CYBLE_EVT_CSCSC_READ_CHAR_RESPONSE\000"
 1020      455F4556 
 1020      545F4353 
 1020      4353435F 
 1020      52454144 
 1021              	.LASF110:
 1022 05a0 4359424C 		.ascii	"CYBLE_EVT_GLSC_WRITE_CHAR_RESPONSE\000"
 1022      455F4556 
 1022      545F474C 
 1022      53435F57 
 1022      52495445 
 1023              	.LASF151:
 1024 05c3 4359424C 		.ascii	"CYBLE_EVT_LNSS_INDICATION_CONFIRMED\000"
 1024      455F4556 
 1024      545F4C4E 
 1024      53535F49 
 1024      4E444943 
 1025              	.LASF6:
 1026 05e7 6C6F6E67 		.ascii	"long long int\000"
 1026      206C6F6E 
 1026      6720696E 
 1026      7400
 1027              	.LASF94:
ARM GAS  C:\Users\Amin\AppData\Local\Temp\cccRe5P8.s 			page 23


 1028 05f5 4359424C 		.ascii	"CYBLE_EVT_CTSS_NOTIFICATION_ENABLED\000"
 1028      455F4556 
 1028      545F4354 
 1028      53535F4E 
 1028      4F544946 
 1029              	.LASF49:
 1030 0619 4359424C 		.ascii	"CYBLE_EVT_BLSS_NOTIFICATION_DISABLED\000"
 1030      455F4556 
 1030      545F424C 
 1030      53535F4E 
 1030      4F544946 
 1031              	.LASF54:
 1032 063e 4359424C 		.ascii	"CYBLE_EVT_BLSC_WRITE_DESCR_RESPONSE\000"
 1032      455F4556 
 1032      545F424C 
 1032      53435F57 
 1032      52495445 
 1033              	.LASF66:
 1034 0662 4359424C 		.ascii	"CYBLE_EVT_CGMSC_WRITE_DESCR_RESPONSE\000"
 1034      455F4556 
 1034      545F4347 
 1034      4D53435F 
 1034      57524954 
 1035              	.LASF135:
 1036 0687 4359424C 		.ascii	"CYBLE_EVT_HTSS_INDICATION_ENABLED\000"
 1036      455F4556 
 1036      545F4854 
 1036      53535F49 
 1036      4E444943 
 1037              	.LASF157:
 1038 06a9 4359424C 		.ascii	"CYBLE_EVT_LNSC_READ_CHAR_RESPONSE\000"
 1038      455F4556 
 1038      545F4C4E 
 1038      53435F52 
 1038      4541445F 
 1039              	.LASF202:
 1040 06cb 4359424C 		.ascii	"CYBLE_EVT_UDSC_INDICATION\000"
 1040      455F4556 
 1040      545F5544 
 1040      53435F49 
 1040      4E444943 
 1041              	.LASF214:
 1042 06e5 75696E74 		.ascii	"uint32\000"
 1042      333200
 1043              	.LASF186:
 1044 06ec 4359424C 		.ascii	"CYBLE_EVT_SCPSS_SCAN_INT_WIN_CHAR_WRITE\000"
 1044      455F4556 
 1044      545F5343 
 1044      5053535F 
 1044      5343414E 
 1045              	.LASF87:
 1046 0714 4359424C 		.ascii	"CYBLE_EVT_CSCSS_CHAR_WRITE\000"
 1046      455F4556 
 1046      545F4353 
 1046      4353535F 
 1046      43484152 
 1047              	.LASF24:
ARM GAS  C:\Users\Amin\AppData\Local\Temp\cccRe5P8.s 			page 24


 1048 072f 4359424C 		.ascii	"CYBLE_EVT_GATTC_SRVC_DUPLICATION\000"
 1048      455F4556 
 1048      545F4741 
 1048      5454435F 
 1048      53525643 
 1049              	.LASF78:
 1050 0750 4359424C 		.ascii	"CYBLE_EVT_CPSC_WRITE_CHAR_RESPONSE\000"
 1050      455F4556 
 1050      545F4350 
 1050      53435F57 
 1050      52495445 
 1051              	.LASF84:
 1052 0773 4359424C 		.ascii	"CYBLE_EVT_CSCSS_INDICATION_ENABLED\000"
 1052      455F4556 
 1052      545F4353 
 1052      4353535F 
 1052      494E4449 
 1053              	.LASF72:
 1054 0796 4359424C 		.ascii	"CYBLE_EVT_CPSS_BROADCAST_ENABLED\000"
 1054      455F4556 
 1054      545F4350 
 1054      53535F42 
 1054      524F4144 
 1055              	.LASF16:
 1056 07b7 4359424C 		.ascii	"CYBLE_KEY_EXCHANGE_INFO_REQUEST_REPLY\000"
 1056      455F4B45 
 1056      595F4558 
 1056      4348414E 
 1056      47455F49 
 1057              	.LASF161:
 1058 07dd 4359424C 		.ascii	"CYBLE_EVT_NDCSC_READ_CHAR_RESPONSE\000"
 1058      455F4556 
 1058      545F4E44 
 1058      4353435F 
 1058      52454144 
 1059              	.LASF196:
 1060 0800 4359424C 		.ascii	"CYBLE_EVT_UDSS_INDICATION_ENABLED\000"
 1060      455F4556 
 1060      545F5544 
 1060      53535F49 
 1060      4E444943 
 1061              	.LASF82:
 1062 0822 4359424C 		.ascii	"CYBLE_EVT_CSCSS_NOTIFICATION_ENABLED\000"
 1062      455F4556 
 1062      545F4353 
 1062      4353535F 
 1062      4E4F5449 
 1063              	.LASF145:
 1064 0847 4359424C 		.ascii	"CYBLE_EVT_IASS_WRITE_CHAR_CMD\000"
 1064      455F4556 
 1064      545F4941 
 1064      53535F57 
 1064      52495445 
 1065              	.LASF138:
 1066 0865 4359424C 		.ascii	"CYBLE_EVT_HTSS_CHAR_WRITE\000"
 1066      455F4556 
 1066      545F4854 
ARM GAS  C:\Users\Amin\AppData\Local\Temp\cccRe5P8.s 			page 25


 1066      53535F43 
 1066      4841525F 
 1067              	.LASF149:
 1068 087f 4359424C 		.ascii	"CYBLE_EVT_LNSS_INDICATION_ENABLED\000"
 1068      455F4556 
 1068      545F4C4E 
 1068      53535F49 
 1068      4E444943 
 1069              	.LASF201:
 1070 08a1 4359424C 		.ascii	"CYBLE_EVT_UDSS_WRITE_CHAR\000"
 1070      455F4556 
 1070      545F5544 
 1070      53535F57 
 1070      52495445 
 1071              	.LASF8:
 1072 08bb 756E7369 		.ascii	"unsigned int\000"
 1072      676E6564 
 1072      20696E74 
 1072      00
 1073              	.LASF213:
 1074 08c8 453A5C32 		.ascii	"E:\\2016.05.27_BLE\\Final\\Cleint and Server-Periph"
 1074      3031362E 
 1074      30352E32 
 1074      375F424C 
 1074      455C4669 
 1075 08f8 6572616C 		.ascii	"eral.cydsn\000"
 1075      2E637964 
 1075      736E00
 1076              	.LASF137:
 1077 0903 4359424C 		.ascii	"CYBLE_EVT_HTSS_INDICATION_CONFIRMED\000"
 1077      455F4556 
 1077      545F4854 
 1077      53535F49 
 1077      4E444943 
 1078              	.LASF205:
 1079 0927 4359424C 		.ascii	"CYBLE_EVT_UDSC_WRITE_CHAR_RESPONSE\000"
 1079      455F4556 
 1079      545F5544 
 1079      53435F57 
 1079      52495445 
 1080              	.LASF162:
 1081 094a 4359424C 		.ascii	"CYBLE_EVT_PASSS_NOTIFICATION_ENABLED\000"
 1081      455F4556 
 1081      545F5041 
 1081      5353535F 
 1081      4E4F5449 
 1082              	.LASF48:
 1083 096f 4359424C 		.ascii	"CYBLE_EVT_BLSS_NOTIFICATION_ENABLED\000"
 1083      455F4556 
 1083      545F424C 
 1083      53535F4E 
 1083      4F544946 
 1084              	.LASF58:
 1085 0993 4359424C 		.ascii	"CYBLE_EVT_CGMSS_NOTIFICATION_ENABLED\000"
 1085      455F4556 
 1085      545F4347 
 1085      4D53535F 
ARM GAS  C:\Users\Amin\AppData\Local\Temp\cccRe5P8.s 			page 26


 1085      4E4F5449 
 1086              	.LASF80:
 1087 09b8 4359424C 		.ascii	"CYBLE_EVT_CPSC_WRITE_DESCR_RESPONSE\000"
 1087      455F4556 
 1087      545F4350 
 1087      53435F57 
 1087      52495445 
 1088              	.LASF109:
 1089 09dc 4359424C 		.ascii	"CYBLE_EVT_GLSC_READ_CHAR_RESPONSE\000"
 1089      455F4556 
 1089      545F474C 
 1089      53435F52 
 1089      4541445F 
 1090              	.LASF102:
 1091 09fe 4359424C 		.ascii	"CYBLE_EVT_GLSS_INDICATION_DISABLED\000"
 1091      455F4556 
 1091      545F474C 
 1091      53535F49 
 1091      4E444943 
 1092              	.LASF5:
 1093 0a21 6C6F6E67 		.ascii	"long unsigned int\000"
 1093      20756E73 
 1093      69676E65 
 1093      6420696E 
 1093      7400
 1094              	.LASF179:
 1095 0a33 4359424C 		.ascii	"CYBLE_EVT_RSCSC_WRITE_CHAR_RESPONSE\000"
 1095      455F4556 
 1095      545F5253 
 1095      4353435F 
 1095      57524954 
 1096              	.LASF203:
 1097 0a57 4359424C 		.ascii	"CYBLE_EVT_UDSC_NOTIFICATION\000"
 1097      455F4556 
 1097      545F5544 
 1097      53435F4E 
 1097      4F544946 
 1098              	.LASF153:
 1099 0a73 4359424C 		.ascii	"CYBLE_EVT_LNSS_NOTIFICATION_DISABLED\000"
 1099      455F4556 
 1099      545F4C4E 
 1099      53535F4E 
 1099      4F544946 
 1100              	.LASF81:
 1101 0a98 4359424C 		.ascii	"CYBLE_EVT_CPSC_SCAN_PROGRESS_RESULT\000"
 1101      455F4556 
 1101      545F4350 
 1101      53435F53 
 1101      43414E5F 
 1102              	.LASF206:
 1103 0abc 4359424C 		.ascii	"CYBLE_EVT_UDSC_READ_DESCR_RESPONSE\000"
 1103      455F4556 
 1103      545F5544 
 1103      53435F52 
 1103      4541445F 
 1104              	.LASF209:
 1105 0adf 6576656E 		.ascii	"event\000"
ARM GAS  C:\Users\Amin\AppData\Local\Temp\cccRe5P8.s 			page 27


 1105      7400
 1106              	.LASF130:
 1107 0ae5 4359424C 		.ascii	"CYBLE_EVT_HRSC_WRITE_CHAR_RESPONSE\000"
 1107      455F4556 
 1107      545F4852 
 1107      53435F57 
 1107      52495445 
 1108              	.LASF3:
 1109 0b08 73686F72 		.ascii	"short unsigned int\000"
 1109      7420756E 
 1109      7369676E 
 1109      65642069 
 1109      6E7400
 1110              	.LASF38:
 1111 0b1b 4359424C 		.ascii	"CYBLE_EVT_ANSC_WRITE_DESCR_RESPONSE\000"
 1111      455F4556 
 1111      545F414E 
 1111      53435F57 
 1111      52495445 
 1112              	.LASF167:
 1113 0b3f 4359424C 		.ascii	"CYBLE_EVT_PASSC_WRITE_CHAR_RESPONSE\000"
 1113      455F4556 
 1113      545F5041 
 1113      5353435F 
 1113      57524954 
 1114              	.LASF198:
 1115 0b63 4359424C 		.ascii	"CYBLE_EVT_UDSS_INDICATION_CONFIRMED\000"
 1115      455F4556 
 1115      545F5544 
 1115      53535F49 
 1115      4E444943 
 1116              	.LASF200:
 1117 0b87 4359424C 		.ascii	"CYBLE_EVT_UDSS_NOTIFICATION_DISABLED\000"
 1117      455F4556 
 1117      545F5544 
 1117      53535F4E 
 1117      4F544946 
 1118              	.LASF70:
 1119 0bac 4359424C 		.ascii	"CYBLE_EVT_CPSS_INDICATION_DISABLED\000"
 1119      455F4556 
 1119      545F4350 
 1119      53535F49 
 1119      4E444943 
 1120              	.LASF47:
 1121 0bcf 4359424C 		.ascii	"CYBLE_EVT_BLSS_INDICATION_CONFIRMED\000"
 1121      455F4556 
 1121      545F424C 
 1121      53535F49 
 1121      4E444943 
 1122              	.LASF57:
 1123 0bf3 4359424C 		.ascii	"CYBLE_EVT_CGMSS_INDICATION_CONFIRMED\000"
 1123      455F4556 
 1123      545F4347 
 1123      4D53535F 
 1123      494E4449 
 1124              	.LASF68:
 1125 0c18 4359424C 		.ascii	"CYBLE_EVT_CPSS_NOTIFICATION_DISABLED\000"
ARM GAS  C:\Users\Amin\AppData\Local\Temp\cccRe5P8.s 			page 28


 1125      455F4556 
 1125      545F4350 
 1125      53535F4E 
 1125      4F544946 
 1126              	.LASF62:
 1127 0c3d 4359424C 		.ascii	"CYBLE_EVT_CGMSC_NOTIFICATION\000"
 1127      455F4556 
 1127      545F4347 
 1127      4D53435F 
 1127      4E4F5449 
 1128              	.LASF131:
 1129 0c5a 4359424C 		.ascii	"CYBLE_EVT_HRSC_READ_DESCR_RESPONSE\000"
 1129      455F4556 
 1129      545F4852 
 1129      53435F52 
 1129      4541445F 
 1130              	.LASF67:
 1131 0c7d 4359424C 		.ascii	"CYBLE_EVT_CPSS_NOTIFICATION_ENABLED\000"
 1131      455F4556 
 1131      545F4350 
 1131      53535F4E 
 1131      4F544946 
 1132              	.LASF155:
 1133 0ca1 4359424C 		.ascii	"CYBLE_EVT_LNSC_INDICATION\000"
 1133      455F4556 
 1133      545F4C4E 
 1133      53435F49 
 1133      4E444943 
 1134              	.LASF168:
 1135 0cbb 4359424C 		.ascii	"CYBLE_EVT_PASSC_READ_DESCR_RESPONSE\000"
 1135      455F4556 
 1135      545F5041 
 1135      5353435F 
 1135      52454144 
 1136              	.LASF176:
 1137 0cdf 4359424C 		.ascii	"CYBLE_EVT_RSCSC_NOTIFICATION\000"
 1137      455F4556 
 1137      545F5253 
 1137      4353435F 
 1137      4E4F5449 
 1138              	.LASF76:
 1139 0cfc 4359424C 		.ascii	"CYBLE_EVT_CPSC_INDICATION\000"
 1139      455F4556 
 1139      545F4350 
 1139      53435F49 
 1139      4E444943 
 1140              	.LASF188:
 1141 0d16 4359424C 		.ascii	"CYBLE_EVT_SCPSC_READ_DESCR_RESPONSE\000"
 1141      455F4556 
 1141      545F5343 
 1141      5053435F 
 1141      52454144 
 1142              	.LASF30:
 1143 0d3a 4359424C 		.ascii	"CYBLE_EVT_GATTC_DISCOVERY_COMPLETE\000"
 1143      455F4556 
 1143      545F4741 
 1143      5454435F 
ARM GAS  C:\Users\Amin\AppData\Local\Temp\cccRe5P8.s 			page 29


 1143      44495343 
 1144              	.LASF208:
 1145 0d5d 4359424C 		.ascii	"CYBLE_DEBUG_EVT_BLESS_INT\000"
 1145      455F4445 
 1145      4255475F 
 1145      4556545F 
 1145      424C4553 
 1146              	.LASF108:
 1147 0d77 4359424C 		.ascii	"CYBLE_EVT_GLSC_NOTIFICATION\000"
 1147      455F4556 
 1147      545F474C 
 1147      53435F4E 
 1147      4F544946 
 1148              	.LASF197:
 1149 0d93 4359424C 		.ascii	"CYBLE_EVT_UDSS_INDICATION_DISABLED\000"
 1149      455F4556 
 1149      545F5544 
 1149      53535F49 
 1149      4E444943 
 1150              	.LASF194:
 1151 0db6 4359424C 		.ascii	"CYBLE_EVT_TPSC_READ_DESCR_RESPONSE\000"
 1151      455F4556 
 1151      545F5450 
 1151      53435F52 
 1151      4541445F 
 1152              	.LASF19:
 1153 0dd9 4359424C 		.ascii	"CYBLE_EVT_GATTC_INDICATION\000"
 1153      455F4556 
 1153      545F4741 
 1153      5454435F 
 1153      494E4449 
 1154              	.LASF22:
 1155 0df4 4359424C 		.ascii	"CYBLE_EVT_GATTC_CHAR_DISCOVERY_FAILED\000"
 1155      455F4556 
 1155      545F4741 
 1155      5454435F 
 1155      43484152 
 1156              	.LASF159:
 1157 0e1a 4359424C 		.ascii	"CYBLE_EVT_LNSC_READ_DESCR_RESPONSE\000"
 1157      455F4556 
 1157      545F4C4E 
 1157      53435F52 
 1157      4541445F 
 1158              	.LASF191:
 1159 0e3d 4359424C 		.ascii	"CYBLE_EVT_TPSS_NOTIFICATION_DISABLED\000"
 1159      455F4556 
 1159      545F5450 
 1159      53535F4E 
 1159      4F544946 
 1160              	.LASF34:
 1161 0e62 4359424C 		.ascii	"CYBLE_EVT_ANSC_NOTIFICATION\000"
 1161      455F4556 
 1161      545F414E 
 1161      53435F4E 
 1161      4F544946 
 1162              	.LASF65:
 1163 0e7e 4359424C 		.ascii	"CYBLE_EVT_CGMSC_READ_DESCR_RESPONSE\000"
ARM GAS  C:\Users\Amin\AppData\Local\Temp\cccRe5P8.s 			page 30


 1163      455F4556 
 1163      545F4347 
 1163      4D53435F 
 1163      52454144 
 1164              	.LASF12:
 1165 0ea2 73697A65 		.ascii	"sizetype\000"
 1165      74797065 
 1165      00
 1166              	.LASF124:
 1167 0eab 4359424C 		.ascii	"CYBLE_EVT_HIDSC_WRITE_DESCR_RESPONSE\000"
 1167      455F4556 
 1167      545F4849 
 1167      4453435F 
 1167      57524954 
 1168              	.LASF43:
 1169 0ed0 4359424C 		.ascii	"CYBLE_EVT_BASC_READ_DESCR_RESPONSE\000"
 1169      455F4556 
 1169      545F4241 
 1169      53435F52 
 1169      4541445F 
 1170              	.LASF71:
 1171 0ef3 4359424C 		.ascii	"CYBLE_EVT_CPSS_INDICATION_CONFIRMED\000"
 1171      455F4556 
 1171      545F4350 
 1171      53535F49 
 1171      4E444943 
 1172              	.LASF28:
 1173 0f17 4359424C 		.ascii	"CYBLE_EVT_GATTC_INCL_DISCOVERY_COMPLETE\000"
 1173      455F4556 
 1173      545F4741 
 1173      5454435F 
 1173      494E434C 
 1174              	.LASF183:
 1175 0f3f 4359424C 		.ascii	"CYBLE_EVT_RTUSC_READ_CHAR_RESPONSE\000"
 1175      455F4556 
 1175      545F5254 
 1175      5553435F 
 1175      52454144 
 1176              	.LASF190:
 1177 0f62 4359424C 		.ascii	"CYBLE_EVT_TPSS_NOTIFICATION_ENABLED\000"
 1177      455F4556 
 1177      545F5450 
 1177      53535F4E 
 1177      4F544946 
 1178              	.LASF26:
 1179 0f86 4359424C 		.ascii	"CYBLE_EVT_GATTC_DESCR_DUPLICATION\000"
 1179      455F4556 
 1179      545F4741 
 1179      5454435F 
 1179      44455343 
 1180              	.LASF144:
 1181 0fa8 4359424C 		.ascii	"CYBLE_EVT_HTSC_WRITE_DESCR_RESPONSE\000"
 1181      455F4556 
 1181      545F4854 
 1181      53435F57 
 1181      52495445 
 1182              	.LASF122:
ARM GAS  C:\Users\Amin\AppData\Local\Temp\cccRe5P8.s 			page 31


 1183 0fcc 4359424C 		.ascii	"CYBLE_EVT_HIDSC_WRITE_CHAR_RESPONSE\000"
 1183      455F4556 
 1183      545F4849 
 1183      4453435F 
 1183      57524954 
 1184              	.LASF207:
 1185 0ff0 4359424C 		.ascii	"CYBLE_EVT_UDSC_WRITE_DESCR_RESPONSE\000"
 1185      455F4556 
 1185      545F5544 
 1185      53435F57 
 1185      52495445 
 1186              	.LASF56:
 1187 1014 4359424C 		.ascii	"CYBLE_EVT_CGMSS_INDICATION_DISABLED\000"
 1187      455F4556 
 1187      545F4347 
 1187      4D53535F 
 1187      494E4449 
 1188              	.LASF50:
 1189 1038 4359424C 		.ascii	"CYBLE_EVT_BLSC_INDICATION\000"
 1189      455F4556 
 1189      545F424C 
 1189      53435F49 
 1189      4E444943 
 1190              	.LASF156:
 1191 1052 4359424C 		.ascii	"CYBLE_EVT_LNSC_NOTIFICATION\000"
 1191      455F4556 
 1191      545F4C4E 
 1191      53435F4E 
 1191      4F544946 
 1192              	.LASF185:
 1193 106e 4359424C 		.ascii	"CYBLE_EVT_SCPSS_NOTIFICATION_DISABLED\000"
 1193      455F4556 
 1193      545F5343 
 1193      5053535F 
 1193      4E4F5449 
 1194              	.LASF17:
 1195 1094 4359424C 		.ascii	"CYBLE_EVT_GATTS_INDICATION_ENABLED\000"
 1195      455F4556 
 1195      545F4741 
 1195      5454535F 
 1195      494E4449 
 1196              	.LASF215:
 1197 10b7 42617353 		.ascii	"BasServiceAppEventHandler\000"
 1197      65727669 
 1197      63654170 
 1197      70457665 
 1197      6E744861 
 1198              	.LASF146:
 1199 10d1 4359424C 		.ascii	"CYBLE_EVT_LLSS_WRITE_CHAR_REQ\000"
 1199      455F4556 
 1199      545F4C4C 
 1199      53535F57 
 1199      52495445 
 1200              	.LASF77:
 1201 10ef 4359424C 		.ascii	"CYBLE_EVT_CPSC_READ_CHAR_RESPONSE\000"
 1201      455F4556 
 1201      545F4350 
ARM GAS  C:\Users\Amin\AppData\Local\Temp\cccRe5P8.s 			page 32


 1201      53435F52 
 1201      4541445F 
 1202              	.LASF53:
 1203 1111 4359424C 		.ascii	"CYBLE_EVT_BLSC_READ_DESCR_RESPONSE\000"
 1203      455F4556 
 1203      545F424C 
 1203      53435F52 
 1203      4541445F 
 1204              	.LASF25:
 1205 1134 4359424C 		.ascii	"CYBLE_EVT_GATTC_CHAR_DUPLICATION\000"
 1205      455F4556 
 1205      545F4741 
 1205      5454435F 
 1205      43484152 
 1206              	.LASF73:
 1207 1155 4359424C 		.ascii	"CYBLE_EVT_CPSS_BROADCAST_DISABLED\000"
 1207      455F4556 
 1207      545F4350 
 1207      53535F42 
 1207      524F4144 
 1208              	.LASF123:
 1209 1177 4359424C 		.ascii	"CYBLE_EVT_HIDSC_READ_DESCR_RESPONSE\000"
 1209      455F4556 
 1209      545F4849 
 1209      4453435F 
 1209      52454144 
 1210              	.LASF211:
 1211 119b 474E5520 		.ascii	"GNU C 4.8.4 20140526 (release) [ARM/embedded-4_8-br"
 1211      4320342E 
 1211      382E3420 
 1211      32303134 
 1211      30353236 
 1212 11ce 616E6368 		.ascii	"anch revision 211358] -mcpu=cortex-m0 -mthumb -g -O"
 1212      20726576 
 1212      6973696F 
 1212      6E203231 
 1212      31333538 
 1213 1201 30202D66 		.ascii	"0 -ffunction-sections\000"
 1213      66756E63 
 1213      74696F6E 
 1213      2D736563 
 1213      74696F6E 
 1214              	.LASF104:
 1215 1217 4359424C 		.ascii	"CYBLE_EVT_GLSS_NOTIFICATION_ENABLED\000"
 1215      455F4556 
 1215      545F474C 
 1215      53535F4E 
 1215      4F544946 
 1216              	.LASF132:
 1217 123b 4359424C 		.ascii	"CYBLE_EVT_HRSC_WRITE_DESCR_RESPONSE\000"
 1217      455F4556 
 1217      545F4852 
 1217      53435F57 
 1217      52495445 
 1218              	.LASF166:
 1219 125f 4359424C 		.ascii	"CYBLE_EVT_PASSC_READ_CHAR_RESPONSE\000"
 1219      455F4556 
ARM GAS  C:\Users\Amin\AppData\Local\Temp\cccRe5P8.s 			page 33


 1219      545F5041 
 1219      5353435F 
 1219      52454144 
 1220              	.LASF173:
 1221 1282 4359424C 		.ascii	"CYBLE_EVT_RSCSS_INDICATION_DISABLED\000"
 1221      455F4556 
 1221      545F5253 
 1221      4353535F 
 1221      494E4449 
 1222              	.LASF29:
 1223 12a6 4359424C 		.ascii	"CYBLE_EVT_GATTC_CHAR_DISCOVERY_COMPLETE\000"
 1223      455F4556 
 1223      545F4741 
 1223      5454435F 
 1223      43484152 
 1224              	.LASF89:
 1225 12ce 4359424C 		.ascii	"CYBLE_EVT_CSCSC_INDICATION\000"
 1225      455F4556 
 1225      545F4353 
 1225      4353435F 
 1225      494E4449 
 1226              	.LASF140:
 1227 12e9 4359424C 		.ascii	"CYBLE_EVT_HTSC_INDICATION\000"
 1227      455F4556 
 1227      545F4854 
 1227      53435F49 
 1227      4E444943 
 1228              	.LASF112:
 1229 1303 4359424C 		.ascii	"CYBLE_EVT_GLSC_WRITE_DESCR_RESPONSE\000"
 1229      455F4556 
 1229      545F474C 
 1229      53435F57 
 1229      52495445 
 1230              	.LASF79:
 1231 1327 4359424C 		.ascii	"CYBLE_EVT_CPSC_READ_DESCR_RESPONSE\000"
 1231      455F4556 
 1231      545F4350 
 1231      53435F52 
 1231      4541445F 
 1232              	.LASF133:
 1233 134a 4359424C 		.ascii	"CYBLE_EVT_HTSS_NOTIFICATION_ENABLED\000"
 1233      455F4556 
 1233      545F4854 
 1233      53535F4E 
 1233      4F544946 
 1234              	.LASF88:
 1235 136e 4359424C 		.ascii	"CYBLE_EVT_CSCSC_NOTIFICATION\000"
 1235      455F4556 
 1235      545F4353 
 1235      4353435F 
 1235      4E4F5449 
 1236              	.LASF111:
 1237 138b 4359424C 		.ascii	"CYBLE_EVT_GLSC_READ_DESCR_RESPONSE\000"
 1237      455F4556 
 1237      545F474C 
 1237      53435F52 
 1237      4541445F 
ARM GAS  C:\Users\Amin\AppData\Local\Temp\cccRe5P8.s 			page 34


 1238              	.LASF1:
 1239 13ae 756E7369 		.ascii	"unsigned char\000"
 1239      676E6564 
 1239      20636861 
 1239      7200
 1240              	.LASF199:
 1241 13bc 4359424C 		.ascii	"CYBLE_EVT_UDSS_NOTIFICATION_ENABLED\000"
 1241      455F4556 
 1241      545F5544 
 1241      53535F4E 
 1241      4F544946 
 1242              	.LASF107:
 1243 13e0 4359424C 		.ascii	"CYBLE_EVT_GLSC_INDICATION\000"
 1243      455F4556 
 1243      545F474C 
 1243      53435F49 
 1243      4E444943 
 1244              	.LASF2:
 1245 13fa 73686F72 		.ascii	"short int\000"
 1245      7420696E 
 1245      7400
 1246              	.LASF204:
 1247 1404 4359424C 		.ascii	"CYBLE_EVT_UDSC_READ_CHAR_RESPONSE\000"
 1247      455F4556 
 1247      545F5544 
 1247      53435F52 
 1247      4541445F 
 1248              	.LASF41:
 1249 1426 4359424C 		.ascii	"CYBLE_EVT_BASC_NOTIFICATION\000"
 1249      455F4556 
 1249      545F4241 
 1249      53435F4E 
 1249      4F544946 
 1250              	.LASF46:
 1251 1442 4359424C 		.ascii	"CYBLE_EVT_BLSS_INDICATION_DISABLED\000"
 1251      455F4556 
 1251      545F424C 
 1251      53535F49 
 1251      4E444943 
 1252              	.LASF75:
 1253 1465 4359424C 		.ascii	"CYBLE_EVT_CPSC_NOTIFICATION\000"
 1253      455F4556 
 1253      545F4350 
 1253      53435F4E 
 1253      4F544946 
 1254              	.LASF160:
 1255 1481 4359424C 		.ascii	"CYBLE_EVT_LNSC_WRITE_DESCR_RESPONSE\000"
 1255      455F4556 
 1255      545F4C4E 
 1255      53435F57 
 1255      52495445 
 1256              	.LASF86:
 1257 14a5 4359424C 		.ascii	"CYBLE_EVT_CSCSS_INDICATION_CONFIRMATION\000"
 1257      455F4556 
 1257      545F4353 
 1257      4353535F 
 1257      494E4449 
ARM GAS  C:\Users\Amin\AppData\Local\Temp\cccRe5P8.s 			page 35


 1258              	.LASF114:
 1259 14cd 4359424C 		.ascii	"CYBLE_EVT_HIDSS_NOTIFICATION_DISABLED\000"
 1259      455F4556 
 1259      545F4849 
 1259      4453535F 
 1259      4E4F5449 
 1260              	.LASF40:
 1261 14f3 4359424C 		.ascii	"CYBLE_EVT_BASS_NOTIFICATION_DISABLED\000"
 1261      455F4556 
 1261      545F4241 
 1261      53535F4E 
 1261      4F544946 
 1262              	.LASF119:
 1263 1518 4359424C 		.ascii	"CYBLE_EVT_HIDSS_REPORT_CHAR_WRITE\000"
 1263      455F4556 
 1263      545F4849 
 1263      4453535F 
 1263      5245504F 
 1264              	.LASF115:
 1265 153a 4359424C 		.ascii	"CYBLE_EVT_HIDSS_BOOT_MODE_ENTER\000"
 1265      455F4556 
 1265      545F4849 
 1265      4453535F 
 1265      424F4F54 
 1266              	.LASF52:
 1267 155a 4359424C 		.ascii	"CYBLE_EVT_BLSC_READ_CHAR_RESPONSE\000"
 1267      455F4556 
 1267      545F424C 
 1267      53435F52 
 1267      4541445F 
 1268              	.LASF51:
 1269 157c 4359424C 		.ascii	"CYBLE_EVT_BLSC_NOTIFICATION\000"
 1269      455F4556 
 1269      545F424C 
 1269      53435F4E 
 1269      4F544946 
 1270              	.LASF69:
 1271 1598 4359424C 		.ascii	"CYBLE_EVT_CPSS_INDICATION_ENABLED\000"
 1271      455F4556 
 1271      545F4350 
 1271      53535F49 
 1271      4E444943 
 1272              	.LASF59:
 1273 15ba 4359424C 		.ascii	"CYBLE_EVT_CGMSS_NOTIFICATION_DISABLED\000"
 1273      455F4556 
 1273      545F4347 
 1273      4D53535F 
 1273      4E4F5449 
 1274              	.LASF212:
 1275 15e0 2E5C6261 		.ascii	".\\bas.c\000"
 1275      732E6300 
 1276              	.LASF23:
 1277 15e8 4359424C 		.ascii	"CYBLE_EVT_GATTC_DESCR_DISCOVERY_FAILED\000"
 1277      455F4556 
 1277      545F4741 
 1277      5454435F 
 1277      44455343 
ARM GAS  C:\Users\Amin\AppData\Local\Temp\cccRe5P8.s 			page 36


 1278              	.LASF9:
 1279 160f 666C6F61 		.ascii	"float\000"
 1279      7400
 1280              	.LASF11:
 1281 1615 63686172 		.ascii	"char\000"
 1281      00
 1282              	.LASF148:
 1283 161a 4359424C 		.ascii	"CYBLE_EVT_LLSC_WRITE_CHAR_RESPONSE\000"
 1283      455F4556 
 1283      545F4C4C 
 1283      53435F57 
 1283      52495445 
 1284              	.LASF33:
 1285 163d 4359424C 		.ascii	"CYBLE_EVT_ANSS_CHAR_WRITE\000"
 1285      455F4556 
 1285      545F414E 
 1285      53535F43 
 1285      4841525F 
 1286              	.LASF63:
 1287 1657 4359424C 		.ascii	"CYBLE_EVT_CGMSC_READ_CHAR_RESPONSE\000"
 1287      455F4556 
 1287      545F4347 
 1287      4D53435F 
 1287      52454144 
 1288              	.LASF15:
 1289 167a 4359424C 		.ascii	"CYBLE_LONG_TERM_KEY_REQUEST_REPLY\000"
 1289      455F4C4F 
 1289      4E475F54 
 1289      45524D5F 
 1289      4B45595F 
 1290              	.LASF14:
 1291 169c 4359424C 		.ascii	"CYBLE_PASSKEY_ENTRY_REQUEST_REPLY\000"
 1291      455F5041 
 1291      53534B45 
 1291      595F454E 
 1291      5452595F 
 1292              	.LASF31:
 1293 16be 4359424C 		.ascii	"CYBLE_EVT_ANSS_NOTIFICATION_ENABLED\000"
 1293      455F4556 
 1293      545F414E 
 1293      53535F4E 
 1293      4F544946 
 1294              	.LASF45:
 1295 16e2 4359424C 		.ascii	"CYBLE_EVT_BLSS_INDICATION_ENABLED\000"
 1295      455F4556 
 1295      545F424C 
 1295      53535F49 
 1295      4E444943 
 1296              	.LASF174:
 1297 1704 4359424C 		.ascii	"CYBLE_EVT_RSCSS_INDICATION_CONFIRMATION\000"
 1297      455F4556 
 1297      545F5253 
 1297      4353535F 
 1297      494E4449 
 1298              	.LASF121:
 1299 172c 4359424C 		.ascii	"CYBLE_EVT_HIDSC_READ_CHAR_RESPONSE\000"
 1299      455F4556 
ARM GAS  C:\Users\Amin\AppData\Local\Temp\cccRe5P8.s 			page 37


 1299      545F4849 
 1299      4453435F 
 1299      52454144 
 1300              	.LASF154:
 1301 174f 4359424C 		.ascii	"CYBLE_EVT_LNSS_WRITE_CHAR\000"
 1301      455F4556 
 1301      545F4C4E 
 1301      53535F57 
 1301      52495445 
 1302              	.LASF181:
 1303 1769 4359424C 		.ascii	"CYBLE_EVT_RSCSC_WRITE_DESCR_RESPONSE\000"
 1303      455F4556 
 1303      545F5253 
 1303      4353435F 
 1303      57524954 
 1304              	.LASF129:
 1305 178e 4359424C 		.ascii	"CYBLE_EVT_HRSC_READ_CHAR_RESPONSE\000"
 1305      455F4556 
 1305      545F4852 
 1305      53435F52 
 1305      4541445F 
 1306              	.LASF142:
 1307 17b0 4359424C 		.ascii	"CYBLE_EVT_HTSC_WRITE_CHAR_RESPONSE\000"
 1307      455F4556 
 1307      545F4854 
 1307      53435F57 
 1307      52495445 
 1308              	.LASF27:
 1309 17d3 4359424C 		.ascii	"CYBLE_EVT_GATTC_SRVC_DISCOVERY_COMPLETE\000"
 1309      455F4556 
 1309      545F4741 
 1309      5454435F 
 1309      53525643 
 1310              	.LASF180:
 1311 17fb 4359424C 		.ascii	"CYBLE_EVT_RSCSC_READ_DESCR_RESPONSE\000"
 1311      455F4556 
 1311      545F5253 
 1311      4353435F 
 1311      52454144 
 1312              	.LASF74:
 1313 181f 4359424C 		.ascii	"CYBLE_EVT_CPSS_CHAR_WRITE\000"
 1313      455F4556 
 1313      545F4350 
 1313      53535F43 
 1313      4841525F 
 1314              	.LASF99:
 1315 1839 4359424C 		.ascii	"CYBLE_EVT_CTSC_WRITE_DESCR_RESPONSE\000"
 1315      455F4556 
 1315      545F4354 
 1315      53435F57 
 1315      52495445 
 1316              	.LASF83:
 1317 185d 4359424C 		.ascii	"CYBLE_EVT_CSCSS_NOTIFICATION_DISABLED\000"
 1317      455F4556 
 1317      545F4353 
 1317      4353535F 
 1317      4E4F5449 
ARM GAS  C:\Users\Amin\AppData\Local\Temp\cccRe5P8.s 			page 38


 1318              	.LASF113:
 1319 1883 4359424C 		.ascii	"CYBLE_EVT_HIDSS_NOTIFICATION_ENABLED\000"
 1319      455F4556 
 1319      545F4849 
 1319      4453535F 
 1319      4E4F5449 
 1320              	.LASF96:
 1321 18a8 4359424C 		.ascii	"CYBLE_EVT_CTSC_NOTIFICATION\000"
 1321      455F4556 
 1321      545F4354 
 1321      53435F4E 
 1321      4F544946 
 1322              	.LASF143:
 1323 18c4 4359424C 		.ascii	"CYBLE_EVT_HTSC_READ_DESCR_RESPONSE\000"
 1323      455F4556 
 1323      545F4854 
 1323      53435F52 
 1323      4541445F 
 1324              	.LASF210:
 1325 18e7 6576656E 		.ascii	"eventParam\000"
 1325      74506172 
 1325      616D00
 1326              	.LASF35:
 1327 18f2 4359424C 		.ascii	"CYBLE_EVT_ANSC_READ_CHAR_RESPONSE\000"
 1327      455F4556 
 1327      545F414E 
 1327      53435F52 
 1327      4541445F 
 1328              	.LASF163:
 1329 1914 4359424C 		.ascii	"CYBLE_EVT_PASSS_NOTIFICATION_DISABLED\000"
 1329      455F4556 
 1329      545F5041 
 1329      5353535F 
 1329      4E4F5449 
 1330              	.LASF170:
 1331 193a 4359424C 		.ascii	"CYBLE_EVT_RSCSS_NOTIFICATION_ENABLED\000"
 1331      455F4556 
 1331      545F5253 
 1331      4353535F 
 1331      4E4F5449 
 1332              	.LASF147:
 1333 195f 4359424C 		.ascii	"CYBLE_EVT_LLSC_READ_CHAR_RESPONSE\000"
 1333      455F4556 
 1333      545F4C4C 
 1333      53435F52 
 1333      4541445F 
 1334              	.LASF126:
 1335 1981 4359424C 		.ascii	"CYBLE_EVT_HRSS_NOTIFICATION_ENABLED\000"
 1335      455F4556 
 1335      545F4852 
 1335      53535F4E 
 1335      4F544946 
 1336              	.LASF125:
 1337 19a5 4359424C 		.ascii	"CYBLE_EVT_HRSS_ENERGY_EXPENDED_RESET\000"
 1337      455F4556 
 1337      545F4852 
 1337      53535F45 
ARM GAS  C:\Users\Amin\AppData\Local\Temp\cccRe5P8.s 			page 39


 1337      4E455247 
 1338              	.LASF189:
 1339 19ca 4359424C 		.ascii	"CYBLE_EVT_SCPSC_WRITE_DESCR_RESPONSE\000"
 1339      455F4556 
 1339      545F5343 
 1339      5053435F 
 1339      57524954 
 1340              	.LASF42:
 1341 19ef 4359424C 		.ascii	"CYBLE_EVT_BASC_READ_CHAR_RESPONSE\000"
 1341      455F4556 
 1341      545F4241 
 1341      53435F52 
 1341      4541445F 
 1342              	.LASF100:
 1343 1a11 4359424C 		.ascii	"CYBLE_EVT_DISC_READ_CHAR_RESPONSE\000"
 1343      455F4556 
 1343      545F4449 
 1343      53435F52 
 1343      4541445F 
 1344              	.LASF95:
 1345 1a33 4359424C 		.ascii	"CYBLE_EVT_CTSS_NOTIFICATION_DISABLED\000"
 1345      455F4556 
 1345      545F4354 
 1345      53535F4E 
 1345      4F544946 
 1346              	.LASF178:
 1347 1a58 4359424C 		.ascii	"CYBLE_EVT_RSCSC_READ_CHAR_RESPONSE\000"
 1347      455F4556 
 1347      545F5253 
 1347      4353435F 
 1347      52454144 
 1348              	.LASF105:
 1349 1a7b 4359424C 		.ascii	"CYBLE_EVT_GLSS_NOTIFICATION_DISABLED\000"
 1349      455F4556 
 1349      545F474C 
 1349      53535F4E 
 1349      4F544946 
 1350              	.LASF118:
 1351 1aa0 4359424C 		.ascii	"CYBLE_EVT_HIDSS_EXIT_SUSPEND\000"
 1351      455F4556 
 1351      545F4849 
 1351      4453535F 
 1351      45584954 
 1352              	.LASF136:
 1353 1abd 4359424C 		.ascii	"CYBLE_EVT_HTSS_INDICATION_DISABLED\000"
 1353      455F4556 
 1353      545F4854 
 1353      53535F49 
 1353      4E444943 
 1354              	.LASF21:
 1355 1ae0 4359424C 		.ascii	"CYBLE_EVT_GATTC_INCL_DISCOVERY_FAILED\000"
 1355      455F4556 
 1355      545F4741 
 1355      5454435F 
 1355      494E434C 
 1356              	.LASF116:
 1357 1b06 4359424C 		.ascii	"CYBLE_EVT_HIDSS_REPORT_MODE_ENTER\000"
ARM GAS  C:\Users\Amin\AppData\Local\Temp\cccRe5P8.s 			page 40


 1357      455F4556 
 1357      545F4849 
 1357      4453535F 
 1357      5245504F 
 1358              	.LASF177:
 1359 1b28 4359424C 		.ascii	"CYBLE_EVT_RSCSC_INDICATION\000"
 1359      455F4556 
 1359      545F5253 
 1359      4353435F 
 1359      494E4449 
 1360              	.LASF91:
 1361 1b43 4359424C 		.ascii	"CYBLE_EVT_CSCSC_WRITE_CHAR_RESPONSE\000"
 1361      455F4556 
 1361      545F4353 
 1361      4353435F 
 1361      57524954 
 1362              	.LASF10:
 1363 1b67 646F7562 		.ascii	"double\000"
 1363      6C6500
 1364              	.LASF184:
 1365 1b6e 4359424C 		.ascii	"CYBLE_EVT_SCPSS_NOTIFICATION_ENABLED\000"
 1365      455F4556 
 1365      545F5343 
 1365      5053535F 
 1365      4E4F5449 
 1366              		.ident	"GCC: (GNU Tools for ARM Embedded Processors) 4.8.4 20140526 (release) [ARM/embedded-4_8-br
