ARM GAS  C:\Users\Amin\AppData\Local\Temp\ccTUWWsi.s 			page 1


   1              		.cpu cortex-m0
   2              		.fpu softvfp
   3              		.eabi_attribute 20, 1
   4              		.eabi_attribute 21, 1
   5              		.eabi_attribute 23, 3
   6              		.eabi_attribute 24, 1
   7              		.eabi_attribute 25, 1
   8              		.eabi_attribute 26, 1
   9              		.eabi_attribute 30, 6
  10              		.eabi_attribute 34, 0
  11              		.eabi_attribute 18, 4
  12              		.code	16
  13              		.file	"cyfitter_cfg.c"
  14              		.text
  15              	.Ltext0:
  16              		.cfi_sections	.debug_frame
  17              		.section	.text.CYMEMZERO,"ax",%progbits
  18              		.align	2
  19              		.code	16
  20              		.thumb_func
  21              		.type	CYMEMZERO, %function
  22              	CYMEMZERO:
  23              	.LFB2:
  24              		.file 1 ".\\Generated_Source\\PSoC4\\cyfitter_cfg.c"
   1:.\Generated_Source\PSoC4/cyfitter_cfg.c **** /*******************************************************************************
   2:.\Generated_Source\PSoC4/cyfitter_cfg.c **** * FILENAME: cyfitter_cfg.c
   3:.\Generated_Source\PSoC4/cyfitter_cfg.c **** * 
   4:.\Generated_Source\PSoC4/cyfitter_cfg.c **** * PSoC Creator  3.2
   5:.\Generated_Source\PSoC4/cyfitter_cfg.c **** *
   6:.\Generated_Source\PSoC4/cyfitter_cfg.c **** * DESCRIPTION:
   7:.\Generated_Source\PSoC4/cyfitter_cfg.c **** * This file contains device initialization code.
   8:.\Generated_Source\PSoC4/cyfitter_cfg.c **** * Except for the user defined sections in CyClockStartupError(), this file should not be modified.
   9:.\Generated_Source\PSoC4/cyfitter_cfg.c **** * This file is automatically generated by PSoC Creator.
  10:.\Generated_Source\PSoC4/cyfitter_cfg.c **** *
  11:.\Generated_Source\PSoC4/cyfitter_cfg.c **** ********************************************************************************
  12:.\Generated_Source\PSoC4/cyfitter_cfg.c **** * Copyright (c) 2007-2015 Cypress Semiconductor.  All rights reserved.
  13:.\Generated_Source\PSoC4/cyfitter_cfg.c **** * You may use this file only in accordance with the license, terms, conditions, 
  14:.\Generated_Source\PSoC4/cyfitter_cfg.c **** * disclaimers, and limitations in the end user license agreement accompanying 
  15:.\Generated_Source\PSoC4/cyfitter_cfg.c **** * the software package with which this file was provided.
  16:.\Generated_Source\PSoC4/cyfitter_cfg.c **** ********************************************************************************/
  17:.\Generated_Source\PSoC4/cyfitter_cfg.c **** 
  18:.\Generated_Source\PSoC4/cyfitter_cfg.c **** #include <string.h>
  19:.\Generated_Source\PSoC4/cyfitter_cfg.c **** #include "cytypes.h"
  20:.\Generated_Source\PSoC4/cyfitter_cfg.c **** #include "cydevice_trm.h"
  21:.\Generated_Source\PSoC4/cyfitter_cfg.c **** #include "cyfitter.h"
  22:.\Generated_Source\PSoC4/cyfitter_cfg.c **** #include "CyLib.h"
  23:.\Generated_Source\PSoC4/cyfitter_cfg.c **** #include "cyfitter_cfg.h"
  24:.\Generated_Source\PSoC4/cyfitter_cfg.c **** 
  25:.\Generated_Source\PSoC4/cyfitter_cfg.c **** 
  26:.\Generated_Source\PSoC4/cyfitter_cfg.c **** #if defined(__GNUC__) || defined(__ARMCC_VERSION)
  27:.\Generated_Source\PSoC4/cyfitter_cfg.c ****     #define CYPACKED 
  28:.\Generated_Source\PSoC4/cyfitter_cfg.c ****     #define CYPACKED_ATTR __attribute__ ((packed))
  29:.\Generated_Source\PSoC4/cyfitter_cfg.c ****     #define CYALIGNED __attribute__ ((aligned))
  30:.\Generated_Source\PSoC4/cyfitter_cfg.c ****     #define CY_CFG_UNUSED __attribute__ ((unused))
  31:.\Generated_Source\PSoC4/cyfitter_cfg.c ****     #define CY_CFG_SECTION __attribute__ ((section(".psocinit")))
  32:.\Generated_Source\PSoC4/cyfitter_cfg.c ****     
  33:.\Generated_Source\PSoC4/cyfitter_cfg.c ****     #if defined(__ARMCC_VERSION)
ARM GAS  C:\Users\Amin\AppData\Local\Temp\ccTUWWsi.s 			page 2


  34:.\Generated_Source\PSoC4/cyfitter_cfg.c ****         #define CY_CFG_MEMORY_BARRIER() __memory_changed()
  35:.\Generated_Source\PSoC4/cyfitter_cfg.c ****     #else
  36:.\Generated_Source\PSoC4/cyfitter_cfg.c ****         #define CY_CFG_MEMORY_BARRIER() __sync_synchronize()
  37:.\Generated_Source\PSoC4/cyfitter_cfg.c ****     #endif
  38:.\Generated_Source\PSoC4/cyfitter_cfg.c ****     
  39:.\Generated_Source\PSoC4/cyfitter_cfg.c **** #elif defined(__ICCARM__)
  40:.\Generated_Source\PSoC4/cyfitter_cfg.c ****     #include <intrinsics.h>
  41:.\Generated_Source\PSoC4/cyfitter_cfg.c **** 
  42:.\Generated_Source\PSoC4/cyfitter_cfg.c ****     #define CYPACKED __packed
  43:.\Generated_Source\PSoC4/cyfitter_cfg.c ****     #define CYPACKED_ATTR 
  44:.\Generated_Source\PSoC4/cyfitter_cfg.c ****     #define CYALIGNED _Pragma("data_alignment=4")
  45:.\Generated_Source\PSoC4/cyfitter_cfg.c ****     #define CY_CFG_UNUSED _Pragma("diag_suppress=Pe177")
  46:.\Generated_Source\PSoC4/cyfitter_cfg.c ****     #define CY_CFG_SECTION _Pragma("location=\".psocinit\"")
  47:.\Generated_Source\PSoC4/cyfitter_cfg.c ****     
  48:.\Generated_Source\PSoC4/cyfitter_cfg.c ****     #define CY_CFG_MEMORY_BARRIER() __DMB()
  49:.\Generated_Source\PSoC4/cyfitter_cfg.c ****     
  50:.\Generated_Source\PSoC4/cyfitter_cfg.c **** #else
  51:.\Generated_Source\PSoC4/cyfitter_cfg.c ****     #error Unsupported toolchain
  52:.\Generated_Source\PSoC4/cyfitter_cfg.c **** #endif
  53:.\Generated_Source\PSoC4/cyfitter_cfg.c **** 
  54:.\Generated_Source\PSoC4/cyfitter_cfg.c **** 
  55:.\Generated_Source\PSoC4/cyfitter_cfg.c **** CY_CFG_UNUSED
  56:.\Generated_Source\PSoC4/cyfitter_cfg.c **** static void CYMEMZERO(void *s, size_t n);
  57:.\Generated_Source\PSoC4/cyfitter_cfg.c **** CY_CFG_UNUSED
  58:.\Generated_Source\PSoC4/cyfitter_cfg.c **** static void CYMEMZERO(void *s, size_t n)
  59:.\Generated_Source\PSoC4/cyfitter_cfg.c **** {
  25              		.loc 1 59 0
  26              		.cfi_startproc
  27 0000 80B5     		push	{r7, lr}
  28              		.cfi_def_cfa_offset 8
  29              		.cfi_offset 7, -8
  30              		.cfi_offset 14, -4
  31 0002 82B0     		sub	sp, sp, #8
  32              		.cfi_def_cfa_offset 16
  33 0004 00AF     		add	r7, sp, #0
  34              		.cfi_def_cfa_register 7
  35 0006 7860     		str	r0, [r7, #4]
  36 0008 3960     		str	r1, [r7]
  60:.\Generated_Source\PSoC4/cyfitter_cfg.c **** 	(void)memset(s, 0, n);
  37              		.loc 1 60 0
  38 000a 7A68     		ldr	r2, [r7, #4]
  39 000c 3B68     		ldr	r3, [r7]
  40 000e 101C     		mov	r0, r2
  41 0010 0021     		mov	r1, #0
  42 0012 1A1C     		mov	r2, r3
  43 0014 FFF7FEFF 		bl	memset
  61:.\Generated_Source\PSoC4/cyfitter_cfg.c **** }
  44              		.loc 1 61 0
  45 0018 BD46     		mov	sp, r7
  46 001a 02B0     		add	sp, sp, #8
  47              		@ sp needed
  48 001c 80BD     		pop	{r7, pc}
  49              		.cfi_endproc
  50              	.LFE2:
  51              		.size	CYMEMZERO, .-CYMEMZERO
  52 001e C046     		.section	.text.CYCONFIGCPY,"ax",%progbits
  53              		.align	2
ARM GAS  C:\Users\Amin\AppData\Local\Temp\ccTUWWsi.s 			page 3


  54              		.code	16
  55              		.thumb_func
  56              		.type	CYCONFIGCPY, %function
  57              	CYCONFIGCPY:
  58              	.LFB3:
  62:.\Generated_Source\PSoC4/cyfitter_cfg.c **** CY_CFG_UNUSED
  63:.\Generated_Source\PSoC4/cyfitter_cfg.c **** static void CYCONFIGCPY(void *dest, const void *src, size_t n);
  64:.\Generated_Source\PSoC4/cyfitter_cfg.c **** CY_CFG_UNUSED
  65:.\Generated_Source\PSoC4/cyfitter_cfg.c **** static void CYCONFIGCPY(void *dest, const void *src, size_t n)
  66:.\Generated_Source\PSoC4/cyfitter_cfg.c **** {
  59              		.loc 1 66 0
  60              		.cfi_startproc
  61 0000 80B5     		push	{r7, lr}
  62              		.cfi_def_cfa_offset 8
  63              		.cfi_offset 7, -8
  64              		.cfi_offset 14, -4
  65 0002 84B0     		sub	sp, sp, #16
  66              		.cfi_def_cfa_offset 24
  67 0004 00AF     		add	r7, sp, #0
  68              		.cfi_def_cfa_register 7
  69 0006 F860     		str	r0, [r7, #12]
  70 0008 B960     		str	r1, [r7, #8]
  71 000a 7A60     		str	r2, [r7, #4]
  67:.\Generated_Source\PSoC4/cyfitter_cfg.c **** 	(void)memcpy(dest, src, n);
  72              		.loc 1 67 0
  73 000c F968     		ldr	r1, [r7, #12]
  74 000e BA68     		ldr	r2, [r7, #8]
  75 0010 7B68     		ldr	r3, [r7, #4]
  76 0012 081C     		mov	r0, r1
  77 0014 111C     		mov	r1, r2
  78 0016 1A1C     		mov	r2, r3
  79 0018 FFF7FEFF 		bl	memcpy
  68:.\Generated_Source\PSoC4/cyfitter_cfg.c **** }
  80              		.loc 1 68 0
  81 001c BD46     		mov	sp, r7
  82 001e 04B0     		add	sp, sp, #16
  83              		@ sp needed
  84 0020 80BD     		pop	{r7, pc}
  85              		.cfi_endproc
  86              	.LFE3:
  87              		.size	CYCONFIGCPY, .-CYCONFIGCPY
  88 0022 C046     		.section	.text.CYCONFIGCPYCODE,"ax",%progbits
  89              		.align	2
  90              		.code	16
  91              		.thumb_func
  92              		.type	CYCONFIGCPYCODE, %function
  93              	CYCONFIGCPYCODE:
  94              	.LFB4:
  69:.\Generated_Source\PSoC4/cyfitter_cfg.c **** CY_CFG_UNUSED
  70:.\Generated_Source\PSoC4/cyfitter_cfg.c **** static void CYCONFIGCPYCODE(void *dest, const void *src, size_t n);
  71:.\Generated_Source\PSoC4/cyfitter_cfg.c **** CY_CFG_UNUSED
  72:.\Generated_Source\PSoC4/cyfitter_cfg.c **** static void CYCONFIGCPYCODE(void *dest, const void *src, size_t n)
  73:.\Generated_Source\PSoC4/cyfitter_cfg.c **** {
  95              		.loc 1 73 0
  96              		.cfi_startproc
  97 0000 80B5     		push	{r7, lr}
  98              		.cfi_def_cfa_offset 8
ARM GAS  C:\Users\Amin\AppData\Local\Temp\ccTUWWsi.s 			page 4


  99              		.cfi_offset 7, -8
 100              		.cfi_offset 14, -4
 101 0002 84B0     		sub	sp, sp, #16
 102              		.cfi_def_cfa_offset 24
 103 0004 00AF     		add	r7, sp, #0
 104              		.cfi_def_cfa_register 7
 105 0006 F860     		str	r0, [r7, #12]
 106 0008 B960     		str	r1, [r7, #8]
 107 000a 7A60     		str	r2, [r7, #4]
  74:.\Generated_Source\PSoC4/cyfitter_cfg.c **** 	(void)memcpy(dest, src, n);
 108              		.loc 1 74 0
 109 000c F968     		ldr	r1, [r7, #12]
 110 000e BA68     		ldr	r2, [r7, #8]
 111 0010 7B68     		ldr	r3, [r7, #4]
 112 0012 081C     		mov	r0, r1
 113 0014 111C     		mov	r1, r2
 114 0016 1A1C     		mov	r2, r3
 115 0018 FFF7FEFF 		bl	memcpy
  75:.\Generated_Source\PSoC4/cyfitter_cfg.c **** }
 116              		.loc 1 75 0
 117 001c BD46     		mov	sp, r7
 118 001e 04B0     		add	sp, sp, #16
 119              		@ sp needed
 120 0020 80BD     		pop	{r7, pc}
 121              		.cfi_endproc
 122              	.LFE4:
 123              		.size	CYCONFIGCPYCODE, .-CYCONFIGCPYCODE
 124 0022 C046     		.section	.text.cfg_write_bytes32,"ax",%progbits
 125              		.align	2
 126              		.code	16
 127              		.thumb_func
 128              		.type	cfg_write_bytes32, %function
 129              	cfg_write_bytes32:
 130              	.LFB5:
  76:.\Generated_Source\PSoC4/cyfitter_cfg.c **** 
  77:.\Generated_Source\PSoC4/cyfitter_cfg.c **** 
  78:.\Generated_Source\PSoC4/cyfitter_cfg.c **** 
  79:.\Generated_Source\PSoC4/cyfitter_cfg.c **** /* Clock startup error codes                                                   */
  80:.\Generated_Source\PSoC4/cyfitter_cfg.c **** #define CYCLOCKSTART_NO_ERROR    0u
  81:.\Generated_Source\PSoC4/cyfitter_cfg.c **** #define CYCLOCKSTART_XTAL_ERROR  1u
  82:.\Generated_Source\PSoC4/cyfitter_cfg.c **** #define CYCLOCKSTART_32KHZ_ERROR 2u
  83:.\Generated_Source\PSoC4/cyfitter_cfg.c **** #define CYCLOCKSTART_PLL_ERROR   3u
  84:.\Generated_Source\PSoC4/cyfitter_cfg.c **** 
  85:.\Generated_Source\PSoC4/cyfitter_cfg.c **** #ifdef CY_NEED_CYCLOCKSTARTUPERROR
  86:.\Generated_Source\PSoC4/cyfitter_cfg.c **** /*******************************************************************************
  87:.\Generated_Source\PSoC4/cyfitter_cfg.c **** * Function Name: CyClockStartupError
  88:.\Generated_Source\PSoC4/cyfitter_cfg.c **** ********************************************************************************
  89:.\Generated_Source\PSoC4/cyfitter_cfg.c **** * Summary:
  90:.\Generated_Source\PSoC4/cyfitter_cfg.c **** *  If an error is encountered during clock configuration (crystal startup error,
  91:.\Generated_Source\PSoC4/cyfitter_cfg.c **** *  PLL lock error, etc.), the system will end up here.  Unless reimplemented by
  92:.\Generated_Source\PSoC4/cyfitter_cfg.c **** *  the customer, this function will stop in an infinite loop.
  93:.\Generated_Source\PSoC4/cyfitter_cfg.c **** *
  94:.\Generated_Source\PSoC4/cyfitter_cfg.c **** * Parameters:
  95:.\Generated_Source\PSoC4/cyfitter_cfg.c **** *   void
  96:.\Generated_Source\PSoC4/cyfitter_cfg.c **** *
  97:.\Generated_Source\PSoC4/cyfitter_cfg.c **** * Return:
  98:.\Generated_Source\PSoC4/cyfitter_cfg.c **** *   void
ARM GAS  C:\Users\Amin\AppData\Local\Temp\ccTUWWsi.s 			page 5


  99:.\Generated_Source\PSoC4/cyfitter_cfg.c **** *
 100:.\Generated_Source\PSoC4/cyfitter_cfg.c **** *******************************************************************************/
 101:.\Generated_Source\PSoC4/cyfitter_cfg.c **** CY_CFG_UNUSED
 102:.\Generated_Source\PSoC4/cyfitter_cfg.c **** static void CyClockStartupError(uint8 errorCode);
 103:.\Generated_Source\PSoC4/cyfitter_cfg.c **** CY_CFG_UNUSED
 104:.\Generated_Source\PSoC4/cyfitter_cfg.c **** static void CyClockStartupError(uint8 errorCode)
 105:.\Generated_Source\PSoC4/cyfitter_cfg.c **** {
 106:.\Generated_Source\PSoC4/cyfitter_cfg.c ****     /* To remove the compiler warning if errorCode not used.                */
 107:.\Generated_Source\PSoC4/cyfitter_cfg.c ****     errorCode = errorCode;
 108:.\Generated_Source\PSoC4/cyfitter_cfg.c **** 
 109:.\Generated_Source\PSoC4/cyfitter_cfg.c ****     /* `#START CyClockStartupError` */
 110:.\Generated_Source\PSoC4/cyfitter_cfg.c **** 
 111:.\Generated_Source\PSoC4/cyfitter_cfg.c ****     /* If we have a clock startup error (bad MHz crystal, PLL lock, etc.),  */
 112:.\Generated_Source\PSoC4/cyfitter_cfg.c ****     /* we will end up here to allow the customer to implement something to  */
 113:.\Generated_Source\PSoC4/cyfitter_cfg.c ****     /* deal with the clock condition.                                       */
 114:.\Generated_Source\PSoC4/cyfitter_cfg.c **** 
 115:.\Generated_Source\PSoC4/cyfitter_cfg.c ****     /* `#END` */
 116:.\Generated_Source\PSoC4/cyfitter_cfg.c **** 
 117:.\Generated_Source\PSoC4/cyfitter_cfg.c ****     /* If nothing else, stop here since the clocks have not started         */
 118:.\Generated_Source\PSoC4/cyfitter_cfg.c ****     /* correctly.                                                           */
 119:.\Generated_Source\PSoC4/cyfitter_cfg.c ****     while(1) {}
 120:.\Generated_Source\PSoC4/cyfitter_cfg.c **** }
 121:.\Generated_Source\PSoC4/cyfitter_cfg.c **** #endif
 122:.\Generated_Source\PSoC4/cyfitter_cfg.c **** 
 123:.\Generated_Source\PSoC4/cyfitter_cfg.c **** #define CY_CFG_BASE_ADDR_COUNT 1u
 124:.\Generated_Source\PSoC4/cyfitter_cfg.c **** CYPACKED typedef struct
 125:.\Generated_Source\PSoC4/cyfitter_cfg.c **** {
 126:.\Generated_Source\PSoC4/cyfitter_cfg.c **** 	uint8 offset;
 127:.\Generated_Source\PSoC4/cyfitter_cfg.c **** 	uint8 value;
 128:.\Generated_Source\PSoC4/cyfitter_cfg.c **** } CYPACKED_ATTR cy_cfg_addrvalue_t;
 129:.\Generated_Source\PSoC4/cyfitter_cfg.c **** 
 130:.\Generated_Source\PSoC4/cyfitter_cfg.c **** 
 131:.\Generated_Source\PSoC4/cyfitter_cfg.c **** 
 132:.\Generated_Source\PSoC4/cyfitter_cfg.c **** /*******************************************************************************
 133:.\Generated_Source\PSoC4/cyfitter_cfg.c **** * Function Name: cfg_write_bytes32
 134:.\Generated_Source\PSoC4/cyfitter_cfg.c **** ********************************************************************************
 135:.\Generated_Source\PSoC4/cyfitter_cfg.c **** * Summary:
 136:.\Generated_Source\PSoC4/cyfitter_cfg.c **** *  This function is used for setting up the chip configuration areas that
 137:.\Generated_Source\PSoC4/cyfitter_cfg.c **** *  contain relatively sparse data.
 138:.\Generated_Source\PSoC4/cyfitter_cfg.c **** *
 139:.\Generated_Source\PSoC4/cyfitter_cfg.c **** * Parameters:
 140:.\Generated_Source\PSoC4/cyfitter_cfg.c **** *   void
 141:.\Generated_Source\PSoC4/cyfitter_cfg.c **** *
 142:.\Generated_Source\PSoC4/cyfitter_cfg.c **** * Return:
 143:.\Generated_Source\PSoC4/cyfitter_cfg.c **** *   void
 144:.\Generated_Source\PSoC4/cyfitter_cfg.c **** *
 145:.\Generated_Source\PSoC4/cyfitter_cfg.c **** *******************************************************************************/
 146:.\Generated_Source\PSoC4/cyfitter_cfg.c **** static void cfg_write_bytes32(const uint32 addr_table[], const cy_cfg_addrvalue_t data_table[]);
 147:.\Generated_Source\PSoC4/cyfitter_cfg.c **** static void cfg_write_bytes32(const uint32 addr_table[], const cy_cfg_addrvalue_t data_table[])
 148:.\Generated_Source\PSoC4/cyfitter_cfg.c **** {
 131              		.loc 1 148 0
 132              		.cfi_startproc
 133 0000 80B5     		push	{r7, lr}
 134              		.cfi_def_cfa_offset 8
 135              		.cfi_offset 7, -8
 136              		.cfi_offset 14, -4
 137 0002 86B0     		sub	sp, sp, #24
ARM GAS  C:\Users\Amin\AppData\Local\Temp\ccTUWWsi.s 			page 6


 138              		.cfi_def_cfa_offset 32
 139 0004 00AF     		add	r7, sp, #0
 140              		.cfi_def_cfa_register 7
 141 0006 7860     		str	r0, [r7, #4]
 142 0008 3960     		str	r1, [r7]
 149:.\Generated_Source\PSoC4/cyfitter_cfg.c **** 	/* For 32-bit little-endian architectures */
 150:.\Generated_Source\PSoC4/cyfitter_cfg.c **** 	uint32 i, j = 0u;
 143              		.loc 1 150 0
 144 000a 0023     		mov	r3, #0
 145 000c 3B61     		str	r3, [r7, #16]
 151:.\Generated_Source\PSoC4/cyfitter_cfg.c **** 	for (i = 0u; i < CY_CFG_BASE_ADDR_COUNT; i++)
 146              		.loc 1 151 0
 147 000e 0023     		mov	r3, #0
 148 0010 7B61     		str	r3, [r7, #20]
 149 0012 2EE0     		b	.L5
 150              	.L8:
 151              	.LBB2:
 152:.\Generated_Source\PSoC4/cyfitter_cfg.c **** 	{
 153:.\Generated_Source\PSoC4/cyfitter_cfg.c **** 		uint32 baseAddr = addr_table[i];
 152              		.loc 1 153 0
 153 0014 7B69     		ldr	r3, [r7, #20]
 154 0016 9B00     		lsl	r3, r3, #2
 155 0018 7A68     		ldr	r2, [r7, #4]
 156 001a D318     		add	r3, r2, r3
 157 001c 1B68     		ldr	r3, [r3]
 158 001e BB60     		str	r3, [r7, #8]
 154:.\Generated_Source\PSoC4/cyfitter_cfg.c **** 		uint8 count = (uint8)baseAddr;
 159              		.loc 1 154 0
 160 0020 3B1C     		mov	r3, r7
 161 0022 0F33     		add	r3, r3, #15
 162 0024 BA68     		ldr	r2, [r7, #8]
 163 0026 1A70     		strb	r2, [r3]
 155:.\Generated_Source\PSoC4/cyfitter_cfg.c **** 		baseAddr &= 0xFFFFFF00u;
 164              		.loc 1 155 0
 165 0028 BB68     		ldr	r3, [r7, #8]
 166 002a FF22     		mov	r2, #255
 167 002c 9343     		bic	r3, r2
 168 002e BB60     		str	r3, [r7, #8]
 156:.\Generated_Source\PSoC4/cyfitter_cfg.c **** 		while (count != 0u)
 169              		.loc 1 156 0
 170 0030 17E0     		b	.L6
 171              	.L7:
 157:.\Generated_Source\PSoC4/cyfitter_cfg.c **** 		{
 158:.\Generated_Source\PSoC4/cyfitter_cfg.c **** 			CY_SET_XTND_REG8((void CYFAR *)(baseAddr + data_table[j].offset), data_table[j].value);
 172              		.loc 1 158 0
 173 0032 3B69     		ldr	r3, [r7, #16]
 174 0034 5B00     		lsl	r3, r3, #1
 175 0036 3A68     		ldr	r2, [r7]
 176 0038 D318     		add	r3, r2, r3
 177 003a 1B78     		ldrb	r3, [r3]
 178 003c 1A1C     		mov	r2, r3
 179 003e BB68     		ldr	r3, [r7, #8]
 180 0040 D318     		add	r3, r2, r3
 181 0042 3A69     		ldr	r2, [r7, #16]
 182 0044 5200     		lsl	r2, r2, #1
 183 0046 3968     		ldr	r1, [r7]
 184 0048 8A18     		add	r2, r1, r2
ARM GAS  C:\Users\Amin\AppData\Local\Temp\ccTUWWsi.s 			page 7


 185 004a 5278     		ldrb	r2, [r2, #1]
 186 004c 1A70     		strb	r2, [r3]
 159:.\Generated_Source\PSoC4/cyfitter_cfg.c **** 			j++;
 187              		.loc 1 159 0
 188 004e 3B69     		ldr	r3, [r7, #16]
 189 0050 0133     		add	r3, r3, #1
 190 0052 3B61     		str	r3, [r7, #16]
 160:.\Generated_Source\PSoC4/cyfitter_cfg.c **** 			count--;
 191              		.loc 1 160 0
 192 0054 3B1C     		mov	r3, r7
 193 0056 0F33     		add	r3, r3, #15
 194 0058 1A78     		ldrb	r2, [r3]
 195 005a 3B1C     		mov	r3, r7
 196 005c 0F33     		add	r3, r3, #15
 197 005e 013A     		sub	r2, r2, #1
 198 0060 1A70     		strb	r2, [r3]
 199              	.L6:
 156:.\Generated_Source\PSoC4/cyfitter_cfg.c **** 		while (count != 0u)
 200              		.loc 1 156 0 discriminator 1
 201 0062 3B1C     		mov	r3, r7
 202 0064 0F33     		add	r3, r3, #15
 203 0066 1B78     		ldrb	r3, [r3]
 204 0068 002B     		cmp	r3, #0
 205 006a E2D1     		bne	.L7
 206              	.LBE2:
 151:.\Generated_Source\PSoC4/cyfitter_cfg.c **** 	for (i = 0u; i < CY_CFG_BASE_ADDR_COUNT; i++)
 207              		.loc 1 151 0
 208 006c 7B69     		ldr	r3, [r7, #20]
 209 006e 0133     		add	r3, r3, #1
 210 0070 7B61     		str	r3, [r7, #20]
 211              	.L5:
 151:.\Generated_Source\PSoC4/cyfitter_cfg.c **** 	for (i = 0u; i < CY_CFG_BASE_ADDR_COUNT; i++)
 212              		.loc 1 151 0 is_stmt 0 discriminator 1
 213 0072 7B69     		ldr	r3, [r7, #20]
 214 0074 002B     		cmp	r3, #0
 215 0076 CDD0     		beq	.L8
 161:.\Generated_Source\PSoC4/cyfitter_cfg.c **** 		}
 162:.\Generated_Source\PSoC4/cyfitter_cfg.c **** 	}
 163:.\Generated_Source\PSoC4/cyfitter_cfg.c **** }
 216              		.loc 1 163 0 is_stmt 1
 217 0078 BD46     		mov	sp, r7
 218 007a 06B0     		add	sp, sp, #24
 219              		@ sp needed
 220 007c 80BD     		pop	{r7, pc}
 221              		.cfi_endproc
 222              	.LFE5:
 223              		.size	cfg_write_bytes32, .-cfg_write_bytes32
 224 007e C046     		.section	.psocinit,"ax",%progbits
 225              		.align	2
 226              		.code	16
 227              		.thumb_func
 228              		.type	ClockSetup, %function
 229              	ClockSetup:
 230              	.LFB6:
 164:.\Generated_Source\PSoC4/cyfitter_cfg.c **** 
 165:.\Generated_Source\PSoC4/cyfitter_cfg.c **** 
 166:.\Generated_Source\PSoC4/cyfitter_cfg.c **** /*******************************************************************************
ARM GAS  C:\Users\Amin\AppData\Local\Temp\ccTUWWsi.s 			page 8


 167:.\Generated_Source\PSoC4/cyfitter_cfg.c **** * Function Name: ClockSetup
 168:.\Generated_Source\PSoC4/cyfitter_cfg.c **** ********************************************************************************
 169:.\Generated_Source\PSoC4/cyfitter_cfg.c **** *
 170:.\Generated_Source\PSoC4/cyfitter_cfg.c **** * Summary:
 171:.\Generated_Source\PSoC4/cyfitter_cfg.c **** *   Performs the initialization of all of the clocks in the device based on the
 172:.\Generated_Source\PSoC4/cyfitter_cfg.c **** *   settings in the Clock tab of the DWR.  This includes enabling the requested
 173:.\Generated_Source\PSoC4/cyfitter_cfg.c **** *   clocks and setting the necessary dividers to produce the desired frequency. 
 174:.\Generated_Source\PSoC4/cyfitter_cfg.c **** *
 175:.\Generated_Source\PSoC4/cyfitter_cfg.c **** * Parameters:
 176:.\Generated_Source\PSoC4/cyfitter_cfg.c **** *   void
 177:.\Generated_Source\PSoC4/cyfitter_cfg.c **** *
 178:.\Generated_Source\PSoC4/cyfitter_cfg.c **** * Return:
 179:.\Generated_Source\PSoC4/cyfitter_cfg.c **** *   void
 180:.\Generated_Source\PSoC4/cyfitter_cfg.c **** *
 181:.\Generated_Source\PSoC4/cyfitter_cfg.c **** *******************************************************************************/
 182:.\Generated_Source\PSoC4/cyfitter_cfg.c **** static void ClockSetup(void);
 183:.\Generated_Source\PSoC4/cyfitter_cfg.c **** CY_CFG_SECTION
 184:.\Generated_Source\PSoC4/cyfitter_cfg.c **** static void ClockSetup(void)
 185:.\Generated_Source\PSoC4/cyfitter_cfg.c **** {
 231              		.loc 1 185 0
 232              		.cfi_startproc
 233 0000 80B5     		push	{r7, lr}
 234              		.cfi_def_cfa_offset 8
 235              		.cfi_offset 7, -8
 236              		.cfi_offset 14, -4
 237 0002 00AF     		add	r7, sp, #0
 238              		.cfi_def_cfa_register 7
 186:.\Generated_Source\PSoC4/cyfitter_cfg.c **** 
 187:.\Generated_Source\PSoC4/cyfitter_cfg.c **** 	/* Set Flash Cycles based on max possible frequency in case a glitch occurs during ClockSetup(). *
 188:.\Generated_Source\PSoC4/cyfitter_cfg.c **** 	CY_SET_REG32((void CYXDATA *)(CYREG_CPUSS_FLASH_CTL), (0x0012u));
 239              		.loc 1 188 0
 240 0004 274B     		ldr	r3, .L10
 241 0006 1222     		mov	r2, #18
 242 0008 1A60     		str	r2, [r3]
 189:.\Generated_Source\PSoC4/cyfitter_cfg.c **** 
 190:.\Generated_Source\PSoC4/cyfitter_cfg.c **** 	/* Start the WCO */
 191:.\Generated_Source\PSoC4/cyfitter_cfg.c **** 	CySysClkWcoStart();
 243              		.loc 1 191 0
 244 000a FFF7FEFF 		bl	CySysClkWcoStart
 192:.\Generated_Source\PSoC4/cyfitter_cfg.c **** 	CyDelayCycles(12000000u); /* WCO may take up to 500ms to start */
 245              		.loc 1 192 0
 246 000e 264B     		ldr	r3, .L10+4
 247 0010 181C     		mov	r0, r3
 248 0012 FFF7FEFF 		bl	CyDelayCycles
 193:.\Generated_Source\PSoC4/cyfitter_cfg.c **** 	(void)CySysClkWcoSetPowerMode(CY_SYS_CLK_WCO_LPM);    /* Switch to the low power mode */
 249              		.loc 1 193 0
 250 0016 0120     		mov	r0, #1
 251 0018 FFF7FEFF 		bl	CySysClkWcoSetPowerMode
 194:.\Generated_Source\PSoC4/cyfitter_cfg.c **** 
 195:.\Generated_Source\PSoC4/cyfitter_cfg.c **** 	/* Setup and trim IMO based on desired frequency. */
 196:.\Generated_Source\PSoC4/cyfitter_cfg.c **** 	CySysClkWriteImoFreq(48u);
 252              		.loc 1 196 0
 253 001c 3020     		mov	r0, #48
 254 001e FFF7FEFF 		bl	CySysClkWriteImoFreq
 197:.\Generated_Source\PSoC4/cyfitter_cfg.c **** 	/* CYDEV_CLK_ILO_CONFIG Starting address: CYDEV_CLK_ILO_CONFIG */
 198:.\Generated_Source\PSoC4/cyfitter_cfg.c **** 	CY_SET_XTND_REG32((void CYFAR *)(CYREG_CLK_ILO_CONFIG), 0x80000006u);
 255              		.loc 1 198 0
ARM GAS  C:\Users\Amin\AppData\Local\Temp\ccTUWWsi.s 			page 9


 256 0022 224B     		ldr	r3, .L10+8
 257 0024 224A     		ldr	r2, .L10+12
 258 0026 1A60     		str	r2, [r3]
 199:.\Generated_Source\PSoC4/cyfitter_cfg.c **** 
 200:.\Generated_Source\PSoC4/cyfitter_cfg.c **** 	/* CYDEV_WDT_CONFIG Starting address: CYDEV_WDT_CONFIG */
 201:.\Generated_Source\PSoC4/cyfitter_cfg.c **** 	CY_SET_XTND_REG32((void CYFAR *)(CYREG_WDT_CONFIG), 0x40000000u);
 259              		.loc 1 201 0
 260 0028 224B     		ldr	r3, .L10+16
 261 002a 8022     		mov	r2, #128
 262 002c D205     		lsl	r2, r2, #23
 263 002e 1A60     		str	r2, [r3]
 202:.\Generated_Source\PSoC4/cyfitter_cfg.c **** 
 203:.\Generated_Source\PSoC4/cyfitter_cfg.c **** 
 204:.\Generated_Source\PSoC4/cyfitter_cfg.c **** 	/* Enable fast start mode for XO */
 205:.\Generated_Source\PSoC4/cyfitter_cfg.c **** 	CY_SET_REG32((void*)CYREG_BLE_BLERD_BB_XO, CY_GET_REG32((void*)CYREG_BLE_BLERD_BB_XO) | (uint32)0x
 264              		.loc 1 205 0
 265 0030 214B     		ldr	r3, .L10+20
 266 0032 214A     		ldr	r2, .L10+20
 267 0034 1268     		ldr	r2, [r2]
 268 0036 0221     		mov	r1, #2
 269 0038 0A43     		orr	r2, r1
 270 003a 1A60     		str	r2, [r3]
 206:.\Generated_Source\PSoC4/cyfitter_cfg.c **** 	CY_SET_XTND_REG32((void CYFAR *)(CYREG_BLE_BLERD_BB_XO_CAPTRIM), 0x00003E2Du);
 271              		.loc 1 206 0
 272 003c 1F4B     		ldr	r3, .L10+24
 273 003e 204A     		ldr	r2, .L10+28
 274 0040 1A60     		str	r2, [r3]
 207:.\Generated_Source\PSoC4/cyfitter_cfg.c **** 	/* Disable Crystal Stable Interrupt before enabling ECO */
 208:.\Generated_Source\PSoC4/cyfitter_cfg.c **** 	CY_SET_REG32((void*)CYREG_BLE_BLESS_LL_DSM_CTRL, CY_GET_REG32((void*)CYREG_BLE_BLESS_LL_DSM_CTRL) 
 275              		.loc 1 208 0
 276 0042 204B     		ldr	r3, .L10+32
 277 0044 1F4A     		ldr	r2, .L10+32
 278 0046 1268     		ldr	r2, [r2]
 279 0048 0821     		mov	r1, #8
 280 004a 8A43     		bic	r2, r1
 281 004c 1A60     		str	r2, [r3]
 209:.\Generated_Source\PSoC4/cyfitter_cfg.c **** 	/* Start the ECO and do not check status since it is not needed for HFCLK */
 210:.\Generated_Source\PSoC4/cyfitter_cfg.c **** 	(void)CySysClkEcoStart(2000u);
 282              		.loc 1 210 0
 283 004e FA23     		mov	r3, #250
 284 0050 DB00     		lsl	r3, r3, #3
 285 0052 181C     		mov	r0, r3
 286 0054 FFF7FEFF 		bl	CySysClkEcoStart
 211:.\Generated_Source\PSoC4/cyfitter_cfg.c **** 	CyDelayUs(1500u); /* Wait to stabalize */
 287              		.loc 1 211 0
 288 0058 1B4B     		ldr	r3, .L10+36
 289 005a 181C     		mov	r0, r3
 290 005c FFF7FEFF 		bl	CyDelayUs
 212:.\Generated_Source\PSoC4/cyfitter_cfg.c **** 
 213:.\Generated_Source\PSoC4/cyfitter_cfg.c **** 	/* Setup phase aligned clocks */
 214:.\Generated_Source\PSoC4/cyfitter_cfg.c **** 	CY_SET_REG32((void *)CYREG_PERI_DIV_16_CTL1, 0x000F9F00u);
 291              		.loc 1 214 0
 292 0060 1A4B     		ldr	r3, .L10+40
 293 0062 1B4A     		ldr	r2, .L10+44
 294 0064 1A60     		str	r2, [r3]
 215:.\Generated_Source\PSoC4/cyfitter_cfg.c **** 	CY_SET_REG32((void *)CYREG_PERI_DIV_CMD, 0x8000FF41u);
 295              		.loc 1 215 0
ARM GAS  C:\Users\Amin\AppData\Local\Temp\ccTUWWsi.s 			page 10


 296 0066 1B4B     		ldr	r3, .L10+48
 297 0068 1B4A     		ldr	r2, .L10+52
 298 006a 1A60     		str	r2, [r3]
 216:.\Generated_Source\PSoC4/cyfitter_cfg.c **** 	CY_SET_REG32((void *)CYREG_PERI_DIV_16_CTL0, 0x00002200u);
 299              		.loc 1 216 0
 300 006c 1B4B     		ldr	r3, .L10+56
 301 006e 8822     		mov	r2, #136
 302 0070 9201     		lsl	r2, r2, #6
 303 0072 1A60     		str	r2, [r3]
 217:.\Generated_Source\PSoC4/cyfitter_cfg.c **** 	CY_SET_REG32((void *)CYREG_PERI_DIV_CMD, 0x8000FF40u);
 304              		.loc 1 217 0
 305 0074 174B     		ldr	r3, .L10+48
 306 0076 1A4A     		ldr	r2, .L10+60
 307 0078 1A60     		str	r2, [r3]
 218:.\Generated_Source\PSoC4/cyfitter_cfg.c **** 
 219:.\Generated_Source\PSoC4/cyfitter_cfg.c **** 	/* CYDEV_CLK_IMO_CONFIG Starting address: CYDEV_CLK_IMO_CONFIG */
 220:.\Generated_Source\PSoC4/cyfitter_cfg.c **** 	CY_SET_XTND_REG32((void CYFAR *)(CYREG_CLK_IMO_CONFIG), 0x80000000u);
 308              		.loc 1 220 0
 309 007a 1A4B     		ldr	r3, .L10+64
 310 007c 8022     		mov	r2, #128
 311 007e 1206     		lsl	r2, r2, #24
 312 0080 1A60     		str	r2, [r3]
 221:.\Generated_Source\PSoC4/cyfitter_cfg.c **** 
 222:.\Generated_Source\PSoC4/cyfitter_cfg.c **** 	/* CYDEV_CLK_SELECT Starting address: CYDEV_CLK_SELECT */
 223:.\Generated_Source\PSoC4/cyfitter_cfg.c **** 	CY_SET_XTND_REG32((void CYFAR *)(CYREG_CLK_SELECT), 0x00040000u);
 313              		.loc 1 223 0
 314 0082 194B     		ldr	r3, .L10+68
 315 0084 8022     		mov	r2, #128
 316 0086 D202     		lsl	r2, r2, #11
 317 0088 1A60     		str	r2, [r3]
 224:.\Generated_Source\PSoC4/cyfitter_cfg.c **** 
 225:.\Generated_Source\PSoC4/cyfitter_cfg.c **** 	/* CYDEV_PERI_PCLK_CTL7 Starting address: CYDEV_PERI_PCLK_CTL7 */
 226:.\Generated_Source\PSoC4/cyfitter_cfg.c **** 	CY_SET_XTND_REG32((void CYFAR *)(CYREG_PERI_PCLK_CTL7), 0x00000041u);
 318              		.loc 1 226 0
 319 008a 184B     		ldr	r3, .L10+72
 320 008c 4122     		mov	r2, #65
 321 008e 1A60     		str	r2, [r3]
 227:.\Generated_Source\PSoC4/cyfitter_cfg.c **** 
 228:.\Generated_Source\PSoC4/cyfitter_cfg.c **** 	/* CYDEV_PERI_PCLK_CTL1 Starting address: CYDEV_PERI_PCLK_CTL1 */
 229:.\Generated_Source\PSoC4/cyfitter_cfg.c **** 	CY_SET_XTND_REG32((void CYFAR *)(CYREG_PERI_PCLK_CTL1), 0x00000040u);
 322              		.loc 1 229 0
 323 0090 174B     		ldr	r3, .L10+76
 324 0092 4022     		mov	r2, #64
 325 0094 1A60     		str	r2, [r3]
 230:.\Generated_Source\PSoC4/cyfitter_cfg.c **** 
 231:.\Generated_Source\PSoC4/cyfitter_cfg.c **** 	CY_SET_XTND_REG32((void CYFAR *)(CYREG_WDT_CONFIG), 0x40000000u);
 326              		.loc 1 231 0
 327 0096 074B     		ldr	r3, .L10+16
 328 0098 8022     		mov	r2, #128
 329 009a D205     		lsl	r2, r2, #23
 330 009c 1A60     		str	r2, [r3]
 232:.\Generated_Source\PSoC4/cyfitter_cfg.c **** }
 331              		.loc 1 232 0
 332 009e BD46     		mov	sp, r7
 333              		@ sp needed
 334 00a0 80BD     		pop	{r7, pc}
 335              	.L11:
ARM GAS  C:\Users\Amin\AppData\Local\Temp\ccTUWWsi.s 			page 11


 336 00a2 C046     		.align	2
 337              	.L10:
 338 00a4 30001040 		.word	1074790448
 339 00a8 001BB700 		.word	12000000
 340 00ac 04010B40 		.word	1074462980
 341 00b0 06000080 		.word	-2147483642
 342 00b4 0C020B40 		.word	1074463244
 343 00b8 78002E40 		.word	1076756600
 344 00bc 7C002E40 		.word	1076756604
 345 00c0 2D3E0000 		.word	15917
 346 00c4 6CF02E40 		.word	1076818028
 347 00c8 DC050000 		.word	1500
 348 00cc 04030140 		.word	1073808132
 349 00d0 009F0F00 		.word	1023744
 350 00d4 00000140 		.word	1073807360
 351 00d8 41FF0080 		.word	-2147418303
 352 00dc 00030140 		.word	1073808128
 353 00e0 40FF0080 		.word	-2147418304
 354 00e4 08010B40 		.word	1074462984
 355 00e8 00010B40 		.word	1074462976
 356 00ec 1C010140 		.word	1073807644
 357 00f0 04010140 		.word	1073807620
 358              		.cfi_endproc
 359              	.LFE6:
 360              		.size	ClockSetup, .-ClockSetup
 361              		.section	.text.AnalogSetDefault,"ax",%progbits
 362              		.align	2
 363              		.code	16
 364              		.thumb_func
 365              		.type	AnalogSetDefault, %function
 366              	AnalogSetDefault:
 367              	.LFB7:
 233:.\Generated_Source\PSoC4/cyfitter_cfg.c **** 
 234:.\Generated_Source\PSoC4/cyfitter_cfg.c **** 
 235:.\Generated_Source\PSoC4/cyfitter_cfg.c **** /* Analog API Functions */
 236:.\Generated_Source\PSoC4/cyfitter_cfg.c **** 
 237:.\Generated_Source\PSoC4/cyfitter_cfg.c **** 
 238:.\Generated_Source\PSoC4/cyfitter_cfg.c **** /*******************************************************************************
 239:.\Generated_Source\PSoC4/cyfitter_cfg.c **** * Function Name: AnalogSetDefault
 240:.\Generated_Source\PSoC4/cyfitter_cfg.c **** ********************************************************************************
 241:.\Generated_Source\PSoC4/cyfitter_cfg.c **** *
 242:.\Generated_Source\PSoC4/cyfitter_cfg.c **** * Summary:
 243:.\Generated_Source\PSoC4/cyfitter_cfg.c **** *  Sets up the analog portions of the chip to default values based on chip
 244:.\Generated_Source\PSoC4/cyfitter_cfg.c **** *  configuration options from the project.
 245:.\Generated_Source\PSoC4/cyfitter_cfg.c **** *
 246:.\Generated_Source\PSoC4/cyfitter_cfg.c **** * Parameters:
 247:.\Generated_Source\PSoC4/cyfitter_cfg.c **** *  void
 248:.\Generated_Source\PSoC4/cyfitter_cfg.c **** *
 249:.\Generated_Source\PSoC4/cyfitter_cfg.c **** * Return:
 250:.\Generated_Source\PSoC4/cyfitter_cfg.c **** *  void
 251:.\Generated_Source\PSoC4/cyfitter_cfg.c **** *
 252:.\Generated_Source\PSoC4/cyfitter_cfg.c **** *******************************************************************************/
 253:.\Generated_Source\PSoC4/cyfitter_cfg.c **** static void AnalogSetDefault(void);
 254:.\Generated_Source\PSoC4/cyfitter_cfg.c **** static void AnalogSetDefault(void)
 255:.\Generated_Source\PSoC4/cyfitter_cfg.c **** {
 368              		.loc 1 255 0
 369              		.cfi_startproc
ARM GAS  C:\Users\Amin\AppData\Local\Temp\ccTUWWsi.s 			page 12


 370 0000 80B5     		push	{r7, lr}
 371              		.cfi_def_cfa_offset 8
 372              		.cfi_offset 7, -8
 373              		.cfi_offset 14, -4
 374 0002 00AF     		add	r7, sp, #0
 375              		.cfi_def_cfa_register 7
 256:.\Generated_Source\PSoC4/cyfitter_cfg.c **** 	CY_SET_XTND_REG32((void CYFAR *)CYREG_CTBM0_DFT_CTRL, 0x00000003u);
 376              		.loc 1 256 0
 377 0004 054B     		ldr	r3, .L13
 378 0006 0322     		mov	r2, #3
 379 0008 1A60     		str	r2, [r3]
 257:.\Generated_Source\PSoC4/cyfitter_cfg.c **** 	CY_SET_XTND_REG32((void CYFAR *)CYREG_CTBM1_DFT_CTRL, 0x00000003u);
 380              		.loc 1 257 0
 381 000a 054B     		ldr	r3, .L13+4
 382 000c 0322     		mov	r2, #3
 383 000e 1A60     		str	r2, [r3]
 258:.\Generated_Source\PSoC4/cyfitter_cfg.c **** 	CY_SET_XTND_REG32((void CYFAR *)CYREG_PASS_DSAB_DSAB_CTRL, 0x00000000u);
 384              		.loc 1 258 0
 385 0010 044B     		ldr	r3, .L13+8
 386 0012 0022     		mov	r2, #0
 387 0014 1A60     		str	r2, [r3]
 259:.\Generated_Source\PSoC4/cyfitter_cfg.c **** }
 388              		.loc 1 259 0
 389 0016 BD46     		mov	sp, r7
 390              		@ sp needed
 391 0018 80BD     		pop	{r7, pc}
 392              	.L14:
 393 001a C046     		.align	2
 394              	.L13:
 395 001c 30003040 		.word	1076887600
 396 0020 30003140 		.word	1076953136
 397 0024 000E3F40 		.word	1077874176
 398              		.cfi_endproc
 399              	.LFE7:
 400              		.size	AnalogSetDefault, .-AnalogSetDefault
 401              		.section	.psocinit
 402              		.align	2
 403              		.global	cyfitter_cfg
 404              		.code	16
 405              		.thumb_func
 406              		.type	cyfitter_cfg, %function
 407              	cyfitter_cfg:
 408              	.LFB8:
 260:.\Generated_Source\PSoC4/cyfitter_cfg.c **** 
 261:.\Generated_Source\PSoC4/cyfitter_cfg.c **** #define CY_AMUX_UNUSED CYREG_CM0_ROM_DWT
 262:.\Generated_Source\PSoC4/cyfitter_cfg.c **** 
 263:.\Generated_Source\PSoC4/cyfitter_cfg.c **** 
 264:.\Generated_Source\PSoC4/cyfitter_cfg.c **** /*******************************************************************************
 265:.\Generated_Source\PSoC4/cyfitter_cfg.c **** * Function Name: cyfitter_cfg
 266:.\Generated_Source\PSoC4/cyfitter_cfg.c **** ********************************************************************************
 267:.\Generated_Source\PSoC4/cyfitter_cfg.c **** * Summary:
 268:.\Generated_Source\PSoC4/cyfitter_cfg.c **** *  This function is called by the start-up code for the selected device. It
 269:.\Generated_Source\PSoC4/cyfitter_cfg.c **** *  performs all of the necessary device configuration based on the design
 270:.\Generated_Source\PSoC4/cyfitter_cfg.c **** *  settings.  This includes settings from the Design Wide Resources (DWR) such
 271:.\Generated_Source\PSoC4/cyfitter_cfg.c **** *  as Clocks and Pins as well as any component configuration that is necessary.
 272:.\Generated_Source\PSoC4/cyfitter_cfg.c **** *
 273:.\Generated_Source\PSoC4/cyfitter_cfg.c **** * Parameters:  
ARM GAS  C:\Users\Amin\AppData\Local\Temp\ccTUWWsi.s 			page 13


 274:.\Generated_Source\PSoC4/cyfitter_cfg.c **** *   void
 275:.\Generated_Source\PSoC4/cyfitter_cfg.c **** *
 276:.\Generated_Source\PSoC4/cyfitter_cfg.c **** * Return:
 277:.\Generated_Source\PSoC4/cyfitter_cfg.c **** *   void
 278:.\Generated_Source\PSoC4/cyfitter_cfg.c **** *
 279:.\Generated_Source\PSoC4/cyfitter_cfg.c **** *******************************************************************************/
 280:.\Generated_Source\PSoC4/cyfitter_cfg.c **** CY_CFG_SECTION
 281:.\Generated_Source\PSoC4/cyfitter_cfg.c **** void cyfitter_cfg(void)
 282:.\Generated_Source\PSoC4/cyfitter_cfg.c **** {
 409              		.loc 1 282 0
 410              		.cfi_startproc
 411 00f4 80B5     		push	{r7, lr}
 412              		.cfi_def_cfa_offset 8
 413              		.cfi_offset 7, -8
 414              		.cfi_offset 14, -4
 415 00f6 82B0     		sub	sp, sp, #8
 416              		.cfi_def_cfa_offset 16
 417 00f8 00AF     		add	r7, sp, #0
 418              		.cfi_def_cfa_register 7
 283:.\Generated_Source\PSoC4/cyfitter_cfg.c **** 	/* Disable interrupts by default. Let user enable if/when they want. */
 284:.\Generated_Source\PSoC4/cyfitter_cfg.c **** 	CyGlobalIntDisable;
 419              		.loc 1 284 0
 420              	@ 284 ".\Generated_Source\PSoC4\cyfitter_cfg.c" 1
 421 00fa 72B6     		CPSID   i
 422              	@ 0 "" 2
 285:.\Generated_Source\PSoC4/cyfitter_cfg.c **** 
 286:.\Generated_Source\PSoC4/cyfitter_cfg.c **** 	CY_SET_XTND_REG32((void CYFAR *)(CYREG_BLE_BLESS_LL_DSM_CTRL), 0x00000000u);
 423              		.loc 1 286 0
 424              		.code	16
 425 00fc 4A4B     		ldr	r3, .L18
 426 00fe 0022     		mov	r2, #0
 427 0100 1A60     		str	r2, [r3]
 428              	.LBB3:
 287:.\Generated_Source\PSoC4/cyfitter_cfg.c **** 
 288:.\Generated_Source\PSoC4/cyfitter_cfg.c **** 	{
 289:.\Generated_Source\PSoC4/cyfitter_cfg.c **** 		static const uint32 CYCODE cy_cfg_addr_table[] = {
 290:.\Generated_Source\PSoC4/cyfitter_cfg.c **** 			0x400F6002u, /* Base address: 0x400F6000 Count: 2 */
 291:.\Generated_Source\PSoC4/cyfitter_cfg.c **** 		};
 292:.\Generated_Source\PSoC4/cyfitter_cfg.c **** 
 293:.\Generated_Source\PSoC4/cyfitter_cfg.c **** 		static const cy_cfg_addrvalue_t CYCODE cy_cfg_data_table[] = {
 294:.\Generated_Source\PSoC4/cyfitter_cfg.c **** 			{0x02u, 0x01u},
 295:.\Generated_Source\PSoC4/cyfitter_cfg.c **** 			{0x11u, 0x01u},
 296:.\Generated_Source\PSoC4/cyfitter_cfg.c **** 		};
 297:.\Generated_Source\PSoC4/cyfitter_cfg.c **** 
 298:.\Generated_Source\PSoC4/cyfitter_cfg.c **** 
 299:.\Generated_Source\PSoC4/cyfitter_cfg.c **** 
 300:.\Generated_Source\PSoC4/cyfitter_cfg.c **** 		CYPACKED typedef struct {
 301:.\Generated_Source\PSoC4/cyfitter_cfg.c **** 			void CYFAR *address;
 302:.\Generated_Source\PSoC4/cyfitter_cfg.c **** 			uint16 size;
 303:.\Generated_Source\PSoC4/cyfitter_cfg.c **** 		} CYPACKED_ATTR cfg_memset_t;
 304:.\Generated_Source\PSoC4/cyfitter_cfg.c **** 
 305:.\Generated_Source\PSoC4/cyfitter_cfg.c **** 		static const cfg_memset_t CYCODE cfg_memset_list [] = {
 306:.\Generated_Source\PSoC4/cyfitter_cfg.c **** 			/* address, size */
 307:.\Generated_Source\PSoC4/cyfitter_cfg.c **** 			{(void CYFAR *)(CYDEV_UDB_P0_U0_BASE), 1024u},
 308:.\Generated_Source\PSoC4/cyfitter_cfg.c **** 			{(void CYFAR *)(CYDEV_UDB_DSI0_BASE), 1024u},
 309:.\Generated_Source\PSoC4/cyfitter_cfg.c **** 		};
 310:.\Generated_Source\PSoC4/cyfitter_cfg.c **** 
ARM GAS  C:\Users\Amin\AppData\Local\Temp\ccTUWWsi.s 			page 14


 311:.\Generated_Source\PSoC4/cyfitter_cfg.c **** 		uint8 CYDATA i;
 312:.\Generated_Source\PSoC4/cyfitter_cfg.c **** 
 313:.\Generated_Source\PSoC4/cyfitter_cfg.c **** 		/* Zero out critical memory blocks before beginning configuration */
 314:.\Generated_Source\PSoC4/cyfitter_cfg.c **** 		for (i = 0u; i < (sizeof(cfg_memset_list)/sizeof(cfg_memset_list[0])); i++)
 429              		.loc 1 314 0
 430 0102 FB1D     		add	r3, r7, #7
 431 0104 0022     		mov	r2, #0
 432 0106 1A70     		strb	r2, [r3]
 433 0108 23E0     		b	.L16
 434              	.L17:
 435              	.LBB4:
 315:.\Generated_Source\PSoC4/cyfitter_cfg.c **** 		{
 316:.\Generated_Source\PSoC4/cyfitter_cfg.c **** 			const cfg_memset_t CYCODE * CYDATA ms = &cfg_memset_list[i];
 436              		.loc 1 316 0 discriminator 2
 437 010a FB1D     		add	r3, r7, #7
 438 010c 1A78     		ldrb	r2, [r3]
 439 010e 131C     		mov	r3, r2
 440 0110 5B00     		lsl	r3, r3, #1
 441 0112 9B18     		add	r3, r3, r2
 442 0114 5B00     		lsl	r3, r3, #1
 443 0116 454A     		ldr	r2, .L18+4
 444 0118 9B18     		add	r3, r3, r2
 445 011a 3B60     		str	r3, [r7]
 317:.\Generated_Source\PSoC4/cyfitter_cfg.c **** 			CYMEMZERO(ms->address, (size_t)(uint32)(ms->size));
 446              		.loc 1 317 0 discriminator 2
 447 011c 3B68     		ldr	r3, [r7]
 448 011e 1A78     		ldrb	r2, [r3]
 449 0120 5978     		ldrb	r1, [r3, #1]
 450 0122 0902     		lsl	r1, r1, #8
 451 0124 0A43     		orr	r2, r1
 452 0126 9978     		ldrb	r1, [r3, #2]
 453 0128 0904     		lsl	r1, r1, #16
 454 012a 0A43     		orr	r2, r1
 455 012c DB78     		ldrb	r3, [r3, #3]
 456 012e 1B06     		lsl	r3, r3, #24
 457 0130 1343     		orr	r3, r2
 458 0132 1A1C     		mov	r2, r3
 459 0134 3B68     		ldr	r3, [r7]
 460 0136 1979     		ldrb	r1, [r3, #4]
 461 0138 5B79     		ldrb	r3, [r3, #5]
 462 013a 1B02     		lsl	r3, r3, #8
 463 013c 0B43     		orr	r3, r1
 464 013e 9BB2     		uxth	r3, r3
 465 0140 101C     		mov	r0, r2
 466 0142 191C     		mov	r1, r3
 467 0144 FFF7FEFF 		bl	CYMEMZERO
 468              	.LBE4:
 314:.\Generated_Source\PSoC4/cyfitter_cfg.c **** 		for (i = 0u; i < (sizeof(cfg_memset_list)/sizeof(cfg_memset_list[0])); i++)
 469              		.loc 1 314 0 discriminator 2
 470 0148 FB1D     		add	r3, r7, #7
 471 014a 1A78     		ldrb	r2, [r3]
 472 014c FB1D     		add	r3, r7, #7
 473 014e 0132     		add	r2, r2, #1
 474 0150 1A70     		strb	r2, [r3]
 475              	.L16:
 314:.\Generated_Source\PSoC4/cyfitter_cfg.c **** 		for (i = 0u; i < (sizeof(cfg_memset_list)/sizeof(cfg_memset_list[0])); i++)
 476              		.loc 1 314 0 is_stmt 0 discriminator 1
ARM GAS  C:\Users\Amin\AppData\Local\Temp\ccTUWWsi.s 			page 15


 477 0152 FB1D     		add	r3, r7, #7
 478 0154 1B78     		ldrb	r3, [r3]
 479 0156 012B     		cmp	r3, #1
 480 0158 D7D9     		bls	.L17
 318:.\Generated_Source\PSoC4/cyfitter_cfg.c **** 		}
 319:.\Generated_Source\PSoC4/cyfitter_cfg.c **** 
 320:.\Generated_Source\PSoC4/cyfitter_cfg.c **** 		cfg_write_bytes32(cy_cfg_addr_table, cy_cfg_data_table);
 481              		.loc 1 320 0 is_stmt 1
 482 015a 354A     		ldr	r2, .L18+8
 483 015c 354B     		ldr	r3, .L18+12
 484 015e 101C     		mov	r0, r2
 485 0160 191C     		mov	r1, r3
 486 0162 FFF7FEFF 		bl	cfg_write_bytes32
 321:.\Generated_Source\PSoC4/cyfitter_cfg.c **** 
 322:.\Generated_Source\PSoC4/cyfitter_cfg.c **** 		/* HSIOM Starting address: CYDEV_HSIOM_BASE */
 323:.\Generated_Source\PSoC4/cyfitter_cfg.c **** 		CY_SET_XTND_REG32((void CYFAR *)(CYDEV_HSIOM_BASE), 0xEE000000u);
 487              		.loc 1 323 0
 488 0166 344B     		ldr	r3, .L18+16
 489 0168 EE22     		mov	r2, #238
 490 016a 1206     		lsl	r2, r2, #24
 491 016c 1A60     		str	r2, [r3]
 324:.\Generated_Source\PSoC4/cyfitter_cfg.c **** 		CY_SET_XTND_REG32((void CYFAR *)(CYREG_HSIOM_PORT_SEL1), 0x00990000u);
 492              		.loc 1 324 0
 493 016e 334B     		ldr	r3, .L18+20
 494 0170 9922     		mov	r2, #153
 495 0172 1204     		lsl	r2, r2, #16
 496 0174 1A60     		str	r2, [r3]
 325:.\Generated_Source\PSoC4/cyfitter_cfg.c **** 
 326:.\Generated_Source\PSoC4/cyfitter_cfg.c **** 		/* UDB_PA_0 Starting address: CYDEV_UDB_PA0_BASE */
 327:.\Generated_Source\PSoC4/cyfitter_cfg.c **** 		CY_SET_XTND_REG32((void CYFAR *)(CYDEV_UDB_PA0_BASE), 0x00990000u);
 497              		.loc 1 327 0
 498 0176 324B     		ldr	r3, .L18+24
 499 0178 9922     		mov	r2, #153
 500 017a 1204     		lsl	r2, r2, #16
 501 017c 1A60     		str	r2, [r3]
 328:.\Generated_Source\PSoC4/cyfitter_cfg.c **** 
 329:.\Generated_Source\PSoC4/cyfitter_cfg.c **** 		/* UDB_PA_1 Starting address: CYDEV_UDB_PA1_BASE */
 330:.\Generated_Source\PSoC4/cyfitter_cfg.c **** 		CY_SET_XTND_REG32((void CYFAR *)(CYDEV_UDB_PA1_BASE), 0x00990000u);
 502              		.loc 1 330 0
 503 017e 314B     		ldr	r3, .L18+28
 504 0180 9922     		mov	r2, #153
 505 0182 1204     		lsl	r2, r2, #16
 506 0184 1A60     		str	r2, [r3]
 331:.\Generated_Source\PSoC4/cyfitter_cfg.c **** 
 332:.\Generated_Source\PSoC4/cyfitter_cfg.c **** 		/* UDB_PA_2 Starting address: CYDEV_UDB_PA2_BASE */
 333:.\Generated_Source\PSoC4/cyfitter_cfg.c **** 		CY_SET_XTND_REG32((void CYFAR *)(CYDEV_UDB_PA2_BASE), 0x00990000u);
 507              		.loc 1 333 0
 508 0186 304B     		ldr	r3, .L18+32
 509 0188 9922     		mov	r2, #153
 510 018a 1204     		lsl	r2, r2, #16
 511 018c 1A60     		str	r2, [r3]
 334:.\Generated_Source\PSoC4/cyfitter_cfg.c **** 		CY_SET_XTND_REG32((void CYFAR *)(CYREG_UDB_PA2_CFG4), 0x80000000u);
 512              		.loc 1 334 0
 513 018e 2F4B     		ldr	r3, .L18+36
 514 0190 8022     		mov	r2, #128
 515 0192 1206     		lsl	r2, r2, #24
 516 0194 1A60     		str	r2, [r3]
ARM GAS  C:\Users\Amin\AppData\Local\Temp\ccTUWWsi.s 			page 16


 335:.\Generated_Source\PSoC4/cyfitter_cfg.c **** 
 336:.\Generated_Source\PSoC4/cyfitter_cfg.c **** 		/* UDB_PA_3 Starting address: CYDEV_UDB_PA3_BASE */
 337:.\Generated_Source\PSoC4/cyfitter_cfg.c **** 		CY_SET_XTND_REG32((void CYFAR *)(CYDEV_UDB_PA3_BASE), 0x00990000u);
 517              		.loc 1 337 0
 518 0196 2E4B     		ldr	r3, .L18+40
 519 0198 9922     		mov	r2, #153
 520 019a 1204     		lsl	r2, r2, #16
 521 019c 1A60     		str	r2, [r3]
 338:.\Generated_Source\PSoC4/cyfitter_cfg.c **** 
 339:.\Generated_Source\PSoC4/cyfitter_cfg.c **** 		/* Enable digital routing */
 340:.\Generated_Source\PSoC4/cyfitter_cfg.c **** 		CY_SET_XTND_REG8((void *)CYREG_UDB_UDBIF_BANK_CTL, CY_GET_XTND_REG8((void *)CYREG_UDB_UDBIF_BANK_
 522              		.loc 1 340 0
 523 019e 2D4B     		ldr	r3, .L18+44
 524 01a0 2C4A     		ldr	r2, .L18+44
 525 01a2 1278     		ldrb	r2, [r2]
 526 01a4 D2B2     		uxtb	r2, r2
 527 01a6 0221     		mov	r1, #2
 528 01a8 0A43     		orr	r2, r1
 529 01aa D2B2     		uxtb	r2, r2
 530 01ac 1A70     		strb	r2, [r3]
 341:.\Generated_Source\PSoC4/cyfitter_cfg.c **** 
 342:.\Generated_Source\PSoC4/cyfitter_cfg.c **** 		/* Enable UDB array */
 343:.\Generated_Source\PSoC4/cyfitter_cfg.c **** 		CY_SET_XTND_REG8((void *)CYREG_UDB_UDBIF_WAIT_CFG, (uint8)((CY_GET_XTND_REG8((void *)CYREG_UDB_UD
 531              		.loc 1 343 0
 532 01ae 2A4B     		ldr	r3, .L18+48
 533 01b0 294A     		ldr	r2, .L18+48
 534 01b2 1278     		ldrb	r2, [r2]
 535 01b4 D2B2     		uxtb	r2, r2
 536 01b6 3C21     		mov	r1, #60
 537 01b8 8A43     		bic	r2, r1
 538 01ba D2B2     		uxtb	r2, r2
 539 01bc 1421     		mov	r1, #20
 540 01be 0A43     		orr	r2, r1
 541 01c0 D2B2     		uxtb	r2, r2
 542 01c2 1A70     		strb	r2, [r3]
 344:.\Generated_Source\PSoC4/cyfitter_cfg.c **** 		CY_SET_XTND_REG8((void *)CYREG_UDB_UDBIF_BANK_CTL, (uint8)(CY_GET_XTND_REG8((void *)CYREG_UDB_UDB
 543              		.loc 1 344 0
 544 01c4 234B     		ldr	r3, .L18+44
 545 01c6 234A     		ldr	r2, .L18+44
 546 01c8 1278     		ldrb	r2, [r2]
 547 01ca D2B2     		uxtb	r2, r2
 548 01cc 1621     		mov	r1, #22
 549 01ce 0A43     		orr	r2, r1
 550 01d0 D2B2     		uxtb	r2, r2
 551 01d2 1A70     		strb	r2, [r3]
 552              	.LBE3:
 345:.\Generated_Source\PSoC4/cyfitter_cfg.c **** 	}
 346:.\Generated_Source\PSoC4/cyfitter_cfg.c **** 
 347:.\Generated_Source\PSoC4/cyfitter_cfg.c **** 	/* Perform second pass device configuration. These items must be configured in specific order afte
 348:.\Generated_Source\PSoC4/cyfitter_cfg.c **** 	/* IOPINS0_0 Starting address: CYDEV_GPIO_PRT0_DR */
 349:.\Generated_Source\PSoC4/cyfitter_cfg.c **** 	CY_SET_XTND_REG32((void CYFAR *)(CYREG_GPIO_PRT0_DR), 0x00000007u);
 553              		.loc 1 349 0
 554 01d4 214B     		ldr	r3, .L18+52
 555 01d6 0722     		mov	r2, #7
 556 01d8 1A60     		str	r2, [r3]
 350:.\Generated_Source\PSoC4/cyfitter_cfg.c **** 	CY_SET_XTND_REG32((void CYFAR *)(CYREG_GPIO_PRT0_PC), 0x00D801B6u);
 557              		.loc 1 350 0
ARM GAS  C:\Users\Amin\AppData\Local\Temp\ccTUWWsi.s 			page 17


 558 01da 214B     		ldr	r3, .L18+56
 559 01dc 214A     		ldr	r2, .L18+60
 560 01de 1A60     		str	r2, [r3]
 351:.\Generated_Source\PSoC4/cyfitter_cfg.c **** 
 352:.\Generated_Source\PSoC4/cyfitter_cfg.c **** 	/* IOPINS0_1 Starting address: CYDEV_GPIO_PRT1_DR */
 353:.\Generated_Source\PSoC4/cyfitter_cfg.c **** 	CY_SET_XTND_REG32((void CYFAR *)(CYREG_GPIO_PRT1_DR), 0x00000020u);
 561              		.loc 1 353 0
 562 01e0 214B     		ldr	r3, .L18+64
 563 01e2 2022     		mov	r2, #32
 564 01e4 1A60     		str	r2, [r3]
 354:.\Generated_Source\PSoC4/cyfitter_cfg.c **** 	CY_SET_XTND_REG32((void CYFAR *)(CYREG_GPIO_PRT1_PC), 0x00031000u);
 565              		.loc 1 354 0
 566 01e6 214B     		ldr	r3, .L18+68
 567 01e8 C422     		mov	r2, #196
 568 01ea 9202     		lsl	r2, r2, #10
 569 01ec 1A60     		str	r2, [r3]
 355:.\Generated_Source\PSoC4/cyfitter_cfg.c **** 	CY_SET_XTND_REG32((void CYFAR *)(CYREG_GPIO_PRT1_PC2), 0x00000020u);
 570              		.loc 1 355 0
 571 01ee 204B     		ldr	r3, .L18+72
 572 01f0 2022     		mov	r2, #32
 573 01f2 1A60     		str	r2, [r3]
 356:.\Generated_Source\PSoC4/cyfitter_cfg.c **** 
 357:.\Generated_Source\PSoC4/cyfitter_cfg.c **** 	/* IOPINS0_2 Starting address: CYDEV_GPIO_PRT2_DR */
 358:.\Generated_Source\PSoC4/cyfitter_cfg.c **** 	CY_SET_XTND_REG32((void CYFAR *)(CYREG_GPIO_PRT2_DR), 0x000000C0u);
 574              		.loc 1 358 0
 575 01f4 1F4B     		ldr	r3, .L18+76
 576 01f6 C022     		mov	r2, #192
 577 01f8 1A60     		str	r2, [r3]
 359:.\Generated_Source\PSoC4/cyfitter_cfg.c **** 	CY_SET_XTND_REG32((void CYFAR *)(CYREG_GPIO_PRT2_PC), 0x00D80000u);
 578              		.loc 1 359 0
 579 01fa 1F4B     		ldr	r3, .L18+80
 580 01fc D822     		mov	r2, #216
 581 01fe 1204     		lsl	r2, r2, #16
 582 0200 1A60     		str	r2, [r3]
 360:.\Generated_Source\PSoC4/cyfitter_cfg.c **** 	CY_SET_XTND_REG32((void CYFAR *)(CYREG_GPIO_PRT2_INTR_CFG), 0x00008000u);
 583              		.loc 1 360 0
 584 0202 1E4B     		ldr	r3, .L18+84
 585 0204 8022     		mov	r2, #128
 586 0206 1202     		lsl	r2, r2, #8
 587 0208 1A60     		str	r2, [r3]
 361:.\Generated_Source\PSoC4/cyfitter_cfg.c **** 
 362:.\Generated_Source\PSoC4/cyfitter_cfg.c **** 	/* IOPINS0_3 Starting address: CYDEV_GPIO_PRT3_DR */
 363:.\Generated_Source\PSoC4/cyfitter_cfg.c **** 	CY_SET_XTND_REG32((void CYFAR *)(CYREG_GPIO_PRT3_DR), 0x000000C0u);
 588              		.loc 1 363 0
 589 020a 1D4B     		ldr	r3, .L18+88
 590 020c C022     		mov	r2, #192
 591 020e 1A60     		str	r2, [r3]
 364:.\Generated_Source\PSoC4/cyfitter_cfg.c **** 	CY_SET_XTND_REG32((void CYFAR *)(CYREG_GPIO_PRT3_PC), 0x00D80000u);
 592              		.loc 1 364 0
 593 0210 1C4B     		ldr	r3, .L18+92
 594 0212 D822     		mov	r2, #216
 595 0214 1204     		lsl	r2, r2, #16
 596 0216 1A60     		str	r2, [r3]
 365:.\Generated_Source\PSoC4/cyfitter_cfg.c **** 
 366:.\Generated_Source\PSoC4/cyfitter_cfg.c **** 	/* Setup clocks based on selections from Clock DWR */
 367:.\Generated_Source\PSoC4/cyfitter_cfg.c **** 	ClockSetup();
 597              		.loc 1 367 0
ARM GAS  C:\Users\Amin\AppData\Local\Temp\ccTUWWsi.s 			page 18


 598 0218 FFF7F2FE 		bl	ClockSetup
 368:.\Generated_Source\PSoC4/cyfitter_cfg.c **** 
 369:.\Generated_Source\PSoC4/cyfitter_cfg.c **** 	/* Perform basic analog initialization to defaults */
 370:.\Generated_Source\PSoC4/cyfitter_cfg.c **** 	AnalogSetDefault();
 599              		.loc 1 370 0
 600 021c FFF7FEFF 		bl	AnalogSetDefault
 371:.\Generated_Source\PSoC4/cyfitter_cfg.c **** 
 372:.\Generated_Source\PSoC4/cyfitter_cfg.c **** }
 601              		.loc 1 372 0
 602 0220 BD46     		mov	sp, r7
 603 0222 02B0     		add	sp, sp, #8
 604              		@ sp needed
 605 0224 80BD     		pop	{r7, pc}
 606              	.L19:
 607 0226 C046     		.align	2
 608              	.L18:
 609 0228 6CF02E40 		.word	1076818028
 610 022c 00000000 		.word	cfg_memset_list.4744
 611 0230 0C000000 		.word	cy_cfg_addr_table.4738
 612 0234 10000000 		.word	cy_cfg_data_table.4739
 613 0238 00000240 		.word	1073872896
 614 023c 00010240 		.word	1073873152
 615 0240 00500F40 		.word	1074745344
 616 0244 10500F40 		.word	1074745360
 617 0248 20500F40 		.word	1074745376
 618 024c 24500F40 		.word	1074745380
 619 0250 30500F40 		.word	1074745392
 620 0254 00700F40 		.word	1074753536
 621 0258 01700F40 		.word	1074753537
 622 025c 00000440 		.word	1074003968
 623 0260 08000440 		.word	1074003976
 624 0264 B601D800 		.word	14156214
 625 0268 00010440 		.word	1074004224
 626 026c 08010440 		.word	1074004232
 627 0270 18010440 		.word	1074004248
 628 0274 00020440 		.word	1074004480
 629 0278 08020440 		.word	1074004488
 630 027c 0C020440 		.word	1074004492
 631 0280 00030440 		.word	1074004736
 632 0284 08030440 		.word	1074004744
 633              		.cfi_endproc
 634              	.LFE8:
 635              		.size	cyfitter_cfg, .-cyfitter_cfg
 636              		.section	.rodata
 637              		.align	2
 638              		.type	cfg_memset_list.4744, %object
 639              		.size	cfg_memset_list.4744, 12
 640              	cfg_memset_list.4744:
 641 0000 00300F40 		.word	1074737152
 642 0004 0004     		.short	1024
 643 0006 00400F40 		.4byte	1074741248
 644 000a 0004     		.short	1024
 645              		.align	2
 646              		.type	cy_cfg_addr_table.4738, %object
 647              		.size	cy_cfg_addr_table.4738, 4
 648              	cy_cfg_addr_table.4738:
 649 000c 02600F40 		.word	1074749442
ARM GAS  C:\Users\Amin\AppData\Local\Temp\ccTUWWsi.s 			page 19


 650              		.align	2
 651              		.type	cy_cfg_data_table.4739, %object
 652              		.size	cy_cfg_data_table.4739, 4
 653              	cy_cfg_data_table.4739:
 654 0010 02       		.byte	2
 655 0011 01       		.byte	1
 656 0012 11       		.byte	17
 657 0013 01       		.byte	1
 658              		.text
 659              	.Letext0:
 660              		.file 2 "c:\\program files (x86)\\cypress\\psoc creator\\3.2\\psoc creator\\import\\gnu\\arm\\4.8.
 661              		.file 3 ".\\Generated_Source\\PSoC4\\cytypes.h"
 662              		.section	.debug_info,"",%progbits
 663              	.Ldebug_info0:
 664 0000 4F030000 		.4byte	0x34f
 665 0004 0400     		.2byte	0x4
 666 0006 00000000 		.4byte	.Ldebug_abbrev0
 667 000a 04       		.byte	0x4
 668 000b 01       		.uleb128 0x1
 669 000c 5F000000 		.4byte	.LASF39
 670 0010 01       		.byte	0x1
 671 0011 FA010000 		.4byte	.LASF40
 672 0015 6D010000 		.4byte	.LASF41
 673 0019 00000000 		.4byte	.Ldebug_ranges0+0
 674 001d 00000000 		.4byte	0
 675 0021 00000000 		.4byte	.Ldebug_line0
 676 0025 02       		.uleb128 0x2
 677 0026 04       		.byte	0x4
 678 0027 05       		.byte	0x5
 679 0028 696E7400 		.ascii	"int\000"
 680 002c 03       		.uleb128 0x3
 681 002d 06000000 		.4byte	.LASF11
 682 0031 02       		.byte	0x2
 683 0032 D4       		.byte	0xd4
 684 0033 37000000 		.4byte	0x37
 685 0037 04       		.uleb128 0x4
 686 0038 04       		.byte	0x4
 687 0039 07       		.byte	0x7
 688 003a AF010000 		.4byte	.LASF0
 689 003e 04       		.uleb128 0x4
 690 003f 01       		.byte	0x1
 691 0040 06       		.byte	0x6
 692 0041 62020000 		.4byte	.LASF1
 693 0045 04       		.uleb128 0x4
 694 0046 01       		.byte	0x1
 695 0047 08       		.byte	0x8
 696 0048 1C010000 		.4byte	.LASF2
 697 004c 04       		.uleb128 0x4
 698 004d 02       		.byte	0x2
 699 004e 05       		.byte	0x5
 700 004f 4F020000 		.4byte	.LASF3
 701 0053 04       		.uleb128 0x4
 702 0054 02       		.byte	0x2
 703 0055 07       		.byte	0x7
 704 0056 6E020000 		.4byte	.LASF4
 705 005a 04       		.uleb128 0x4
 706 005b 04       		.byte	0x4
ARM GAS  C:\Users\Amin\AppData\Local\Temp\ccTUWWsi.s 			page 20


 707 005c 05       		.byte	0x5
 708 005d 59020000 		.4byte	.LASF5
 709 0061 04       		.uleb128 0x4
 710 0062 04       		.byte	0x4
 711 0063 07       		.byte	0x7
 712 0064 FA000000 		.4byte	.LASF6
 713 0068 04       		.uleb128 0x4
 714 0069 08       		.byte	0x8
 715 006a 05       		.byte	0x5
 716 006b 22020000 		.4byte	.LASF7
 717 006f 04       		.uleb128 0x4
 718 0070 08       		.byte	0x8
 719 0071 07       		.byte	0x7
 720 0072 C4010000 		.4byte	.LASF8
 721 0076 04       		.uleb128 0x4
 722 0077 04       		.byte	0x4
 723 0078 07       		.byte	0x7
 724 0079 F1010000 		.4byte	.LASF9
 725 007d 05       		.uleb128 0x5
 726 007e 04       		.byte	0x4
 727 007f 04       		.uleb128 0x4
 728 0080 01       		.byte	0x1
 729 0081 08       		.byte	0x8
 730 0082 30020000 		.4byte	.LASF10
 731 0086 03       		.uleb128 0x3
 732 0087 0C010000 		.4byte	.LASF12
 733 008b 03       		.byte	0x3
 734 008c A1       		.byte	0xa1
 735 008d 45000000 		.4byte	0x45
 736 0091 03       		.uleb128 0x3
 737 0092 5B010000 		.4byte	.LASF13
 738 0096 03       		.byte	0x3
 739 0097 A2       		.byte	0xa2
 740 0098 53000000 		.4byte	0x53
 741 009c 03       		.uleb128 0x3
 742 009d A8010000 		.4byte	.LASF14
 743 00a1 03       		.byte	0x3
 744 00a2 A3       		.byte	0xa3
 745 00a3 61000000 		.4byte	0x61
 746 00a7 04       		.uleb128 0x4
 747 00a8 04       		.byte	0x4
 748 00a9 04       		.byte	0x4
 749 00aa 59000000 		.4byte	.LASF15
 750 00ae 04       		.uleb128 0x4
 751 00af 08       		.byte	0x8
 752 00b0 04       		.byte	0x4
 753 00b1 2A010000 		.4byte	.LASF16
 754 00b5 06       		.uleb128 0x6
 755 00b6 F5000000 		.4byte	.LASF17
 756 00ba 03       		.byte	0x3
 757 00bb 4B01     		.2byte	0x14b
 758 00bd C1000000 		.4byte	0xc1
 759 00c1 07       		.uleb128 0x7
 760 00c2 86000000 		.4byte	0x86
 761 00c6 06       		.uleb128 0x6
 762 00c7 00000000 		.4byte	.LASF18
 763 00cb 03       		.byte	0x3
ARM GAS  C:\Users\Amin\AppData\Local\Temp\ccTUWWsi.s 			page 21


 764 00cc 4D01     		.2byte	0x14d
 765 00ce D2000000 		.4byte	0xd2
 766 00d2 07       		.uleb128 0x7
 767 00d3 9C000000 		.4byte	0x9c
 768 00d7 08       		.uleb128 0x8
 769 00d8 02       		.byte	0x2
 770 00d9 01       		.byte	0x1
 771 00da 7C       		.byte	0x7c
 772 00db F8000000 		.4byte	0xf8
 773 00df 09       		.uleb128 0x9
 774 00e0 48020000 		.4byte	.LASF19
 775 00e4 01       		.byte	0x1
 776 00e5 7E       		.byte	0x7e
 777 00e6 86000000 		.4byte	0x86
 778 00ea 00       		.byte	0
 779 00eb 09       		.uleb128 0x9
 780 00ec 1E000000 		.4byte	.LASF20
 781 00f0 01       		.byte	0x1
 782 00f1 7F       		.byte	0x7f
 783 00f2 86000000 		.4byte	0x86
 784 00f6 01       		.byte	0x1
 785 00f7 00       		.byte	0
 786 00f8 03       		.uleb128 0x3
 787 00f9 35020000 		.4byte	.LASF21
 788 00fd 01       		.byte	0x1
 789 00fe 80       		.byte	0x80
 790 00ff D7000000 		.4byte	0xd7
 791 0103 0A       		.uleb128 0xa
 792 0104 12010000 		.4byte	.LASF22
 793 0108 01       		.byte	0x1
 794 0109 3A       		.byte	0x3a
 795 010a 00000000 		.4byte	.LFB2
 796 010e 1E000000 		.4byte	.LFE2-.LFB2
 797 0112 01       		.uleb128 0x1
 798 0113 9C       		.byte	0x9c
 799 0114 31010000 		.4byte	0x131
 800 0118 0B       		.uleb128 0xb
 801 0119 7300     		.ascii	"s\000"
 802 011b 01       		.byte	0x1
 803 011c 3A       		.byte	0x3a
 804 011d 7D000000 		.4byte	0x7d
 805 0121 02       		.uleb128 0x2
 806 0122 91       		.byte	0x91
 807 0123 74       		.sleb128 -12
 808 0124 0B       		.uleb128 0xb
 809 0125 6E00     		.ascii	"n\000"
 810 0127 01       		.byte	0x1
 811 0128 3A       		.byte	0x3a
 812 0129 2C000000 		.4byte	0x2c
 813 012d 02       		.uleb128 0x2
 814 012e 91       		.byte	0x91
 815 012f 70       		.sleb128 -16
 816 0130 00       		.byte	0
 817 0131 0A       		.uleb128 0xa
 818 0132 91020000 		.4byte	.LASF23
 819 0136 01       		.byte	0x1
 820 0137 41       		.byte	0x41
ARM GAS  C:\Users\Amin\AppData\Local\Temp\ccTUWWsi.s 			page 22


 821 0138 00000000 		.4byte	.LFB3
 822 013c 22000000 		.4byte	.LFE3-.LFB3
 823 0140 01       		.uleb128 0x1
 824 0141 9C       		.byte	0x9c
 825 0142 6F010000 		.4byte	0x16f
 826 0146 0C       		.uleb128 0xc
 827 0147 DB000000 		.4byte	.LASF24
 828 014b 01       		.byte	0x1
 829 014c 41       		.byte	0x41
 830 014d 7D000000 		.4byte	0x7d
 831 0151 02       		.uleb128 0x2
 832 0152 91       		.byte	0x91
 833 0153 74       		.sleb128 -12
 834 0154 0B       		.uleb128 0xb
 835 0155 73726300 		.ascii	"src\000"
 836 0159 01       		.byte	0x1
 837 015a 41       		.byte	0x41
 838 015b 6F010000 		.4byte	0x16f
 839 015f 02       		.uleb128 0x2
 840 0160 91       		.byte	0x91
 841 0161 70       		.sleb128 -16
 842 0162 0B       		.uleb128 0xb
 843 0163 6E00     		.ascii	"n\000"
 844 0165 01       		.byte	0x1
 845 0166 41       		.byte	0x41
 846 0167 2C000000 		.4byte	0x2c
 847 016b 02       		.uleb128 0x2
 848 016c 91       		.byte	0x91
 849 016d 6C       		.sleb128 -20
 850 016e 00       		.byte	0
 851 016f 0D       		.uleb128 0xd
 852 0170 04       		.byte	0x4
 853 0171 75010000 		.4byte	0x175
 854 0175 0E       		.uleb128 0xe
 855 0176 0A       		.uleb128 0xa
 856 0177 81020000 		.4byte	.LASF25
 857 017b 01       		.byte	0x1
 858 017c 48       		.byte	0x48
 859 017d 00000000 		.4byte	.LFB4
 860 0181 22000000 		.4byte	.LFE4-.LFB4
 861 0185 01       		.uleb128 0x1
 862 0186 9C       		.byte	0x9c
 863 0187 B4010000 		.4byte	0x1b4
 864 018b 0C       		.uleb128 0xc
 865 018c DB000000 		.4byte	.LASF24
 866 0190 01       		.byte	0x1
 867 0191 48       		.byte	0x48
 868 0192 7D000000 		.4byte	0x7d
 869 0196 02       		.uleb128 0x2
 870 0197 91       		.byte	0x91
 871 0198 74       		.sleb128 -12
 872 0199 0B       		.uleb128 0xb
 873 019a 73726300 		.ascii	"src\000"
 874 019e 01       		.byte	0x1
 875 019f 48       		.byte	0x48
 876 01a0 6F010000 		.4byte	0x16f
 877 01a4 02       		.uleb128 0x2
ARM GAS  C:\Users\Amin\AppData\Local\Temp\ccTUWWsi.s 			page 23


 878 01a5 91       		.byte	0x91
 879 01a6 70       		.sleb128 -16
 880 01a7 0B       		.uleb128 0xb
 881 01a8 6E00     		.ascii	"n\000"
 882 01aa 01       		.byte	0x1
 883 01ab 48       		.byte	0x48
 884 01ac 2C000000 		.4byte	0x2c
 885 01b0 02       		.uleb128 0x2
 886 01b1 91       		.byte	0x91
 887 01b2 6C       		.sleb128 -20
 888 01b3 00       		.byte	0
 889 01b4 0F       		.uleb128 0xf
 890 01b5 31010000 		.4byte	.LASF26
 891 01b9 01       		.byte	0x1
 892 01ba 93       		.byte	0x93
 893 01bb 00000000 		.4byte	.LFB5
 894 01bf 7E000000 		.4byte	.LFE5-.LFB5
 895 01c3 01       		.uleb128 0x1
 896 01c4 9C       		.byte	0x9c
 897 01c5 24020000 		.4byte	0x224
 898 01c9 0C       		.uleb128 0xc
 899 01ca 50010000 		.4byte	.LASF27
 900 01ce 01       		.byte	0x1
 901 01cf 93       		.byte	0x93
 902 01d0 24020000 		.4byte	0x224
 903 01d4 02       		.uleb128 0x2
 904 01d5 91       		.byte	0x91
 905 01d6 64       		.sleb128 -28
 906 01d7 0C       		.uleb128 0xc
 907 01d8 62010000 		.4byte	.LASF28
 908 01dc 01       		.byte	0x1
 909 01dd 93       		.byte	0x93
 910 01de 2F020000 		.4byte	0x22f
 911 01e2 02       		.uleb128 0x2
 912 01e3 91       		.byte	0x91
 913 01e4 60       		.sleb128 -32
 914 01e5 10       		.uleb128 0x10
 915 01e6 6900     		.ascii	"i\000"
 916 01e8 01       		.byte	0x1
 917 01e9 96       		.byte	0x96
 918 01ea 9C000000 		.4byte	0x9c
 919 01ee 02       		.uleb128 0x2
 920 01ef 91       		.byte	0x91
 921 01f0 74       		.sleb128 -12
 922 01f1 10       		.uleb128 0x10
 923 01f2 6A00     		.ascii	"j\000"
 924 01f4 01       		.byte	0x1
 925 01f5 96       		.byte	0x96
 926 01f6 9C000000 		.4byte	0x9c
 927 01fa 02       		.uleb128 0x2
 928 01fb 91       		.byte	0x91
 929 01fc 70       		.sleb128 -16
 930 01fd 11       		.uleb128 0x11
 931 01fe 14000000 		.4byte	.LBB2
 932 0202 58000000 		.4byte	.LBE2-.LBB2
 933 0206 12       		.uleb128 0x12
 934 0207 E8010000 		.4byte	.LASF29
ARM GAS  C:\Users\Amin\AppData\Local\Temp\ccTUWWsi.s 			page 24


 935 020b 01       		.byte	0x1
 936 020c 99       		.byte	0x99
 937 020d 9C000000 		.4byte	0x9c
 938 0211 02       		.uleb128 0x2
 939 0212 91       		.byte	0x91
 940 0213 68       		.sleb128 -24
 941 0214 12       		.uleb128 0x12
 942 0215 24000000 		.4byte	.LASF30
 943 0219 01       		.byte	0x1
 944 021a 9A       		.byte	0x9a
 945 021b 86000000 		.4byte	0x86
 946 021f 02       		.uleb128 0x2
 947 0220 91       		.byte	0x91
 948 0221 6F       		.sleb128 -17
 949 0222 00       		.byte	0
 950 0223 00       		.byte	0
 951 0224 0D       		.uleb128 0xd
 952 0225 04       		.byte	0x4
 953 0226 2A020000 		.4byte	0x22a
 954 022a 13       		.uleb128 0x13
 955 022b 9C000000 		.4byte	0x9c
 956 022f 0D       		.uleb128 0xd
 957 0230 04       		.byte	0x4
 958 0231 35020000 		.4byte	0x235
 959 0235 13       		.uleb128 0x13
 960 0236 F8000000 		.4byte	0xf8
 961 023a 14       		.uleb128 0x14
 962 023b 2A000000 		.4byte	.LASF31
 963 023f 01       		.byte	0x1
 964 0240 B8       		.byte	0xb8
 965 0241 00000000 		.4byte	.LFB6
 966 0245 F4000000 		.4byte	.LFE6-.LFB6
 967 0249 01       		.uleb128 0x1
 968 024a 9C       		.byte	0x9c
 969 024b 15       		.uleb128 0x15
 970 024c 0D000000 		.4byte	.LASF32
 971 0250 01       		.byte	0x1
 972 0251 FE       		.byte	0xfe
 973 0252 00000000 		.4byte	.LFB7
 974 0256 28000000 		.4byte	.LFE7-.LFB7
 975 025a 01       		.uleb128 0x1
 976 025b 9C       		.byte	0x9c
 977 025c 16       		.uleb128 0x16
 978 025d 43010000 		.4byte	.LASF42
 979 0261 01       		.byte	0x1
 980 0262 1901     		.2byte	0x119
 981 0264 F4000000 		.4byte	.LFB8
 982 0268 94010000 		.4byte	.LFE8-.LFB8
 983 026c 01       		.uleb128 0x1
 984 026d 9C       		.byte	0x9c
 985 026e 28030000 		.4byte	0x328
 986 0272 11       		.uleb128 0x11
 987 0273 02010000 		.4byte	.LBB3
 988 0277 D2000000 		.4byte	.LBE3-.LBB3
 989 027b 17       		.uleb128 0x17
 990 027c 35000000 		.4byte	.LASF33
 991 0280 01       		.byte	0x1
ARM GAS  C:\Users\Amin\AppData\Local\Temp\ccTUWWsi.s 			page 25


 992 0281 2101     		.2byte	0x121
 993 0283 38030000 		.4byte	0x338
 994 0287 05       		.uleb128 0x5
 995 0288 03       		.byte	0x3
 996 0289 0C000000 		.4byte	cy_cfg_addr_table.4738
 997 028d 17       		.uleb128 0x17
 998 028e 47000000 		.4byte	.LASF34
 999 0292 01       		.byte	0x1
 1000 0293 2501     		.2byte	0x125
 1001 0295 4D030000 		.4byte	0x34d
 1002 0299 05       		.uleb128 0x5
 1003 029a 03       		.byte	0x3
 1004 029b 10000000 		.4byte	cy_cfg_data_table.4739
 1005 029f 18       		.uleb128 0x18
 1006 02a0 06       		.byte	0x6
 1007 02a1 01       		.byte	0x1
 1008 02a2 2C01     		.2byte	0x12c
 1009 02a4 C3020000 		.4byte	0x2c3
 1010 02a8 19       		.uleb128 0x19
 1011 02a9 BC010000 		.4byte	.LASF35
 1012 02ad 01       		.byte	0x1
 1013 02ae 2D01     		.2byte	0x12d
 1014 02b0 7D000000 		.4byte	0x7d
 1015 02b4 00       		.byte	0
 1016 02b5 19       		.uleb128 0x19
 1017 02b6 F0000000 		.4byte	.LASF36
 1018 02ba 01       		.byte	0x1
 1019 02bb 2E01     		.2byte	0x12e
 1020 02bd 91000000 		.4byte	0x91
 1021 02c1 04       		.byte	0x4
 1022 02c2 00       		.byte	0
 1023 02c3 06       		.uleb128 0x6
 1024 02c4 DB010000 		.4byte	.LASF37
 1025 02c8 01       		.byte	0x1
 1026 02c9 2F01     		.2byte	0x12f
 1027 02cb 9F020000 		.4byte	0x29f
 1028 02cf 1A       		.uleb128 0x1a
 1029 02d0 C3020000 		.4byte	0x2c3
 1030 02d4 DF020000 		.4byte	0x2df
 1031 02d8 1B       		.uleb128 0x1b
 1032 02d9 76000000 		.4byte	0x76
 1033 02dd 01       		.byte	0x1
 1034 02de 00       		.byte	0
 1035 02df 17       		.uleb128 0x17
 1036 02e0 E0000000 		.4byte	.LASF38
 1037 02e4 01       		.byte	0x1
 1038 02e5 3101     		.2byte	0x131
 1039 02e7 F1020000 		.4byte	0x2f1
 1040 02eb 05       		.uleb128 0x5
 1041 02ec 03       		.byte	0x3
 1042 02ed 00000000 		.4byte	cfg_memset_list.4744
 1043 02f1 13       		.uleb128 0x13
 1044 02f2 CF020000 		.4byte	0x2cf
 1045 02f6 1C       		.uleb128 0x1c
 1046 02f7 6900     		.ascii	"i\000"
 1047 02f9 01       		.byte	0x1
 1048 02fa 3701     		.2byte	0x137
ARM GAS  C:\Users\Amin\AppData\Local\Temp\ccTUWWsi.s 			page 26


 1049 02fc 86000000 		.4byte	0x86
 1050 0300 02       		.uleb128 0x2
 1051 0301 91       		.byte	0x91
 1052 0302 77       		.sleb128 -9
 1053 0303 11       		.uleb128 0x11
 1054 0304 0A010000 		.4byte	.LBB4
 1055 0308 3E000000 		.4byte	.LBE4-.LBB4
 1056 030c 1C       		.uleb128 0x1c
 1057 030d 6D7300   		.ascii	"ms\000"
 1058 0310 01       		.byte	0x1
 1059 0311 3C01     		.2byte	0x13c
 1060 0313 1A030000 		.4byte	0x31a
 1061 0317 02       		.uleb128 0x2
 1062 0318 91       		.byte	0x91
 1063 0319 70       		.sleb128 -16
 1064 031a 0D       		.uleb128 0xd
 1065 031b 04       		.byte	0x4
 1066 031c 20030000 		.4byte	0x320
 1067 0320 13       		.uleb128 0x13
 1068 0321 C3020000 		.4byte	0x2c3
 1069 0325 00       		.byte	0
 1070 0326 00       		.byte	0
 1071 0327 00       		.byte	0
 1072 0328 1A       		.uleb128 0x1a
 1073 0329 9C000000 		.4byte	0x9c
 1074 032d 38030000 		.4byte	0x338
 1075 0331 1B       		.uleb128 0x1b
 1076 0332 76000000 		.4byte	0x76
 1077 0336 00       		.byte	0
 1078 0337 00       		.byte	0
 1079 0338 13       		.uleb128 0x13
 1080 0339 28030000 		.4byte	0x328
 1081 033d 1A       		.uleb128 0x1a
 1082 033e F8000000 		.4byte	0xf8
 1083 0342 4D030000 		.4byte	0x34d
 1084 0346 1B       		.uleb128 0x1b
 1085 0347 76000000 		.4byte	0x76
 1086 034b 01       		.byte	0x1
 1087 034c 00       		.byte	0
 1088 034d 13       		.uleb128 0x13
 1089 034e 3D030000 		.4byte	0x33d
 1090 0352 00       		.byte	0
 1091              		.section	.debug_abbrev,"",%progbits
 1092              	.Ldebug_abbrev0:
 1093 0000 01       		.uleb128 0x1
 1094 0001 11       		.uleb128 0x11
 1095 0002 01       		.byte	0x1
 1096 0003 25       		.uleb128 0x25
 1097 0004 0E       		.uleb128 0xe
 1098 0005 13       		.uleb128 0x13
 1099 0006 0B       		.uleb128 0xb
 1100 0007 03       		.uleb128 0x3
 1101 0008 0E       		.uleb128 0xe
 1102 0009 1B       		.uleb128 0x1b
 1103 000a 0E       		.uleb128 0xe
 1104 000b 55       		.uleb128 0x55
 1105 000c 17       		.uleb128 0x17
ARM GAS  C:\Users\Amin\AppData\Local\Temp\ccTUWWsi.s 			page 27


 1106 000d 11       		.uleb128 0x11
 1107 000e 01       		.uleb128 0x1
 1108 000f 10       		.uleb128 0x10
 1109 0010 17       		.uleb128 0x17
 1110 0011 00       		.byte	0
 1111 0012 00       		.byte	0
 1112 0013 02       		.uleb128 0x2
 1113 0014 24       		.uleb128 0x24
 1114 0015 00       		.byte	0
 1115 0016 0B       		.uleb128 0xb
 1116 0017 0B       		.uleb128 0xb
 1117 0018 3E       		.uleb128 0x3e
 1118 0019 0B       		.uleb128 0xb
 1119 001a 03       		.uleb128 0x3
 1120 001b 08       		.uleb128 0x8
 1121 001c 00       		.byte	0
 1122 001d 00       		.byte	0
 1123 001e 03       		.uleb128 0x3
 1124 001f 16       		.uleb128 0x16
 1125 0020 00       		.byte	0
 1126 0021 03       		.uleb128 0x3
 1127 0022 0E       		.uleb128 0xe
 1128 0023 3A       		.uleb128 0x3a
 1129 0024 0B       		.uleb128 0xb
 1130 0025 3B       		.uleb128 0x3b
 1131 0026 0B       		.uleb128 0xb
 1132 0027 49       		.uleb128 0x49
 1133 0028 13       		.uleb128 0x13
 1134 0029 00       		.byte	0
 1135 002a 00       		.byte	0
 1136 002b 04       		.uleb128 0x4
 1137 002c 24       		.uleb128 0x24
 1138 002d 00       		.byte	0
 1139 002e 0B       		.uleb128 0xb
 1140 002f 0B       		.uleb128 0xb
 1141 0030 3E       		.uleb128 0x3e
 1142 0031 0B       		.uleb128 0xb
 1143 0032 03       		.uleb128 0x3
 1144 0033 0E       		.uleb128 0xe
 1145 0034 00       		.byte	0
 1146 0035 00       		.byte	0
 1147 0036 05       		.uleb128 0x5
 1148 0037 0F       		.uleb128 0xf
 1149 0038 00       		.byte	0
 1150 0039 0B       		.uleb128 0xb
 1151 003a 0B       		.uleb128 0xb
 1152 003b 00       		.byte	0
 1153 003c 00       		.byte	0
 1154 003d 06       		.uleb128 0x6
 1155 003e 16       		.uleb128 0x16
 1156 003f 00       		.byte	0
 1157 0040 03       		.uleb128 0x3
 1158 0041 0E       		.uleb128 0xe
 1159 0042 3A       		.uleb128 0x3a
 1160 0043 0B       		.uleb128 0xb
 1161 0044 3B       		.uleb128 0x3b
 1162 0045 05       		.uleb128 0x5
ARM GAS  C:\Users\Amin\AppData\Local\Temp\ccTUWWsi.s 			page 28


 1163 0046 49       		.uleb128 0x49
 1164 0047 13       		.uleb128 0x13
 1165 0048 00       		.byte	0
 1166 0049 00       		.byte	0
 1167 004a 07       		.uleb128 0x7
 1168 004b 35       		.uleb128 0x35
 1169 004c 00       		.byte	0
 1170 004d 49       		.uleb128 0x49
 1171 004e 13       		.uleb128 0x13
 1172 004f 00       		.byte	0
 1173 0050 00       		.byte	0
 1174 0051 08       		.uleb128 0x8
 1175 0052 13       		.uleb128 0x13
 1176 0053 01       		.byte	0x1
 1177 0054 0B       		.uleb128 0xb
 1178 0055 0B       		.uleb128 0xb
 1179 0056 3A       		.uleb128 0x3a
 1180 0057 0B       		.uleb128 0xb
 1181 0058 3B       		.uleb128 0x3b
 1182 0059 0B       		.uleb128 0xb
 1183 005a 01       		.uleb128 0x1
 1184 005b 13       		.uleb128 0x13
 1185 005c 00       		.byte	0
 1186 005d 00       		.byte	0
 1187 005e 09       		.uleb128 0x9
 1188 005f 0D       		.uleb128 0xd
 1189 0060 00       		.byte	0
 1190 0061 03       		.uleb128 0x3
 1191 0062 0E       		.uleb128 0xe
 1192 0063 3A       		.uleb128 0x3a
 1193 0064 0B       		.uleb128 0xb
 1194 0065 3B       		.uleb128 0x3b
 1195 0066 0B       		.uleb128 0xb
 1196 0067 49       		.uleb128 0x49
 1197 0068 13       		.uleb128 0x13
 1198 0069 38       		.uleb128 0x38
 1199 006a 0B       		.uleb128 0xb
 1200 006b 00       		.byte	0
 1201 006c 00       		.byte	0
 1202 006d 0A       		.uleb128 0xa
 1203 006e 2E       		.uleb128 0x2e
 1204 006f 01       		.byte	0x1
 1205 0070 03       		.uleb128 0x3
 1206 0071 0E       		.uleb128 0xe
 1207 0072 3A       		.uleb128 0x3a
 1208 0073 0B       		.uleb128 0xb
 1209 0074 3B       		.uleb128 0x3b
 1210 0075 0B       		.uleb128 0xb
 1211 0076 27       		.uleb128 0x27
 1212 0077 19       		.uleb128 0x19
 1213 0078 11       		.uleb128 0x11
 1214 0079 01       		.uleb128 0x1
 1215 007a 12       		.uleb128 0x12
 1216 007b 06       		.uleb128 0x6
 1217 007c 40       		.uleb128 0x40
 1218 007d 18       		.uleb128 0x18
 1219 007e 9642     		.uleb128 0x2116
ARM GAS  C:\Users\Amin\AppData\Local\Temp\ccTUWWsi.s 			page 29


 1220 0080 19       		.uleb128 0x19
 1221 0081 01       		.uleb128 0x1
 1222 0082 13       		.uleb128 0x13
 1223 0083 00       		.byte	0
 1224 0084 00       		.byte	0
 1225 0085 0B       		.uleb128 0xb
 1226 0086 05       		.uleb128 0x5
 1227 0087 00       		.byte	0
 1228 0088 03       		.uleb128 0x3
 1229 0089 08       		.uleb128 0x8
 1230 008a 3A       		.uleb128 0x3a
 1231 008b 0B       		.uleb128 0xb
 1232 008c 3B       		.uleb128 0x3b
 1233 008d 0B       		.uleb128 0xb
 1234 008e 49       		.uleb128 0x49
 1235 008f 13       		.uleb128 0x13
 1236 0090 02       		.uleb128 0x2
 1237 0091 18       		.uleb128 0x18
 1238 0092 00       		.byte	0
 1239 0093 00       		.byte	0
 1240 0094 0C       		.uleb128 0xc
 1241 0095 05       		.uleb128 0x5
 1242 0096 00       		.byte	0
 1243 0097 03       		.uleb128 0x3
 1244 0098 0E       		.uleb128 0xe
 1245 0099 3A       		.uleb128 0x3a
 1246 009a 0B       		.uleb128 0xb
 1247 009b 3B       		.uleb128 0x3b
 1248 009c 0B       		.uleb128 0xb
 1249 009d 49       		.uleb128 0x49
 1250 009e 13       		.uleb128 0x13
 1251 009f 02       		.uleb128 0x2
 1252 00a0 18       		.uleb128 0x18
 1253 00a1 00       		.byte	0
 1254 00a2 00       		.byte	0
 1255 00a3 0D       		.uleb128 0xd
 1256 00a4 0F       		.uleb128 0xf
 1257 00a5 00       		.byte	0
 1258 00a6 0B       		.uleb128 0xb
 1259 00a7 0B       		.uleb128 0xb
 1260 00a8 49       		.uleb128 0x49
 1261 00a9 13       		.uleb128 0x13
 1262 00aa 00       		.byte	0
 1263 00ab 00       		.byte	0
 1264 00ac 0E       		.uleb128 0xe
 1265 00ad 26       		.uleb128 0x26
 1266 00ae 00       		.byte	0
 1267 00af 00       		.byte	0
 1268 00b0 00       		.byte	0
 1269 00b1 0F       		.uleb128 0xf
 1270 00b2 2E       		.uleb128 0x2e
 1271 00b3 01       		.byte	0x1
 1272 00b4 03       		.uleb128 0x3
 1273 00b5 0E       		.uleb128 0xe
 1274 00b6 3A       		.uleb128 0x3a
 1275 00b7 0B       		.uleb128 0xb
 1276 00b8 3B       		.uleb128 0x3b
ARM GAS  C:\Users\Amin\AppData\Local\Temp\ccTUWWsi.s 			page 30


 1277 00b9 0B       		.uleb128 0xb
 1278 00ba 27       		.uleb128 0x27
 1279 00bb 19       		.uleb128 0x19
 1280 00bc 11       		.uleb128 0x11
 1281 00bd 01       		.uleb128 0x1
 1282 00be 12       		.uleb128 0x12
 1283 00bf 06       		.uleb128 0x6
 1284 00c0 40       		.uleb128 0x40
 1285 00c1 18       		.uleb128 0x18
 1286 00c2 9742     		.uleb128 0x2117
 1287 00c4 19       		.uleb128 0x19
 1288 00c5 01       		.uleb128 0x1
 1289 00c6 13       		.uleb128 0x13
 1290 00c7 00       		.byte	0
 1291 00c8 00       		.byte	0
 1292 00c9 10       		.uleb128 0x10
 1293 00ca 34       		.uleb128 0x34
 1294 00cb 00       		.byte	0
 1295 00cc 03       		.uleb128 0x3
 1296 00cd 08       		.uleb128 0x8
 1297 00ce 3A       		.uleb128 0x3a
 1298 00cf 0B       		.uleb128 0xb
 1299 00d0 3B       		.uleb128 0x3b
 1300 00d1 0B       		.uleb128 0xb
 1301 00d2 49       		.uleb128 0x49
 1302 00d3 13       		.uleb128 0x13
 1303 00d4 02       		.uleb128 0x2
 1304 00d5 18       		.uleb128 0x18
 1305 00d6 00       		.byte	0
 1306 00d7 00       		.byte	0
 1307 00d8 11       		.uleb128 0x11
 1308 00d9 0B       		.uleb128 0xb
 1309 00da 01       		.byte	0x1
 1310 00db 11       		.uleb128 0x11
 1311 00dc 01       		.uleb128 0x1
 1312 00dd 12       		.uleb128 0x12
 1313 00de 06       		.uleb128 0x6
 1314 00df 00       		.byte	0
 1315 00e0 00       		.byte	0
 1316 00e1 12       		.uleb128 0x12
 1317 00e2 34       		.uleb128 0x34
 1318 00e3 00       		.byte	0
 1319 00e4 03       		.uleb128 0x3
 1320 00e5 0E       		.uleb128 0xe
 1321 00e6 3A       		.uleb128 0x3a
 1322 00e7 0B       		.uleb128 0xb
 1323 00e8 3B       		.uleb128 0x3b
 1324 00e9 0B       		.uleb128 0xb
 1325 00ea 49       		.uleb128 0x49
 1326 00eb 13       		.uleb128 0x13
 1327 00ec 02       		.uleb128 0x2
 1328 00ed 18       		.uleb128 0x18
 1329 00ee 00       		.byte	0
 1330 00ef 00       		.byte	0
 1331 00f0 13       		.uleb128 0x13
 1332 00f1 26       		.uleb128 0x26
 1333 00f2 00       		.byte	0
ARM GAS  C:\Users\Amin\AppData\Local\Temp\ccTUWWsi.s 			page 31


 1334 00f3 49       		.uleb128 0x49
 1335 00f4 13       		.uleb128 0x13
 1336 00f5 00       		.byte	0
 1337 00f6 00       		.byte	0
 1338 00f7 14       		.uleb128 0x14
 1339 00f8 2E       		.uleb128 0x2e
 1340 00f9 00       		.byte	0
 1341 00fa 03       		.uleb128 0x3
 1342 00fb 0E       		.uleb128 0xe
 1343 00fc 3A       		.uleb128 0x3a
 1344 00fd 0B       		.uleb128 0xb
 1345 00fe 3B       		.uleb128 0x3b
 1346 00ff 0B       		.uleb128 0xb
 1347 0100 27       		.uleb128 0x27
 1348 0101 19       		.uleb128 0x19
 1349 0102 11       		.uleb128 0x11
 1350 0103 01       		.uleb128 0x1
 1351 0104 12       		.uleb128 0x12
 1352 0105 06       		.uleb128 0x6
 1353 0106 40       		.uleb128 0x40
 1354 0107 18       		.uleb128 0x18
 1355 0108 9642     		.uleb128 0x2116
 1356 010a 19       		.uleb128 0x19
 1357 010b 00       		.byte	0
 1358 010c 00       		.byte	0
 1359 010d 15       		.uleb128 0x15
 1360 010e 2E       		.uleb128 0x2e
 1361 010f 00       		.byte	0
 1362 0110 03       		.uleb128 0x3
 1363 0111 0E       		.uleb128 0xe
 1364 0112 3A       		.uleb128 0x3a
 1365 0113 0B       		.uleb128 0xb
 1366 0114 3B       		.uleb128 0x3b
 1367 0115 0B       		.uleb128 0xb
 1368 0116 27       		.uleb128 0x27
 1369 0117 19       		.uleb128 0x19
 1370 0118 11       		.uleb128 0x11
 1371 0119 01       		.uleb128 0x1
 1372 011a 12       		.uleb128 0x12
 1373 011b 06       		.uleb128 0x6
 1374 011c 40       		.uleb128 0x40
 1375 011d 18       		.uleb128 0x18
 1376 011e 9742     		.uleb128 0x2117
 1377 0120 19       		.uleb128 0x19
 1378 0121 00       		.byte	0
 1379 0122 00       		.byte	0
 1380 0123 16       		.uleb128 0x16
 1381 0124 2E       		.uleb128 0x2e
 1382 0125 01       		.byte	0x1
 1383 0126 3F       		.uleb128 0x3f
 1384 0127 19       		.uleb128 0x19
 1385 0128 03       		.uleb128 0x3
 1386 0129 0E       		.uleb128 0xe
 1387 012a 3A       		.uleb128 0x3a
 1388 012b 0B       		.uleb128 0xb
 1389 012c 3B       		.uleb128 0x3b
 1390 012d 05       		.uleb128 0x5
ARM GAS  C:\Users\Amin\AppData\Local\Temp\ccTUWWsi.s 			page 32


 1391 012e 27       		.uleb128 0x27
 1392 012f 19       		.uleb128 0x19
 1393 0130 11       		.uleb128 0x11
 1394 0131 01       		.uleb128 0x1
 1395 0132 12       		.uleb128 0x12
 1396 0133 06       		.uleb128 0x6
 1397 0134 40       		.uleb128 0x40
 1398 0135 18       		.uleb128 0x18
 1399 0136 9642     		.uleb128 0x2116
 1400 0138 19       		.uleb128 0x19
 1401 0139 01       		.uleb128 0x1
 1402 013a 13       		.uleb128 0x13
 1403 013b 00       		.byte	0
 1404 013c 00       		.byte	0
 1405 013d 17       		.uleb128 0x17
 1406 013e 34       		.uleb128 0x34
 1407 013f 00       		.byte	0
 1408 0140 03       		.uleb128 0x3
 1409 0141 0E       		.uleb128 0xe
 1410 0142 3A       		.uleb128 0x3a
 1411 0143 0B       		.uleb128 0xb
 1412 0144 3B       		.uleb128 0x3b
 1413 0145 05       		.uleb128 0x5
 1414 0146 49       		.uleb128 0x49
 1415 0147 13       		.uleb128 0x13
 1416 0148 02       		.uleb128 0x2
 1417 0149 18       		.uleb128 0x18
 1418 014a 00       		.byte	0
 1419 014b 00       		.byte	0
 1420 014c 18       		.uleb128 0x18
 1421 014d 13       		.uleb128 0x13
 1422 014e 01       		.byte	0x1
 1423 014f 0B       		.uleb128 0xb
 1424 0150 0B       		.uleb128 0xb
 1425 0151 3A       		.uleb128 0x3a
 1426 0152 0B       		.uleb128 0xb
 1427 0153 3B       		.uleb128 0x3b
 1428 0154 05       		.uleb128 0x5
 1429 0155 01       		.uleb128 0x1
 1430 0156 13       		.uleb128 0x13
 1431 0157 00       		.byte	0
 1432 0158 00       		.byte	0
 1433 0159 19       		.uleb128 0x19
 1434 015a 0D       		.uleb128 0xd
 1435 015b 00       		.byte	0
 1436 015c 03       		.uleb128 0x3
 1437 015d 0E       		.uleb128 0xe
 1438 015e 3A       		.uleb128 0x3a
 1439 015f 0B       		.uleb128 0xb
 1440 0160 3B       		.uleb128 0x3b
 1441 0161 05       		.uleb128 0x5
 1442 0162 49       		.uleb128 0x49
 1443 0163 13       		.uleb128 0x13
 1444 0164 38       		.uleb128 0x38
 1445 0165 0B       		.uleb128 0xb
 1446 0166 00       		.byte	0
 1447 0167 00       		.byte	0
ARM GAS  C:\Users\Amin\AppData\Local\Temp\ccTUWWsi.s 			page 33


 1448 0168 1A       		.uleb128 0x1a
 1449 0169 01       		.uleb128 0x1
 1450 016a 01       		.byte	0x1
 1451 016b 49       		.uleb128 0x49
 1452 016c 13       		.uleb128 0x13
 1453 016d 01       		.uleb128 0x1
 1454 016e 13       		.uleb128 0x13
 1455 016f 00       		.byte	0
 1456 0170 00       		.byte	0
 1457 0171 1B       		.uleb128 0x1b
 1458 0172 21       		.uleb128 0x21
 1459 0173 00       		.byte	0
 1460 0174 49       		.uleb128 0x49
 1461 0175 13       		.uleb128 0x13
 1462 0176 2F       		.uleb128 0x2f
 1463 0177 0B       		.uleb128 0xb
 1464 0178 00       		.byte	0
 1465 0179 00       		.byte	0
 1466 017a 1C       		.uleb128 0x1c
 1467 017b 34       		.uleb128 0x34
 1468 017c 00       		.byte	0
 1469 017d 03       		.uleb128 0x3
 1470 017e 08       		.uleb128 0x8
 1471 017f 3A       		.uleb128 0x3a
 1472 0180 0B       		.uleb128 0xb
 1473 0181 3B       		.uleb128 0x3b
 1474 0182 05       		.uleb128 0x5
 1475 0183 49       		.uleb128 0x49
 1476 0184 13       		.uleb128 0x13
 1477 0185 02       		.uleb128 0x2
 1478 0186 18       		.uleb128 0x18
 1479 0187 00       		.byte	0
 1480 0188 00       		.byte	0
 1481 0189 00       		.byte	0
 1482              		.section	.debug_aranges,"",%progbits
 1483 0000 4C000000 		.4byte	0x4c
 1484 0004 0200     		.2byte	0x2
 1485 0006 00000000 		.4byte	.Ldebug_info0
 1486 000a 04       		.byte	0x4
 1487 000b 00       		.byte	0
 1488 000c 0000     		.2byte	0
 1489 000e 0000     		.2byte	0
 1490 0010 00000000 		.4byte	.LFB2
 1491 0014 1E000000 		.4byte	.LFE2-.LFB2
 1492 0018 00000000 		.4byte	.LFB3
 1493 001c 22000000 		.4byte	.LFE3-.LFB3
 1494 0020 00000000 		.4byte	.LFB4
 1495 0024 22000000 		.4byte	.LFE4-.LFB4
 1496 0028 00000000 		.4byte	.LFB5
 1497 002c 7E000000 		.4byte	.LFE5-.LFB5
 1498 0030 00000000 		.4byte	.LFB6
 1499 0034 F4000000 		.4byte	.LFE6-.LFB6
 1500 0038 00000000 		.4byte	.LFB7
 1501 003c 28000000 		.4byte	.LFE7-.LFB7
 1502 0040 F4000000 		.4byte	.LFB8
 1503 0044 94010000 		.4byte	.LFE8-.LFB8
 1504 0048 00000000 		.4byte	0
ARM GAS  C:\Users\Amin\AppData\Local\Temp\ccTUWWsi.s 			page 34


 1505 004c 00000000 		.4byte	0
 1506              		.section	.debug_ranges,"",%progbits
 1507              	.Ldebug_ranges0:
 1508 0000 00000000 		.4byte	.LFB2
 1509 0004 1E000000 		.4byte	.LFE2
 1510 0008 00000000 		.4byte	.LFB3
 1511 000c 22000000 		.4byte	.LFE3
 1512 0010 00000000 		.4byte	.LFB4
 1513 0014 22000000 		.4byte	.LFE4
 1514 0018 00000000 		.4byte	.LFB5
 1515 001c 7E000000 		.4byte	.LFE5
 1516 0020 00000000 		.4byte	.LFB6
 1517 0024 F4000000 		.4byte	.LFE6
 1518 0028 00000000 		.4byte	.LFB7
 1519 002c 28000000 		.4byte	.LFE7
 1520 0030 F4000000 		.4byte	.LFB8
 1521 0034 88020000 		.4byte	.LFE8
 1522 0038 00000000 		.4byte	0
 1523 003c 00000000 		.4byte	0
 1524              		.section	.debug_line,"",%progbits
 1525              	.Ldebug_line0:
 1526 0000 A4010000 		.section	.debug_str,"MS",%progbits,1
 1526      0200CD00 
 1526      00000201 
 1526      FB0E0D00 
 1526      01010101 
 1527              	.LASF18:
 1528 0000 72656733 		.ascii	"reg32\000"
 1528      3200
 1529              	.LASF11:
 1530 0006 73697A65 		.ascii	"size_t\000"
 1530      5F7400
 1531              	.LASF32:
 1532 000d 416E616C 		.ascii	"AnalogSetDefault\000"
 1532      6F675365 
 1532      74446566 
 1532      61756C74 
 1532      00
 1533              	.LASF20:
 1534 001e 76616C75 		.ascii	"value\000"
 1534      6500
 1535              	.LASF30:
 1536 0024 636F756E 		.ascii	"count\000"
 1536      7400
 1537              	.LASF31:
 1538 002a 436C6F63 		.ascii	"ClockSetup\000"
 1538      6B536574 
 1538      757000
 1539              	.LASF33:
 1540 0035 63795F63 		.ascii	"cy_cfg_addr_table\000"
 1540      66675F61 
 1540      6464725F 
 1540      7461626C 
 1540      6500
 1541              	.LASF34:
 1542 0047 63795F63 		.ascii	"cy_cfg_data_table\000"
 1542      66675F64 
ARM GAS  C:\Users\Amin\AppData\Local\Temp\ccTUWWsi.s 			page 35


 1542      6174615F 
 1542      7461626C 
 1542      6500
 1543              	.LASF15:
 1544 0059 666C6F61 		.ascii	"float\000"
 1544      7400
 1545              	.LASF39:
 1546 005f 474E5520 		.ascii	"GNU C 4.8.4 20140526 (release) [ARM/embedded-4_8-br"
 1546      4320342E 
 1546      382E3420 
 1546      32303134 
 1546      30353236 
 1547 0092 616E6368 		.ascii	"anch revision 211358] -mcpu=cortex-m0 -mthumb -g -O"
 1547      20726576 
 1547      6973696F 
 1547      6E203231 
 1547      31333538 
 1548 00c5 30202D66 		.ascii	"0 -ffunction-sections\000"
 1548      66756E63 
 1548      74696F6E 
 1548      2D736563 
 1548      74696F6E 
 1549              	.LASF24:
 1550 00db 64657374 		.ascii	"dest\000"
 1550      00
 1551              	.LASF38:
 1552 00e0 6366675F 		.ascii	"cfg_memset_list\000"
 1552      6D656D73 
 1552      65745F6C 
 1552      69737400 
 1553              	.LASF36:
 1554 00f0 73697A65 		.ascii	"size\000"
 1554      00
 1555              	.LASF17:
 1556 00f5 72656738 		.ascii	"reg8\000"
 1556      00
 1557              	.LASF6:
 1558 00fa 6C6F6E67 		.ascii	"long unsigned int\000"
 1558      20756E73 
 1558      69676E65 
 1558      6420696E 
 1558      7400
 1559              	.LASF12:
 1560 010c 75696E74 		.ascii	"uint8\000"
 1560      3800
 1561              	.LASF22:
 1562 0112 43594D45 		.ascii	"CYMEMZERO\000"
 1562      4D5A4552 
 1562      4F00
 1563              	.LASF2:
 1564 011c 756E7369 		.ascii	"unsigned char\000"
 1564      676E6564 
 1564      20636861 
 1564      7200
 1565              	.LASF16:
 1566 012a 646F7562 		.ascii	"double\000"
 1566      6C6500
ARM GAS  C:\Users\Amin\AppData\Local\Temp\ccTUWWsi.s 			page 36


 1567              	.LASF26:
 1568 0131 6366675F 		.ascii	"cfg_write_bytes32\000"
 1568      77726974 
 1568      655F6279 
 1568      74657333 
 1568      3200
 1569              	.LASF42:
 1570 0143 63796669 		.ascii	"cyfitter_cfg\000"
 1570      74746572 
 1570      5F636667 
 1570      00
 1571              	.LASF27:
 1572 0150 61646472 		.ascii	"addr_table\000"
 1572      5F746162 
 1572      6C6500
 1573              	.LASF13:
 1574 015b 75696E74 		.ascii	"uint16\000"
 1574      313600
 1575              	.LASF28:
 1576 0162 64617461 		.ascii	"data_table\000"
 1576      5F746162 
 1576      6C6500
 1577              	.LASF41:
 1578 016d 453A5C32 		.ascii	"E:\\2016.05.27_BLE\\Final\\Cleint and Server-Periph"
 1578      3031362E 
 1578      30352E32 
 1578      375F424C 
 1578      455C4669 
 1579 019d 6572616C 		.ascii	"eral.cydsn\000"
 1579      2E637964 
 1579      736E00
 1580              	.LASF14:
 1581 01a8 75696E74 		.ascii	"uint32\000"
 1581      333200
 1582              	.LASF0:
 1583 01af 756E7369 		.ascii	"unsigned int\000"
 1583      676E6564 
 1583      20696E74 
 1583      00
 1584              	.LASF35:
 1585 01bc 61646472 		.ascii	"address\000"
 1585      65737300 
 1586              	.LASF8:
 1587 01c4 6C6F6E67 		.ascii	"long long unsigned int\000"
 1587      206C6F6E 
 1587      6720756E 
 1587      7369676E 
 1587      65642069 
 1588              	.LASF37:
 1589 01db 6366675F 		.ascii	"cfg_memset_t\000"
 1589      6D656D73 
 1589      65745F74 
 1589      00
 1590              	.LASF29:
 1591 01e8 62617365 		.ascii	"baseAddr\000"
 1591      41646472 
 1591      00
ARM GAS  C:\Users\Amin\AppData\Local\Temp\ccTUWWsi.s 			page 37


 1592              	.LASF9:
 1593 01f1 73697A65 		.ascii	"sizetype\000"
 1593      74797065 
 1593      00
 1594              	.LASF40:
 1595 01fa 2E5C4765 		.ascii	".\\Generated_Source\\PSoC4\\cyfitter_cfg.c\000"
 1595      6E657261 
 1595      7465645F 
 1595      536F7572 
 1595      63655C50 
 1596              	.LASF7:
 1597 0222 6C6F6E67 		.ascii	"long long int\000"
 1597      206C6F6E 
 1597      6720696E 
 1597      7400
 1598              	.LASF10:
 1599 0230 63686172 		.ascii	"char\000"
 1599      00
 1600              	.LASF21:
 1601 0235 63795F63 		.ascii	"cy_cfg_addrvalue_t\000"
 1601      66675F61 
 1601      64647276 
 1601      616C7565 
 1601      5F7400
 1602              	.LASF19:
 1603 0248 6F666673 		.ascii	"offset\000"
 1603      657400
 1604              	.LASF3:
 1605 024f 73686F72 		.ascii	"short int\000"
 1605      7420696E 
 1605      7400
 1606              	.LASF5:
 1607 0259 6C6F6E67 		.ascii	"long int\000"
 1607      20696E74 
 1607      00
 1608              	.LASF1:
 1609 0262 7369676E 		.ascii	"signed char\000"
 1609      65642063 
 1609      68617200 
 1610              	.LASF4:
 1611 026e 73686F72 		.ascii	"short unsigned int\000"
 1611      7420756E 
 1611      7369676E 
 1611      65642069 
 1611      6E7400
 1612              	.LASF25:
 1613 0281 4359434F 		.ascii	"CYCONFIGCPYCODE\000"
 1613      4E464947 
 1613      43505943 
 1613      4F444500 
 1614              	.LASF23:
 1615 0291 4359434F 		.ascii	"CYCONFIGCPY\000"
 1615      4E464947 
 1615      43505900 
 1616              		.ident	"GCC: (GNU Tools for ARM Embedded Processors) 4.8.4 20140526 (release) [ARM/embedded-4_8-br
