--------------- Clean Started: 06/24/2016 21:45:05 Project: BLE Lab 3, Configuration: ARM GCC 4.8.4 Debug ---------------
Deleting file ".\CortexM0\ARM_GCC_484\Debug\main.o"
Deleting file ".\CortexM0\ARM_GCC_484\Debug\BLEApplications.o"
Deleting file ".\CortexM0\ARM_GCC_484\Debug\cyfitter_cfg.o"
Deleting file ".\CortexM0\ARM_GCC_484\Debug\cymetadata.o"
Deleting file ".\CortexM0\ARM_GCC_484\Debug\GREEN.o"
Deleting file ".\CortexM0\ARM_GCC_484\Debug\RED.o"
Deleting file ".\CortexM0\ARM_GCC_484\Debug\PRS_Clock.o"
Deleting file ".\CortexM0\ARM_GCC_484\Debug\PRS_2.o"
Deleting file ".\CortexM0\ARM_GCC_484\Debug\PRS_2_PM.o"
Deleting file ".\CortexM0\ARM_GCC_484\Debug\PRS_1.o"
Deleting file ".\CortexM0\ARM_GCC_484\Debug\PRS_1_PM.o"
Deleting file ".\CortexM0\ARM_GCC_484\Debug\BLUE.o"
Deleting file ".\CortexM0\ARM_GCC_484\Debug\BLE.o"
Deleting file ".\CortexM0\ARM_GCC_484\Debug\BLE_gatt.o"
Deleting file ".\CortexM0\ARM_GCC_484\Debug\BLE_eventHandler.o"
Deleting file ".\CortexM0\ARM_GCC_484\Debug\BLE_HAL_INT.o"
Deleting file ".\CortexM0\ARM_GCC_484\Debug\BLE_HAL_PVT.o"
Deleting file ".\CortexM0\ARM_GCC_484\Debug\BLE_custom.o"
Deleting file ".\CortexM0\ARM_GCC_484\Debug\CapSense.o"
Deleting file ".\CortexM0\ARM_GCC_484\Debug\CapSense_PM.o"
Deleting file ".\CortexM0\ARM_GCC_484\Debug\CapSense_CSHL.o"
Deleting file ".\CortexM0\ARM_GCC_484\Debug\CapSense_INT.o"
Deleting file ".\CortexM0\ARM_GCC_484\Debug\CapSense_TunerHelper.o"
Deleting file ".\CortexM0\ARM_GCC_484\Debug\CapSense_SMS.o"
Deleting file ".\CortexM0\ARM_GCC_484\Debug\BLE_bless_isr.o"
Deleting file ".\CortexM0\ARM_GCC_484\Debug\CapSense_SampleClk.o"
Deleting file ".\CortexM0\ARM_GCC_484\Debug\CapSense_SenseClk.o"
Deleting file ".\CortexM0\ARM_GCC_484\Debug\Cm0Start.o"
Deleting file ".\CortexM0\ARM_GCC_484\Debug\CyBootAsmGnu.o"
Deleting file ".\CortexM0\ARM_GCC_484\Debug\CyFlash.o"
Deleting file ".\CortexM0\ARM_GCC_484\Debug\CyLib.o"
Deleting file ".\CortexM0\ARM_GCC_484\Debug\cyPm.o"
Deleting file ".\CortexM0\ARM_GCC_484\Debug\cyutils.o"
Deleting file ".\CortexM0\ARM_GCC_484\Debug\BLE Lab 3.hex"
Deleting file ".\CortexM0\ARM_GCC_484\Debug\BLE Lab 3.elf"
Deleting file ".\CortexM0\ARM_GCC_484\Debug\BLE Lab 3.map"
Deleting file ".\BLE Lab 3.cycdx"
Deleting file ".\BLE Lab 3.svd"
Deleting file ".\BLE Lab 3.rpt"
Deleting file ".\BLE Lab 3_timing.html"
Deleting file ".\CortexM0\ARM_GCC_484\Debug\.deps\C_FILE.P"
Deleting file ".\CortexM0\ARM_GCC_484\Debug\.deps\ARM_C_FILE.P"
Deleting file ".\CortexM0\ARM_GCC_484\Debug\.deps\GNU_ARM_ASM_FILE.P"
--------------- Clean Succeeded: 06/24/2016 21:45:05 ---------------
