ARM GAS  C:\Users\Amin\AppData\Local\Temp\ccGBww6M.s 			page 1


   1              		.cpu cortex-m0
   2              		.fpu softvfp
   3              		.eabi_attribute 20, 1
   4              		.eabi_attribute 21, 1
   5              		.eabi_attribute 23, 3
   6              		.eabi_attribute 24, 1
   7              		.eabi_attribute 25, 1
   8              		.eabi_attribute 26, 1
   9              		.eabi_attribute 30, 6
  10              		.eabi_attribute 34, 0
  11              		.eabi_attribute 18, 4
  12              		.code	16
  13              		.file	"BLE_dis.c"
  14              		.text
  15              	.Ltext0:
  16              		.cfi_sections	.debug_frame
  17              		.global	cyBle_diss
  18              		.section	.rodata
  19              		.align	2
  20              		.type	cyBle_diss, %object
  21              		.size	cyBle_diss, 20
  22              	cyBle_diss:
  23 0000 0A00     		.short	10
  24 0002 0C00     		.short	12
  25 0004 0E00     		.short	14
  26 0006 1000     		.short	16
  27 0008 1200     		.short	18
  28 000a 1400     		.short	20
  29 000c 1600     		.short	22
  30 000e 1800     		.short	24
  31 0010 1A00     		.short	26
  32 0012 1C00     		.short	28
  33              		.section	.text.CyBle_DisInit,"ax",%progbits
  34              		.align	2
  35              		.global	CyBle_DisInit
  36              		.code	16
  37              		.thumb_func
  38              		.type	CyBle_DisInit, %function
  39              	CyBle_DisInit:
  40              	.LFB2:
  41              		.file 1 ".\\Generated_Source\\PSoC4\\BLE_dis.c"
   1:.\Generated_Source\PSoC4/BLE_dis.c **** /*******************************************************************************
   2:.\Generated_Source\PSoC4/BLE_dis.c **** File Name: CYBLE_dis.c
   3:.\Generated_Source\PSoC4/BLE_dis.c **** Version 1.20
   4:.\Generated_Source\PSoC4/BLE_dis.c **** 
   5:.\Generated_Source\PSoC4/BLE_dis.c **** Description:
   6:.\Generated_Source\PSoC4/BLE_dis.c ****  Contains the source code for the Device Information Service.
   7:.\Generated_Source\PSoC4/BLE_dis.c **** 
   8:.\Generated_Source\PSoC4/BLE_dis.c **** ********************************************************************************
   9:.\Generated_Source\PSoC4/BLE_dis.c **** Copyright 2014-2015, Cypress Semiconductor Corporation.  All rights reserved.
  10:.\Generated_Source\PSoC4/BLE_dis.c **** You may use this file only in accordance with the license, terms, conditions,
  11:.\Generated_Source\PSoC4/BLE_dis.c **** disclaimers, and limitations in the end user license agreement accompanying
  12:.\Generated_Source\PSoC4/BLE_dis.c **** the software package with which this file was provided.
  13:.\Generated_Source\PSoC4/BLE_dis.c **** *******************************************************************************/
  14:.\Generated_Source\PSoC4/BLE_dis.c **** 
  15:.\Generated_Source\PSoC4/BLE_dis.c **** 
  16:.\Generated_Source\PSoC4/BLE_dis.c **** #include "BLE_eventHandler.h"
ARM GAS  C:\Users\Amin\AppData\Local\Temp\ccGBww6M.s 			page 2


  17:.\Generated_Source\PSoC4/BLE_dis.c **** 
  18:.\Generated_Source\PSoC4/BLE_dis.c **** #ifdef CYBLE_DIS_SERVER
  19:.\Generated_Source\PSoC4/BLE_dis.c **** 
  20:.\Generated_Source\PSoC4/BLE_dis.c **** const CYBLE_DISS_T cyBle_diss =
  21:.\Generated_Source\PSoC4/BLE_dis.c **** {
  22:.\Generated_Source\PSoC4/BLE_dis.c ****     0x000Au,    /* Handle of the DIS service */
  23:.\Generated_Source\PSoC4/BLE_dis.c ****     {
  24:.\Generated_Source\PSoC4/BLE_dis.c ****         0x000Cu, /* Handle of the Manufacturer Name String characteristic */ 
  25:.\Generated_Source\PSoC4/BLE_dis.c ****         0x000Eu, /* Handle of the Model Number String characteristic */ 
  26:.\Generated_Source\PSoC4/BLE_dis.c ****         0x0010u, /* Handle of the Serial Number String characteristic */ 
  27:.\Generated_Source\PSoC4/BLE_dis.c ****         0x0012u, /* Handle of the Hardware Revision String characteristic */ 
  28:.\Generated_Source\PSoC4/BLE_dis.c ****         0x0014u, /* Handle of the Firmware Revision String characteristic */ 
  29:.\Generated_Source\PSoC4/BLE_dis.c ****         0x0016u, /* Handle of the Software Revision String characteristic */ 
  30:.\Generated_Source\PSoC4/BLE_dis.c ****         0x0018u, /* Handle of the System ID characteristic */ 
  31:.\Generated_Source\PSoC4/BLE_dis.c ****         0x001Au, /* Handle of the IEEE 11073-20601 Regulatory Certification Data List characteristi
  32:.\Generated_Source\PSoC4/BLE_dis.c ****         0x001Cu, /* Handle of the PnP ID characteristic */ 
  33:.\Generated_Source\PSoC4/BLE_dis.c ****     },
  34:.\Generated_Source\PSoC4/BLE_dis.c **** };
  35:.\Generated_Source\PSoC4/BLE_dis.c **** 
  36:.\Generated_Source\PSoC4/BLE_dis.c **** #endif /* CYBLE_DIS_SERVER */
  37:.\Generated_Source\PSoC4/BLE_dis.c **** 
  38:.\Generated_Source\PSoC4/BLE_dis.c **** #ifdef CYBLE_DIS_CLIENT
  39:.\Generated_Source\PSoC4/BLE_dis.c **** 
  40:.\Generated_Source\PSoC4/BLE_dis.c **** CYBLE_DISC_T cyBle_disc;
  41:.\Generated_Source\PSoC4/BLE_dis.c **** static CYBLE_GATT_DB_ATTR_HANDLE_T cyBle_discReqHandle;
  42:.\Generated_Source\PSoC4/BLE_dis.c **** static CYBLE_CALLBACK_T CyBle_DisApplCallback = NULL;
  43:.\Generated_Source\PSoC4/BLE_dis.c **** 
  44:.\Generated_Source\PSoC4/BLE_dis.c **** #endif /* (CYBLE_DIS_CLIENT) */
  45:.\Generated_Source\PSoC4/BLE_dis.c **** 
  46:.\Generated_Source\PSoC4/BLE_dis.c **** 
  47:.\Generated_Source\PSoC4/BLE_dis.c **** /****************************************************************************** 
  48:.\Generated_Source\PSoC4/BLE_dis.c **** ##Function Name: CyBle_DisInit
  49:.\Generated_Source\PSoC4/BLE_dis.c **** *******************************************************************************
  50:.\Generated_Source\PSoC4/BLE_dis.c **** 
  51:.\Generated_Source\PSoC4/BLE_dis.c **** Summary:
  52:.\Generated_Source\PSoC4/BLE_dis.c ****  This function initializes the DIS service.
  53:.\Generated_Source\PSoC4/BLE_dis.c **** 
  54:.\Generated_Source\PSoC4/BLE_dis.c **** Parameters:
  55:.\Generated_Source\PSoC4/BLE_dis.c ****  None
  56:.\Generated_Source\PSoC4/BLE_dis.c **** 
  57:.\Generated_Source\PSoC4/BLE_dis.c **** Return:
  58:.\Generated_Source\PSoC4/BLE_dis.c ****  None
  59:.\Generated_Source\PSoC4/BLE_dis.c **** 
  60:.\Generated_Source\PSoC4/BLE_dis.c **** ******************************************************************************/
  61:.\Generated_Source\PSoC4/BLE_dis.c **** void CyBle_DisInit(void)
  62:.\Generated_Source\PSoC4/BLE_dis.c **** {
  42              		.loc 1 62 0
  43              		.cfi_startproc
  44 0000 80B5     		push	{r7, lr}
  45              		.cfi_def_cfa_offset 8
  46              		.cfi_offset 7, -8
  47              		.cfi_offset 14, -4
  48 0002 00AF     		add	r7, sp, #0
  49              		.cfi_def_cfa_register 7
  63:.\Generated_Source\PSoC4/BLE_dis.c **** 
  64:.\Generated_Source\PSoC4/BLE_dis.c **** #ifdef CYBLE_DIS_CLIENT
  65:.\Generated_Source\PSoC4/BLE_dis.c **** 
ARM GAS  C:\Users\Amin\AppData\Local\Temp\ccGBww6M.s 			page 3


  66:.\Generated_Source\PSoC4/BLE_dis.c ****     (void)memset(&cyBle_disc, 0, sizeof(cyBle_disc));
  67:.\Generated_Source\PSoC4/BLE_dis.c ****     cyBle_discReqHandle = CYBLE_GATT_INVALID_ATTR_HANDLE_VALUE;
  68:.\Generated_Source\PSoC4/BLE_dis.c **** 
  69:.\Generated_Source\PSoC4/BLE_dis.c **** #endif /* CYBLE_DIS_CLIENT */
  70:.\Generated_Source\PSoC4/BLE_dis.c **** 
  71:.\Generated_Source\PSoC4/BLE_dis.c **** }
  50              		.loc 1 71 0
  51 0004 BD46     		mov	sp, r7
  52              		@ sp needed
  53 0006 80BD     		pop	{r7, pc}
  54              		.cfi_endproc
  55              	.LFE2:
  56              		.size	CyBle_DisInit, .-CyBle_DisInit
  57              		.section	.text.CyBle_DisRegisterAttrCallback,"ax",%progbits
  58              		.align	2
  59              		.global	CyBle_DisRegisterAttrCallback
  60              		.code	16
  61              		.thumb_func
  62              		.type	CyBle_DisRegisterAttrCallback, %function
  63              	CyBle_DisRegisterAttrCallback:
  64              	.LFB3:
  72:.\Generated_Source\PSoC4/BLE_dis.c **** 
  73:.\Generated_Source\PSoC4/BLE_dis.c **** 
  74:.\Generated_Source\PSoC4/BLE_dis.c **** /****************************************************************************** 
  75:.\Generated_Source\PSoC4/BLE_dis.c **** ##Function Name: CyBle_DisRegisterAttrCallback
  76:.\Generated_Source\PSoC4/BLE_dis.c **** *******************************************************************************
  77:.\Generated_Source\PSoC4/BLE_dis.c **** 
  78:.\Generated_Source\PSoC4/BLE_dis.c **** Summary:
  79:.\Generated_Source\PSoC4/BLE_dis.c ****  Registers a callback function for service specific attribute operations.
  80:.\Generated_Source\PSoC4/BLE_dis.c **** 
  81:.\Generated_Source\PSoC4/BLE_dis.c **** Parameters:
  82:.\Generated_Source\PSoC4/BLE_dis.c ****  callbackFunc: An application layer event callback function to receive 
  83:.\Generated_Source\PSoC4/BLE_dis.c ****                    events from the BLE Component. The definition of 
  84:.\Generated_Source\PSoC4/BLE_dis.c ****                    CYBLE_CALLBACK_T for Device Information Service is,
  85:.\Generated_Source\PSoC4/BLE_dis.c ****             
  86:.\Generated_Source\PSoC4/BLE_dis.c ****                    typedef void (* CYBLE_CALLBACK_T) (uint32 eventCode, 
  87:.\Generated_Source\PSoC4/BLE_dis.c ****                                                       void *eventParam)
  88:.\Generated_Source\PSoC4/BLE_dis.c **** 
  89:.\Generated_Source\PSoC4/BLE_dis.c ****                    * eventCode indicates the event that triggered this 
  90:.\Generated_Source\PSoC4/BLE_dis.c ****                      callback.
  91:.\Generated_Source\PSoC4/BLE_dis.c ****                    * eventParam contains the parameters corresponding to the 
  92:.\Generated_Source\PSoC4/BLE_dis.c ****                      current event.
  93:.\Generated_Source\PSoC4/BLE_dis.c **** 
  94:.\Generated_Source\PSoC4/BLE_dis.c **** Return:
  95:.\Generated_Source\PSoC4/BLE_dis.c ****  None
  96:.\Generated_Source\PSoC4/BLE_dis.c **** 
  97:.\Generated_Source\PSoC4/BLE_dis.c **** ******************************************************************************/
  98:.\Generated_Source\PSoC4/BLE_dis.c **** void CyBle_DisRegisterAttrCallback(CYBLE_CALLBACK_T callbackFunc)
  99:.\Generated_Source\PSoC4/BLE_dis.c **** {
  65              		.loc 1 99 0
  66              		.cfi_startproc
  67 0000 80B5     		push	{r7, lr}
  68              		.cfi_def_cfa_offset 8
  69              		.cfi_offset 7, -8
  70              		.cfi_offset 14, -4
  71 0002 82B0     		sub	sp, sp, #8
  72              		.cfi_def_cfa_offset 16
ARM GAS  C:\Users\Amin\AppData\Local\Temp\ccGBww6M.s 			page 4


  73 0004 00AF     		add	r7, sp, #0
  74              		.cfi_def_cfa_register 7
  75 0006 7860     		str	r0, [r7, #4]
 100:.\Generated_Source\PSoC4/BLE_dis.c ****     
 101:.\Generated_Source\PSoC4/BLE_dis.c **** #ifdef CYBLE_DIS_CLIENT
 102:.\Generated_Source\PSoC4/BLE_dis.c ****     CyBle_DisApplCallback = callbackFunc;
 103:.\Generated_Source\PSoC4/BLE_dis.c **** #else
 104:.\Generated_Source\PSoC4/BLE_dis.c ****     if(callbackFunc != NULL) /* Callback doesn't have events in server mode */
 105:.\Generated_Source\PSoC4/BLE_dis.c ****     {
 106:.\Generated_Source\PSoC4/BLE_dis.c ****     }
 107:.\Generated_Source\PSoC4/BLE_dis.c **** #endif /* CYBLE_DIS_CLIENT */
 108:.\Generated_Source\PSoC4/BLE_dis.c ****     
 109:.\Generated_Source\PSoC4/BLE_dis.c **** }
  76              		.loc 1 109 0
  77 0008 BD46     		mov	sp, r7
  78 000a 02B0     		add	sp, sp, #8
  79              		@ sp needed
  80 000c 80BD     		pop	{r7, pc}
  81              		.cfi_endproc
  82              	.LFE3:
  83              		.size	CyBle_DisRegisterAttrCallback, .-CyBle_DisRegisterAttrCallback
  84 000e C046     		.section	.text.CyBle_DissSetCharacteristicValue,"ax",%progbits
  85              		.align	2
  86              		.global	CyBle_DissSetCharacteristicValue
  87              		.code	16
  88              		.thumb_func
  89              		.type	CyBle_DissSetCharacteristicValue, %function
  90              	CyBle_DissSetCharacteristicValue:
  91              	.LFB4:
 110:.\Generated_Source\PSoC4/BLE_dis.c **** 
 111:.\Generated_Source\PSoC4/BLE_dis.c **** #ifdef CYBLE_DIS_SERVER
 112:.\Generated_Source\PSoC4/BLE_dis.c **** 
 113:.\Generated_Source\PSoC4/BLE_dis.c **** 
 114:.\Generated_Source\PSoC4/BLE_dis.c **** /******************************************************************************
 115:.\Generated_Source\PSoC4/BLE_dis.c **** ##Function Name: CyBle_DissSetCharacteristicValue
 116:.\Generated_Source\PSoC4/BLE_dis.c **** *******************************************************************************
 117:.\Generated_Source\PSoC4/BLE_dis.c **** 
 118:.\Generated_Source\PSoC4/BLE_dis.c **** Summary:
 119:.\Generated_Source\PSoC4/BLE_dis.c ****  Sets a characteristic value of the service, which is identified by charIndex,
 120:.\Generated_Source\PSoC4/BLE_dis.c ****  to the local database.
 121:.\Generated_Source\PSoC4/BLE_dis.c **** 
 122:.\Generated_Source\PSoC4/BLE_dis.c **** 
 123:.\Generated_Source\PSoC4/BLE_dis.c **** Parameters:
 124:.\Generated_Source\PSoC4/BLE_dis.c ****  charIndex: The index of a service characteristic.
 125:.\Generated_Source\PSoC4/BLE_dis.c ****  attrSize: The size of the characteristic value attribute.
 126:.\Generated_Source\PSoC4/BLE_dis.c ****  *attrValue: The pointer to the characteristic value data that should be
 127:.\Generated_Source\PSoC4/BLE_dis.c ****                   stored to the GATT database.
 128:.\Generated_Source\PSoC4/BLE_dis.c **** 
 129:.\Generated_Source\PSoC4/BLE_dis.c **** Return:
 130:.\Generated_Source\PSoC4/BLE_dis.c ****  Return value is of type CYBLE_API_RESULT_T.
 131:.\Generated_Source\PSoC4/BLE_dis.c ****  * CYBLE_ERROR_OK - The request handled successfully
 132:.\Generated_Source\PSoC4/BLE_dis.c ****  * CYBLE_ERROR_INVALID_PARAMETER - Validation of the input parameter failed
 133:.\Generated_Source\PSoC4/BLE_dis.c **** 
 134:.\Generated_Source\PSoC4/BLE_dis.c **** ******************************************************************************/
 135:.\Generated_Source\PSoC4/BLE_dis.c **** CYBLE_API_RESULT_T CyBle_DissSetCharacteristicValue(CYBLE_DIS_CHAR_INDEX_T charIndex, uint8 attrSiz
 136:.\Generated_Source\PSoC4/BLE_dis.c **** {
  92              		.loc 1 136 0
ARM GAS  C:\Users\Amin\AppData\Local\Temp\ccGBww6M.s 			page 5


  93              		.cfi_startproc
  94 0000 80B5     		push	{r7, lr}
  95              		.cfi_def_cfa_offset 8
  96              		.cfi_offset 7, -8
  97              		.cfi_offset 14, -4
  98 0002 86B0     		sub	sp, sp, #24
  99              		.cfi_def_cfa_offset 32
 100 0004 00AF     		add	r7, sp, #0
 101              		.cfi_def_cfa_register 7
 102 0006 3A60     		str	r2, [r7]
 103 0008 FB1D     		add	r3, r7, #7
 104 000a 021C     		add	r2, r0, #0
 105 000c 1A70     		strb	r2, [r3]
 106 000e BB1D     		add	r3, r7, #6
 107 0010 0A1C     		add	r2, r1, #0
 108 0012 1A70     		strb	r2, [r3]
 137:.\Generated_Source\PSoC4/BLE_dis.c ****     CYBLE_API_RESULT_T apiResult = CYBLE_ERROR_OK;
 109              		.loc 1 137 0
 110 0014 3B1C     		mov	r3, r7
 111 0016 1633     		add	r3, r3, #22
 112 0018 0022     		mov	r2, #0
 113 001a 1A80     		strh	r2, [r3]
 138:.\Generated_Source\PSoC4/BLE_dis.c ****     CYBLE_GATT_HANDLE_VALUE_PAIR_T locHandleValuePair;
 139:.\Generated_Source\PSoC4/BLE_dis.c **** 
 140:.\Generated_Source\PSoC4/BLE_dis.c ****     if(charIndex >= CYBLE_DIS_CHAR_COUNT)
 114              		.loc 1 140 0
 115 001c FB1D     		add	r3, r7, #7
 116 001e 1B78     		ldrb	r3, [r3]
 117 0020 082B     		cmp	r3, #8
 118 0022 04D9     		bls	.L4
 141:.\Generated_Source\PSoC4/BLE_dis.c ****     {
 142:.\Generated_Source\PSoC4/BLE_dis.c ****         apiResult = CYBLE_ERROR_INVALID_PARAMETER;
 119              		.loc 1 142 0
 120 0024 3B1C     		mov	r3, r7
 121 0026 1633     		add	r3, r3, #22
 122 0028 0122     		mov	r2, #1
 123 002a 1A80     		strh	r2, [r3]
 124 002c 21E0     		b	.L5
 125              	.L4:
 143:.\Generated_Source\PSoC4/BLE_dis.c ****     }
 144:.\Generated_Source\PSoC4/BLE_dis.c ****     else
 145:.\Generated_Source\PSoC4/BLE_dis.c ****     {
 146:.\Generated_Source\PSoC4/BLE_dis.c ****         /* Store data in database */
 147:.\Generated_Source\PSoC4/BLE_dis.c ****         locHandleValuePair.attrHandle = cyBle_diss.charHandle[charIndex];
 126              		.loc 1 147 0
 127 002e FB1D     		add	r3, r7, #7
 128 0030 1B78     		ldrb	r3, [r3]
 129 0032 134A     		ldr	r2, .L7
 130 0034 5B00     		lsl	r3, r3, #1
 131 0036 D318     		add	r3, r2, r3
 132 0038 5A88     		ldrh	r2, [r3, #2]
 133 003a 3B1C     		mov	r3, r7
 134 003c 0833     		add	r3, r3, #8
 135 003e 1A81     		strh	r2, [r3, #8]
 148:.\Generated_Source\PSoC4/BLE_dis.c ****         locHandleValuePair.value.len = attrSize;
 136              		.loc 1 148 0
 137 0040 BB1D     		add	r3, r7, #6
ARM GAS  C:\Users\Amin\AppData\Local\Temp\ccGBww6M.s 			page 6


 138 0042 1B78     		ldrb	r3, [r3]
 139 0044 9AB2     		uxth	r2, r3
 140 0046 3B1C     		mov	r3, r7
 141 0048 0833     		add	r3, r3, #8
 142 004a 9A80     		strh	r2, [r3, #4]
 149:.\Generated_Source\PSoC4/BLE_dis.c ****         locHandleValuePair.value.val = attrValue;
 143              		.loc 1 149 0
 144 004c 3B1C     		mov	r3, r7
 145 004e 0833     		add	r3, r3, #8
 146 0050 3A68     		ldr	r2, [r7]
 147 0052 1A60     		str	r2, [r3]
 150:.\Generated_Source\PSoC4/BLE_dis.c ****         if(CYBLE_GATT_ERR_NONE !=
 151:.\Generated_Source\PSoC4/BLE_dis.c ****             CyBle_GattsWriteAttributeValue(&locHandleValuePair, 0u, NULL, CYBLE_GATT_DB_LOCALLY_INI
 148              		.loc 1 151 0
 149 0054 3B1C     		mov	r3, r7
 150 0056 0833     		add	r3, r3, #8
 151 0058 181C     		mov	r0, r3
 152 005a 0021     		mov	r1, #0
 153 005c 0022     		mov	r2, #0
 154 005e 0023     		mov	r3, #0
 155 0060 FFF7FEFF 		bl	CyBle_GattsWriteAttributeValue
 156 0064 031C     		mov	r3, r0
 150:.\Generated_Source\PSoC4/BLE_dis.c ****         if(CYBLE_GATT_ERR_NONE !=
 157              		.loc 1 150 0
 158 0066 002B     		cmp	r3, #0
 159 0068 03D0     		beq	.L5
 152:.\Generated_Source\PSoC4/BLE_dis.c ****         {
 153:.\Generated_Source\PSoC4/BLE_dis.c ****             apiResult = CYBLE_ERROR_INVALID_PARAMETER;
 160              		.loc 1 153 0
 161 006a 3B1C     		mov	r3, r7
 162 006c 1633     		add	r3, r3, #22
 163 006e 0122     		mov	r2, #1
 164 0070 1A80     		strh	r2, [r3]
 165              	.L5:
 154:.\Generated_Source\PSoC4/BLE_dis.c ****         }
 155:.\Generated_Source\PSoC4/BLE_dis.c ****     }
 156:.\Generated_Source\PSoC4/BLE_dis.c ****     return (apiResult);
 166              		.loc 1 156 0
 167 0072 3B1C     		mov	r3, r7
 168 0074 1633     		add	r3, r3, #22
 169 0076 1B88     		ldrh	r3, [r3]
 157:.\Generated_Source\PSoC4/BLE_dis.c **** }
 170              		.loc 1 157 0
 171 0078 181C     		mov	r0, r3
 172 007a BD46     		mov	sp, r7
 173 007c 06B0     		add	sp, sp, #24
 174              		@ sp needed
 175 007e 80BD     		pop	{r7, pc}
 176              	.L8:
 177              		.align	2
 178              	.L7:
 179 0080 00000000 		.word	cyBle_diss
 180              		.cfi_endproc
 181              	.LFE4:
 182              		.size	CyBle_DissSetCharacteristicValue, .-CyBle_DissSetCharacteristicValue
 183              		.section	.text.CyBle_DissGetCharacteristicValue,"ax",%progbits
 184              		.align	2
ARM GAS  C:\Users\Amin\AppData\Local\Temp\ccGBww6M.s 			page 7


 185              		.global	CyBle_DissGetCharacteristicValue
 186              		.code	16
 187              		.thumb_func
 188              		.type	CyBle_DissGetCharacteristicValue, %function
 189              	CyBle_DissGetCharacteristicValue:
 190              	.LFB5:
 158:.\Generated_Source\PSoC4/BLE_dis.c **** 
 159:.\Generated_Source\PSoC4/BLE_dis.c **** 
 160:.\Generated_Source\PSoC4/BLE_dis.c **** /******************************************************************************
 161:.\Generated_Source\PSoC4/BLE_dis.c **** ##Function Name: CyBle_DissGetCharacteristicValue
 162:.\Generated_Source\PSoC4/BLE_dis.c **** *******************************************************************************
 163:.\Generated_Source\PSoC4/BLE_dis.c **** 
 164:.\Generated_Source\PSoC4/BLE_dis.c **** Summary:
 165:.\Generated_Source\PSoC4/BLE_dis.c ****  Gets a characteristic value of the service, which is identified by charIndex,
 166:.\Generated_Source\PSoC4/BLE_dis.c ****  from the GATT database.
 167:.\Generated_Source\PSoC4/BLE_dis.c **** 
 168:.\Generated_Source\PSoC4/BLE_dis.c **** Parameters:
 169:.\Generated_Source\PSoC4/BLE_dis.c ****  charIndex: The index of a service characteristic.
 170:.\Generated_Source\PSoC4/BLE_dis.c ****  attrSize: The size of the characteristic value attribute.
 171:.\Generated_Source\PSoC4/BLE_dis.c ****  *attrValue: The pointer to the location where characteristic value data
 172:.\Generated_Source\PSoC4/BLE_dis.c ****               should be stored.
 173:.\Generated_Source\PSoC4/BLE_dis.c **** 
 174:.\Generated_Source\PSoC4/BLE_dis.c **** Return:
 175:.\Generated_Source\PSoC4/BLE_dis.c ****  Return value is of type CYBLE_API_RESULT_T.
 176:.\Generated_Source\PSoC4/BLE_dis.c ****  Return value is of type CYBLE_API_RESULT_T.
 177:.\Generated_Source\PSoC4/BLE_dis.c ****  * CYBLE_ERROR_OK - The request handled successfully
 178:.\Generated_Source\PSoC4/BLE_dis.c ****  * CYBLE_ERROR_INVALID_PARAMETER - Validation of the input parameter failed
 179:.\Generated_Source\PSoC4/BLE_dis.c **** 
 180:.\Generated_Source\PSoC4/BLE_dis.c **** ******************************************************************************/
 181:.\Generated_Source\PSoC4/BLE_dis.c **** CYBLE_API_RESULT_T CyBle_DissGetCharacteristicValue(CYBLE_DIS_CHAR_INDEX_T charIndex, uint8 attrSiz
 182:.\Generated_Source\PSoC4/BLE_dis.c **** {
 191              		.loc 1 182 0
 192              		.cfi_startproc
 193 0000 80B5     		push	{r7, lr}
 194              		.cfi_def_cfa_offset 8
 195              		.cfi_offset 7, -8
 196              		.cfi_offset 14, -4
 197 0002 86B0     		sub	sp, sp, #24
 198              		.cfi_def_cfa_offset 32
 199 0004 00AF     		add	r7, sp, #0
 200              		.cfi_def_cfa_register 7
 201 0006 3A60     		str	r2, [r7]
 202 0008 FB1D     		add	r3, r7, #7
 203 000a 021C     		add	r2, r0, #0
 204 000c 1A70     		strb	r2, [r3]
 205 000e BB1D     		add	r3, r7, #6
 206 0010 0A1C     		add	r2, r1, #0
 207 0012 1A70     		strb	r2, [r3]
 183:.\Generated_Source\PSoC4/BLE_dis.c ****     CYBLE_API_RESULT_T apiResult = CYBLE_ERROR_OK;
 208              		.loc 1 183 0
 209 0014 3B1C     		mov	r3, r7
 210 0016 1633     		add	r3, r3, #22
 211 0018 0022     		mov	r2, #0
 212 001a 1A80     		strh	r2, [r3]
 184:.\Generated_Source\PSoC4/BLE_dis.c ****     CYBLE_GATT_HANDLE_VALUE_PAIR_T locHandleValuePair;
 185:.\Generated_Source\PSoC4/BLE_dis.c **** 
 186:.\Generated_Source\PSoC4/BLE_dis.c ****     if(charIndex >= CYBLE_DIS_CHAR_COUNT)
ARM GAS  C:\Users\Amin\AppData\Local\Temp\ccGBww6M.s 			page 8


 213              		.loc 1 186 0
 214 001c FB1D     		add	r3, r7, #7
 215 001e 1B78     		ldrb	r3, [r3]
 216 0020 082B     		cmp	r3, #8
 217 0022 04D9     		bls	.L10
 187:.\Generated_Source\PSoC4/BLE_dis.c ****     {
 188:.\Generated_Source\PSoC4/BLE_dis.c ****         apiResult = CYBLE_ERROR_INVALID_PARAMETER;
 218              		.loc 1 188 0
 219 0024 3B1C     		mov	r3, r7
 220 0026 1633     		add	r3, r3, #22
 221 0028 0122     		mov	r2, #1
 222 002a 1A80     		strh	r2, [r3]
 223 002c 20E0     		b	.L11
 224              	.L10:
 189:.\Generated_Source\PSoC4/BLE_dis.c ****     }
 190:.\Generated_Source\PSoC4/BLE_dis.c ****     else
 191:.\Generated_Source\PSoC4/BLE_dis.c ****     {
 192:.\Generated_Source\PSoC4/BLE_dis.c ****         /* Read characteristic value from database */
 193:.\Generated_Source\PSoC4/BLE_dis.c ****         locHandleValuePair.attrHandle = cyBle_diss.charHandle[charIndex];
 225              		.loc 1 193 0
 226 002e FB1D     		add	r3, r7, #7
 227 0030 1B78     		ldrb	r3, [r3]
 228 0032 134A     		ldr	r2, .L13
 229 0034 5B00     		lsl	r3, r3, #1
 230 0036 D318     		add	r3, r2, r3
 231 0038 5A88     		ldrh	r2, [r3, #2]
 232 003a 3B1C     		mov	r3, r7
 233 003c 0833     		add	r3, r3, #8
 234 003e 1A81     		strh	r2, [r3, #8]
 194:.\Generated_Source\PSoC4/BLE_dis.c ****         locHandleValuePair.value.len = attrSize;
 235              		.loc 1 194 0
 236 0040 BB1D     		add	r3, r7, #6
 237 0042 1B78     		ldrb	r3, [r3]
 238 0044 9AB2     		uxth	r2, r3
 239 0046 3B1C     		mov	r3, r7
 240 0048 0833     		add	r3, r3, #8
 241 004a 9A80     		strh	r2, [r3, #4]
 195:.\Generated_Source\PSoC4/BLE_dis.c ****         locHandleValuePair.value.val = attrValue;
 242              		.loc 1 195 0
 243 004c 3B1C     		mov	r3, r7
 244 004e 0833     		add	r3, r3, #8
 245 0050 3A68     		ldr	r2, [r7]
 246 0052 1A60     		str	r2, [r3]
 196:.\Generated_Source\PSoC4/BLE_dis.c ****         if(CYBLE_GATT_ERR_NONE !=
 197:.\Generated_Source\PSoC4/BLE_dis.c ****             CyBle_GattsReadAttributeValue(&locHandleValuePair, NULL, CYBLE_GATT_DB_LOCALLY_INITIATE
 247              		.loc 1 197 0
 248 0054 3B1C     		mov	r3, r7
 249 0056 0833     		add	r3, r3, #8
 250 0058 181C     		mov	r0, r3
 251 005a 0021     		mov	r1, #0
 252 005c 0022     		mov	r2, #0
 253 005e FFF7FEFF 		bl	CyBle_GattsReadAttributeValue
 254 0062 031C     		mov	r3, r0
 196:.\Generated_Source\PSoC4/BLE_dis.c ****         if(CYBLE_GATT_ERR_NONE !=
 255              		.loc 1 196 0
 256 0064 002B     		cmp	r3, #0
 257 0066 03D0     		beq	.L11
ARM GAS  C:\Users\Amin\AppData\Local\Temp\ccGBww6M.s 			page 9


 198:.\Generated_Source\PSoC4/BLE_dis.c ****         {
 199:.\Generated_Source\PSoC4/BLE_dis.c ****             apiResult = CYBLE_ERROR_INVALID_PARAMETER;
 258              		.loc 1 199 0
 259 0068 3B1C     		mov	r3, r7
 260 006a 1633     		add	r3, r3, #22
 261 006c 0122     		mov	r2, #1
 262 006e 1A80     		strh	r2, [r3]
 263              	.L11:
 200:.\Generated_Source\PSoC4/BLE_dis.c ****         }
 201:.\Generated_Source\PSoC4/BLE_dis.c ****     }
 202:.\Generated_Source\PSoC4/BLE_dis.c ****     return (apiResult);
 264              		.loc 1 202 0
 265 0070 3B1C     		mov	r3, r7
 266 0072 1633     		add	r3, r3, #22
 267 0074 1B88     		ldrh	r3, [r3]
 203:.\Generated_Source\PSoC4/BLE_dis.c **** }
 268              		.loc 1 203 0
 269 0076 181C     		mov	r0, r3
 270 0078 BD46     		mov	sp, r7
 271 007a 06B0     		add	sp, sp, #24
 272              		@ sp needed
 273 007c 80BD     		pop	{r7, pc}
 274              	.L14:
 275 007e C046     		.align	2
 276              	.L13:
 277 0080 00000000 		.word	cyBle_diss
 278              		.cfi_endproc
 279              	.LFE5:
 280              		.size	CyBle_DissGetCharacteristicValue, .-CyBle_DissGetCharacteristicValue
 281              		.text
 282              	.Letext0:
 283              		.file 2 ".\\Generated_Source\\PSoC4\\cytypes.h"
 284              		.file 3 ".\\Generated_Source\\PSoC4\\BLE_Stack.h"
 285              		.file 4 ".\\Generated_Source\\PSoC4\\BLE_StackGatt.h"
 286              		.file 5 ".\\Generated_Source\\PSoC4\\BLE.h"
 287              		.file 6 ".\\Generated_Source\\PSoC4\\BLE_dis.h"
 288              		.file 7 ".\\Generated_Source\\PSoC4\\BLE_eventHandler.h"
 289              		.section	.debug_info,"",%progbits
 290              	.Ldebug_info0:
 291 0000 09060000 		.4byte	0x609
 292 0004 0400     		.2byte	0x4
 293 0006 00000000 		.4byte	.Ldebug_abbrev0
 294 000a 04       		.byte	0x4
 295 000b 01       		.uleb128 0x1
 296 000c 5A0B0000 		.4byte	.LASF164
 297 0010 01       		.byte	0x1
 298 0011 370B0000 		.4byte	.LASF165
 299 0015 0A040000 		.4byte	.LASF166
 300 0019 00000000 		.4byte	.Ldebug_ranges0+0
 301 001d 00000000 		.4byte	0
 302 0021 00000000 		.4byte	.Ldebug_line0
 303 0025 02       		.uleb128 0x2
 304 0026 01       		.byte	0x1
 305 0027 06       		.byte	0x6
 306 0028 8E020000 		.4byte	.LASF0
 307 002c 02       		.uleb128 0x2
 308 002d 01       		.byte	0x1
ARM GAS  C:\Users\Amin\AppData\Local\Temp\ccGBww6M.s 			page 10


 309 002e 08       		.byte	0x8
 310 002f 590C0000 		.4byte	.LASF1
 311 0033 02       		.uleb128 0x2
 312 0034 02       		.byte	0x2
 313 0035 05       		.byte	0x5
 314 0036 39080000 		.4byte	.LASF2
 315 003a 02       		.uleb128 0x2
 316 003b 02       		.byte	0x2
 317 003c 07       		.byte	0x7
 318 003d B20F0000 		.4byte	.LASF3
 319 0041 02       		.uleb128 0x2
 320 0042 04       		.byte	0x4
 321 0043 05       		.byte	0x5
 322 0044 8E010000 		.4byte	.LASF4
 323 0048 02       		.uleb128 0x2
 324 0049 04       		.byte	0x4
 325 004a 07       		.byte	0x7
 326 004b 65060000 		.4byte	.LASF5
 327 004f 02       		.uleb128 0x2
 328 0050 08       		.byte	0x8
 329 0051 05       		.byte	0x5
 330 0052 80020000 		.4byte	.LASF6
 331 0056 02       		.uleb128 0x2
 332 0057 08       		.byte	0x8
 333 0058 07       		.byte	0x7
 334 0059 9E050000 		.4byte	.LASF7
 335 005d 03       		.uleb128 0x3
 336 005e 04       		.byte	0x4
 337 005f 05       		.byte	0x5
 338 0060 696E7400 		.ascii	"int\000"
 339 0064 02       		.uleb128 0x2
 340 0065 04       		.byte	0x4
 341 0066 07       		.byte	0x7
 342 0067 BB0E0000 		.4byte	.LASF8
 343 006b 04       		.uleb128 0x4
 344 006c 04040000 		.4byte	.LASF9
 345 0070 02       		.byte	0x2
 346 0071 A1       		.byte	0xa1
 347 0072 2C000000 		.4byte	0x2c
 348 0076 04       		.uleb128 0x4
 349 0077 3F000000 		.4byte	.LASF10
 350 007b 02       		.byte	0x2
 351 007c A2       		.byte	0xa2
 352 007d 3A000000 		.4byte	0x3a
 353 0081 04       		.uleb128 0x4
 354 0082 C3040000 		.4byte	.LASF11
 355 0086 02       		.byte	0x2
 356 0087 A3       		.byte	0xa3
 357 0088 48000000 		.4byte	0x48
 358 008c 02       		.uleb128 0x2
 359 008d 04       		.byte	0x4
 360 008e 04       		.byte	0x4
 361 008f 310B0000 		.4byte	.LASF12
 362 0093 02       		.uleb128 0x2
 363 0094 08       		.byte	0x8
 364 0095 04       		.byte	0x4
 365 0096 61040000 		.4byte	.LASF13
ARM GAS  C:\Users\Amin\AppData\Local\Temp\ccGBww6M.s 			page 11


 366 009a 02       		.uleb128 0x2
 367 009b 01       		.byte	0x1
 368 009c 08       		.byte	0x8
 369 009d 5D0E0000 		.4byte	.LASF14
 370 00a1 02       		.uleb128 0x2
 371 00a2 04       		.byte	0x4
 372 00a3 07       		.byte	0x7
 373 00a4 95090000 		.4byte	.LASF15
 374 00a8 05       		.uleb128 0x5
 375 00a9 04       		.byte	0x4
 376 00aa 06       		.uleb128 0x6
 377 00ab 01       		.byte	0x1
 378 00ac 03       		.byte	0x3
 379 00ad 58       		.byte	0x58
 380 00ae 1A020000 		.4byte	0x21a
 381 00b2 07       		.uleb128 0x7
 382 00b3 5F070000 		.4byte	.LASF16
 383 00b7 00       		.sleb128 0
 384 00b8 07       		.uleb128 0x7
 385 00b9 9A020000 		.4byte	.LASF17
 386 00bd 01       		.sleb128 1
 387 00be 07       		.uleb128 0x7
 388 00bf 7C010000 		.4byte	.LASF18
 389 00c3 02       		.sleb128 2
 390 00c4 07       		.uleb128 0x7
 391 00c5 990F0000 		.4byte	.LASF19
 392 00c9 03       		.sleb128 3
 393 00ca 07       		.uleb128 0x7
 394 00cb CF010000 		.4byte	.LASF20
 395 00cf 04       		.sleb128 4
 396 00d0 07       		.uleb128 0x7
 397 00d1 23000000 		.4byte	.LASF21
 398 00d5 05       		.sleb128 5
 399 00d6 07       		.uleb128 0x7
 400 00d7 E5080000 		.4byte	.LASF22
 401 00db 20       		.sleb128 32
 402 00dc 07       		.uleb128 0x7
 403 00dd 12030000 		.4byte	.LASF23
 404 00e1 21       		.sleb128 33
 405 00e2 07       		.uleb128 0x7
 406 00e3 AE100000 		.4byte	.LASF24
 407 00e7 22       		.sleb128 34
 408 00e8 07       		.uleb128 0x7
 409 00e9 43080000 		.4byte	.LASF25
 410 00ed 23       		.sleb128 35
 411 00ee 07       		.uleb128 0x7
 412 00ef 420A0000 		.4byte	.LASF26
 413 00f3 24       		.sleb128 36
 414 00f4 07       		.uleb128 0x7
 415 00f5 C3090000 		.4byte	.LASF27
 416 00f9 25       		.sleb128 37
 417 00fa 07       		.uleb128 0x7
 418 00fb B9030000 		.4byte	.LASF28
 419 00ff 26       		.sleb128 38
 420 0100 07       		.uleb128 0x7
 421 0101 DE070000 		.4byte	.LASF29
 422 0105 27       		.sleb128 39
ARM GAS  C:\Users\Amin\AppData\Local\Temp\ccGBww6M.s 			page 12


 423 0106 07       		.uleb128 0x7
 424 0107 990E0000 		.4byte	.LASF30
 425 010b 28       		.sleb128 40
 426 010c 07       		.uleb128 0x7
 427 010d 38020000 		.4byte	.LASF31
 428 0111 29       		.sleb128 41
 429 0112 07       		.uleb128 0x7
 430 0113 DB000000 		.4byte	.LASF32
 431 0117 2A       		.sleb128 42
 432 0118 07       		.uleb128 0x7
 433 0119 E4010000 		.4byte	.LASF33
 434 011d 2B       		.sleb128 43
 435 011e 07       		.uleb128 0x7
 436 011f 83110000 		.4byte	.LASF34
 437 0123 2C       		.sleb128 44
 438 0124 07       		.uleb128 0x7
 439 0125 C50F0000 		.4byte	.LASF35
 440 0129 C000     		.sleb128 64
 441 012b 07       		.uleb128 0x7
 442 012c 77080000 		.4byte	.LASF36
 443 0130 C100     		.sleb128 65
 444 0132 07       		.uleb128 0x7
 445 0133 F0050000 		.4byte	.LASF37
 446 0137 C200     		.sleb128 66
 447 0139 07       		.uleb128 0x7
 448 013a 63100000 		.4byte	.LASF38
 449 013e C300     		.sleb128 67
 450 0140 07       		.uleb128 0x7
 451 0141 B4060000 		.4byte	.LASF39
 452 0145 C400     		.sleb128 68
 453 0147 07       		.uleb128 0x7
 454 0148 0A0B0000 		.4byte	.LASF40
 455 014c C500     		.sleb128 69
 456 014e 07       		.uleb128 0x7
 457 014f 61090000 		.4byte	.LASF41
 458 0153 C600     		.sleb128 70
 459 0155 07       		.uleb128 0x7
 460 0156 76070000 		.4byte	.LASF42
 461 015a C700     		.sleb128 71
 462 015c 07       		.uleb128 0x7
 463 015d 4F110000 		.4byte	.LASF43
 464 0161 C800     		.sleb128 72
 465 0163 07       		.uleb128 0x7
 466 0164 38030000 		.4byte	.LASF44
 467 0168 C900     		.sleb128 73
 468 016a 07       		.uleb128 0x7
 469 016b D2100000 		.4byte	.LASF45
 470 016f CA00     		.sleb128 74
 471 0171 07       		.uleb128 0x7
 472 0172 25010000 		.4byte	.LASF46
 473 0176 CB00     		.sleb128 75
 474 0178 07       		.uleb128 0x7
 475 0179 9A060000 		.4byte	.LASF47
 476 017d CC00     		.sleb128 76
 477 017f 07       		.uleb128 0x7
 478 0180 DD090000 		.4byte	.LASF48
 479 0184 CD00     		.sleb128 77
ARM GAS  C:\Users\Amin\AppData\Local\Temp\ccGBww6M.s 			page 13


 480 0186 07       		.uleb128 0x7
 481 0187 86030000 		.4byte	.LASF49
 482 018b CE00     		.sleb128 78
 483 018d 07       		.uleb128 0x7
 484 018e 930D0000 		.4byte	.LASF50
 485 0192 CF00     		.sleb128 79
 486 0194 07       		.uleb128 0x7
 487 0195 44010000 		.4byte	.LASF51
 488 0199 D000     		.sleb128 80
 489 019b 07       		.uleb128 0x7
 490 019c 42040000 		.4byte	.LASF52
 491 01a0 D100     		.sleb128 81
 492 01a2 07       		.uleb128 0x7
 493 01a3 7B0A0000 		.4byte	.LASF53
 494 01a7 D200     		.sleb128 82
 495 01a9 07       		.uleb128 0x7
 496 01aa 180D0000 		.4byte	.LASF54
 497 01ae D300     		.sleb128 83
 498 01b0 07       		.uleb128 0x7
 499 01b1 BC0D0000 		.4byte	.LASF55
 500 01b5 D400     		.sleb128 84
 501 01b7 07       		.uleb128 0x7
 502 01b8 D2060000 		.4byte	.LASF56
 503 01bc D500     		.sleb128 85
 504 01be 07       		.uleb128 0x7
 505 01bf 12050000 		.4byte	.LASF57
 506 01c3 F000     		.sleb128 112
 507 01c5 07       		.uleb128 0x7
 508 01c6 F0110000 		.4byte	.LASF58
 509 01ca F100     		.sleb128 113
 510 01cc 07       		.uleb128 0x7
 511 01cd 92080000 		.4byte	.LASF59
 512 01d1 F200     		.sleb128 114
 513 01d3 07       		.uleb128 0x7
 514 01d4 43090000 		.4byte	.LASF60
 515 01d8 F300     		.sleb128 115
 516 01da 07       		.uleb128 0x7
 517 01db EC0A0000 		.4byte	.LASF61
 518 01df F400     		.sleb128 116
 519 01e1 07       		.uleb128 0x7
 520 01e2 BA110000 		.4byte	.LASF62
 521 01e6 F500     		.sleb128 117
 522 01e8 07       		.uleb128 0x7
 523 01e9 04010000 		.4byte	.LASF63
 524 01ed F600     		.sleb128 118
 525 01ef 07       		.uleb128 0x7
 526 01f0 46000000 		.4byte	.LASF64
 527 01f4 F700     		.sleb128 119
 528 01f6 07       		.uleb128 0x7
 529 01f7 00000000 		.4byte	.LASF65
 530 01fb F800     		.sleb128 120
 531 01fd 07       		.uleb128 0x7
 532 01fe D80E0000 		.4byte	.LASF66
 533 0202 F900     		.sleb128 121
 534 0204 07       		.uleb128 0x7
 535 0205 5A050000 		.4byte	.LASF67
 536 0209 FA00     		.sleb128 122
ARM GAS  C:\Users\Amin\AppData\Local\Temp\ccGBww6M.s 			page 14


 537 020b 07       		.uleb128 0x7
 538 020c 03020000 		.4byte	.LASF68
 539 0210 FA01     		.sleb128 250
 540 0212 07       		.uleb128 0x7
 541 0213 E1040000 		.4byte	.LASF69
 542 0217 FF01     		.sleb128 255
 543 0219 00       		.byte	0
 544 021a 08       		.uleb128 0x8
 545 021b 02       		.byte	0x2
 546 021c 03       		.byte	0x3
 547 021d 9A01     		.2byte	0x19a
 548 021f E6020000 		.4byte	0x2e6
 549 0223 07       		.uleb128 0x7
 550 0224 EF040000 		.4byte	.LASF70
 551 0228 00       		.sleb128 0
 552 0229 07       		.uleb128 0x7
 553 022a 68040000 		.4byte	.LASF71
 554 022e 01       		.sleb128 1
 555 022f 07       		.uleb128 0x7
 556 0230 DF0F0000 		.4byte	.LASF72
 557 0234 02       		.sleb128 2
 558 0235 07       		.uleb128 0x7
 559 0236 65000000 		.4byte	.LASF73
 560 023a 03       		.sleb128 3
 561 023b 07       		.uleb128 0x7
 562 023c 8B100000 		.4byte	.LASF74
 563 0240 04       		.sleb128 4
 564 0241 07       		.uleb128 0x7
 565 0242 D2050000 		.4byte	.LASF75
 566 0246 05       		.sleb128 5
 567 0247 07       		.uleb128 0x7
 568 0248 390D0000 		.4byte	.LASF76
 569 024c 06       		.sleb128 6
 570 024d 07       		.uleb128 0x7
 571 024e EB020000 		.4byte	.LASF77
 572 0252 07       		.sleb128 7
 573 0253 07       		.uleb128 0x7
 574 0254 63120000 		.4byte	.LASF78
 575 0258 08       		.sleb128 8
 576 0259 07       		.uleb128 0x7
 577 025a 7E050000 		.4byte	.LASF79
 578 025e 09       		.sleb128 9
 579 025f 07       		.uleb128 0x7
 580 0260 160C0000 		.4byte	.LASF80
 581 0264 0A       		.sleb128 10
 582 0265 07       		.uleb128 0x7
 583 0266 790E0000 		.4byte	.LASF81
 584 026a 0B       		.sleb128 11
 585 026b 07       		.uleb128 0x7
 586 026c 21020000 		.4byte	.LASF82
 587 0270 0C       		.sleb128 12
 588 0271 07       		.uleb128 0x7
 589 0272 97010000 		.4byte	.LASF83
 590 0276 0D       		.sleb128 13
 591 0277 07       		.uleb128 0x7
 592 0278 3C060000 		.4byte	.LASF84
 593 027c 0E       		.sleb128 14
ARM GAS  C:\Users\Amin\AppData\Local\Temp\ccGBww6M.s 			page 15


 594 027d 07       		.uleb128 0x7
 595 027e 2A110000 		.4byte	.LASF85
 596 0282 0F       		.sleb128 15
 597 0283 07       		.uleb128 0x7
 598 0284 3E0F0000 		.4byte	.LASF86
 599 0288 10       		.sleb128 16
 600 0289 07       		.uleb128 0x7
 601 028a F6060000 		.4byte	.LASF87
 602 028e 11       		.sleb128 17
 603 028f 07       		.uleb128 0x7
 604 0290 E1030000 		.4byte	.LASF88
 605 0294 12       		.sleb128 18
 606 0295 07       		.uleb128 0x7
 607 0296 3B120000 		.4byte	.LASF89
 608 029a 13       		.sleb128 19
 609 029b 07       		.uleb128 0x7
 610 029c C9020000 		.4byte	.LASF90
 611 02a0 27       		.sleb128 39
 612 02a1 07       		.uleb128 0x7
 613 02a2 190F0000 		.4byte	.LASF91
 614 02a6 28       		.sleb128 40
 615 02a7 07       		.uleb128 0x7
 616 02a8 0E110000 		.4byte	.LASF92
 617 02ac 29       		.sleb128 41
 618 02ad 07       		.uleb128 0x7
 619 02ae 33090000 		.4byte	.LASF93
 620 02b2 FF01     		.sleb128 255
 621 02b4 07       		.uleb128 0x7
 622 02b5 A4030000 		.4byte	.LASF94
 623 02b9 8002     		.sleb128 256
 624 02bb 07       		.uleb128 0x7
 625 02bc DB110000 		.4byte	.LASF95
 626 02c0 8102     		.sleb128 257
 627 02c2 07       		.uleb128 0x7
 628 02c3 1D090000 		.4byte	.LASF96
 629 02c7 8202     		.sleb128 258
 630 02c9 07       		.uleb128 0x7
 631 02ca 63010000 		.4byte	.LASF97
 632 02ce 8302     		.sleb128 259
 633 02d0 07       		.uleb128 0x7
 634 02d1 9C0A0000 		.4byte	.LASF98
 635 02d5 8402     		.sleb128 260
 636 02d7 07       		.uleb128 0x7
 637 02d8 EA0C0000 		.4byte	.LASF99
 638 02dc 8502     		.sleb128 261
 639 02de 07       		.uleb128 0x7
 640 02df 6C030000 		.4byte	.LASF100
 641 02e3 8602     		.sleb128 262
 642 02e5 00       		.byte	0
 643 02e6 09       		.uleb128 0x9
 644 02e7 680A0000 		.4byte	.LASF101
 645 02eb 03       		.byte	0x3
 646 02ec F401     		.2byte	0x1f4
 647 02ee 1A020000 		.4byte	0x21a
 648 02f2 0A       		.uleb128 0xa
 649 02f3 04       		.byte	0x4
 650 02f4 6B000000 		.4byte	0x6b
ARM GAS  C:\Users\Amin\AppData\Local\Temp\ccGBww6M.s 			page 16


 651 02f8 06       		.uleb128 0x6
 652 02f9 01       		.byte	0x1
 653 02fa 04       		.byte	0x4
 654 02fb A4       		.byte	0xa4
 655 02fc B3030000 		.4byte	0x3b3
 656 0300 07       		.uleb128 0x7
 657 0301 FE040000 		.4byte	.LASF102
 658 0305 00       		.sleb128 0
 659 0306 07       		.uleb128 0x7
 660 0307 AF000000 		.4byte	.LASF103
 661 030b 01       		.sleb128 1
 662 030c 07       		.uleb128 0x7
 663 030d 38050000 		.4byte	.LASF104
 664 0311 02       		.sleb128 2
 665 0312 07       		.uleb128 0x7
 666 0313 1A070000 		.4byte	.LASF105
 667 0317 03       		.sleb128 3
 668 0318 07       		.uleb128 0x7
 669 0319 51030000 		.4byte	.LASF106
 670 031d 04       		.sleb128 4
 671 031e 07       		.uleb128 0x7
 672 031f 55020000 		.4byte	.LASF107
 673 0323 05       		.sleb128 5
 674 0324 07       		.uleb128 0x7
 675 0325 8A000000 		.4byte	.LASF108
 676 0329 06       		.sleb128 6
 677 032a 07       		.uleb128 0x7
 678 032b F0100000 		.4byte	.LASF109
 679 032f 07       		.sleb128 7
 680 0330 07       		.uleb128 0x7
 681 0331 180A0000 		.4byte	.LASF110
 682 0335 08       		.sleb128 8
 683 0336 07       		.uleb128 0x7
 684 0337 D60B0000 		.4byte	.LASF111
 685 033b 09       		.sleb128 9
 686 033c 07       		.uleb128 0x7
 687 033d 77060000 		.4byte	.LASF112
 688 0341 0A       		.sleb128 10
 689 0342 07       		.uleb128 0x7
 690 0343 3D070000 		.4byte	.LASF113
 691 0347 0B       		.sleb128 11
 692 0348 07       		.uleb128 0x7
 693 0349 94070000 		.4byte	.LASF114
 694 034d 0C       		.sleb128 12
 695 034e 07       		.uleb128 0x7
 696 034f 7C0C0000 		.4byte	.LASF115
 697 0353 0D       		.sleb128 13
 698 0354 07       		.uleb128 0x7
 699 0355 FB0E0000 		.4byte	.LASF116
 700 0359 0E       		.sleb128 14
 701 035a 07       		.uleb128 0x7
 702 035b 2B100000 		.4byte	.LASF117
 703 035f 0F       		.sleb128 15
 704 0360 07       		.uleb128 0x7
 705 0361 86040000 		.4byte	.LASF118
 706 0365 10       		.sleb128 16
 707 0366 07       		.uleb128 0x7
ARM GAS  C:\Users\Amin\AppData\Local\Temp\ccGBww6M.s 			page 17


 708 0367 9E090000 		.4byte	.LASF119
 709 036b 11       		.sleb128 17
 710 036c 07       		.uleb128 0x7
 711 036d 180E0000 		.4byte	.LASF120
 712 0371 8001     		.sleb128 128
 713 0373 07       		.uleb128 0x7
 714 0374 FD0F0000 		.4byte	.LASF121
 715 0378 8001     		.sleb128 128
 716 037a 07       		.uleb128 0x7
 717 037b AE080000 		.4byte	.LASF122
 718 037f 8001     		.sleb128 128
 719 0381 07       		.uleb128 0x7
 720 0382 19080000 		.4byte	.LASF123
 721 0386 8001     		.sleb128 128
 722 0388 07       		.uleb128 0x7
 723 0389 0E060000 		.4byte	.LASF124
 724 038d 8001     		.sleb128 128
 725 038f 07       		.uleb128 0x7
 726 0390 A10C0000 		.4byte	.LASF125
 727 0394 8101     		.sleb128 129
 728 0396 07       		.uleb128 0x7
 729 0397 6A0D0000 		.4byte	.LASF126
 730 039b A001     		.sleb128 160
 731 039d 07       		.uleb128 0x7
 732 039e DD0D0000 		.4byte	.LASF127
 733 03a2 FD01     		.sleb128 253
 734 03a4 07       		.uleb128 0x7
 735 03a5 6C0F0000 		.4byte	.LASF128
 736 03a9 FE01     		.sleb128 254
 737 03ab 07       		.uleb128 0x7
 738 03ac 3D0C0000 		.4byte	.LASF129
 739 03b0 FF01     		.sleb128 255
 740 03b2 00       		.byte	0
 741 03b3 09       		.uleb128 0x9
 742 03b4 AD020000 		.4byte	.LASF130
 743 03b8 04       		.byte	0x4
 744 03b9 5201     		.2byte	0x152
 745 03bb 76000000 		.4byte	0x76
 746 03bf 0B       		.uleb128 0xb
 747 03c0 08       		.byte	0x8
 748 03c1 04       		.byte	0x4
 749 03c2 7901     		.2byte	0x179
 750 03c4 F0030000 		.4byte	0x3f0
 751 03c8 0C       		.uleb128 0xc
 752 03c9 76616C00 		.ascii	"val\000"
 753 03cd 04       		.byte	0x4
 754 03ce 7C01     		.2byte	0x17c
 755 03d0 F2020000 		.4byte	0x2f2
 756 03d4 00       		.byte	0
 757 03d5 0C       		.uleb128 0xc
 758 03d6 6C656E00 		.ascii	"len\000"
 759 03da 04       		.byte	0x4
 760 03db 7F01     		.2byte	0x17f
 761 03dd 76000000 		.4byte	0x76
 762 03e1 04       		.byte	0x4
 763 03e2 0D       		.uleb128 0xd
 764 03e3 08030000 		.4byte	.LASF131
ARM GAS  C:\Users\Amin\AppData\Local\Temp\ccGBww6M.s 			page 18


 765 03e7 04       		.byte	0x4
 766 03e8 8601     		.2byte	0x186
 767 03ea 76000000 		.4byte	0x76
 768 03ee 06       		.byte	0x6
 769 03ef 00       		.byte	0
 770 03f0 09       		.uleb128 0x9
 771 03f1 BC010000 		.4byte	.LASF132
 772 03f5 04       		.byte	0x4
 773 03f6 8801     		.2byte	0x188
 774 03f8 BF030000 		.4byte	0x3bf
 775 03fc 0B       		.uleb128 0xb
 776 03fd 0C       		.byte	0xc
 777 03fe 04       		.byte	0x4
 778 03ff 8B01     		.2byte	0x18b
 779 0401 20040000 		.4byte	0x420
 780 0405 0D       		.uleb128 0xd
 781 0406 B5050000 		.4byte	.LASF133
 782 040a 04       		.byte	0x4
 783 040b 8E01     		.2byte	0x18e
 784 040d F0030000 		.4byte	0x3f0
 785 0411 00       		.byte	0
 786 0412 0D       		.uleb128 0xd
 787 0413 93050000 		.4byte	.LASF134
 788 0417 04       		.byte	0x4
 789 0418 9101     		.2byte	0x191
 790 041a B3030000 		.4byte	0x3b3
 791 041e 08       		.byte	0x8
 792 041f 00       		.byte	0
 793 0420 09       		.uleb128 0x9
 794 0421 B50A0000 		.4byte	.LASF135
 795 0425 04       		.byte	0x4
 796 0426 9301     		.2byte	0x193
 797 0428 FC030000 		.4byte	0x3fc
 798 042c 04       		.uleb128 0x4
 799 042d 52100000 		.4byte	.LASF136
 800 0431 05       		.byte	0x5
 801 0432 FB       		.byte	0xfb
 802 0433 37040000 		.4byte	0x437
 803 0437 0A       		.uleb128 0xa
 804 0438 04       		.byte	0x4
 805 0439 3D040000 		.4byte	0x43d
 806 043d 0E       		.uleb128 0xe
 807 043e 4D040000 		.4byte	0x44d
 808 0442 0F       		.uleb128 0xf
 809 0443 81000000 		.4byte	0x81
 810 0447 0F       		.uleb128 0xf
 811 0448 A8000000 		.4byte	0xa8
 812 044c 00       		.byte	0
 813 044d 06       		.uleb128 0x6
 814 044e 01       		.byte	0x1
 815 044f 06       		.byte	0x6
 816 0450 1D       		.byte	0x1d
 817 0451 92040000 		.4byte	0x492
 818 0455 07       		.uleb128 0x7
 819 0456 16120000 		.4byte	.LASF137
 820 045a 00       		.sleb128 0
 821 045b 07       		.uleb128 0x7
ARM GAS  C:\Users\Amin\AppData\Local\Temp\ccGBww6M.s 			page 19


 822 045c 620E0000 		.4byte	.LASF138
 823 0460 01       		.sleb128 1
 824 0461 07       		.uleb128 0x7
 825 0462 FE0B0000 		.4byte	.LASF139
 826 0466 02       		.sleb128 2
 827 0467 07       		.uleb128 0x7
 828 0468 CA040000 		.4byte	.LASF140
 829 046c 03       		.sleb128 3
 830 046d 07       		.uleb128 0x7
 831 046e AC040000 		.4byte	.LASF141
 832 0472 04       		.sleb128 4
 833 0473 07       		.uleb128 0x7
 834 0474 530D0000 		.4byte	.LASF142
 835 0478 05       		.sleb128 5
 836 0479 07       		.uleb128 0x7
 837 047a 09090000 		.4byte	.LASF143
 838 047e 06       		.sleb128 6
 839 047f 07       		.uleb128 0x7
 840 0480 D40A0000 		.4byte	.LASF144
 841 0484 07       		.sleb128 7
 842 0485 07       		.uleb128 0x7
 843 0486 08080000 		.4byte	.LASF145
 844 048a 08       		.sleb128 8
 845 048b 07       		.uleb128 0x7
 846 048c 670C0000 		.4byte	.LASF146
 847 0490 09       		.sleb128 9
 848 0491 00       		.byte	0
 849 0492 04       		.uleb128 0x4
 850 0493 BB050000 		.4byte	.LASF147
 851 0497 06       		.byte	0x6
 852 0498 29       		.byte	0x29
 853 0499 4D040000 		.4byte	0x44d
 854 049d 10       		.uleb128 0x10
 855 049e 14       		.byte	0x14
 856 049f 06       		.byte	0x6
 857 04a0 2E       		.byte	0x2e
 858 04a1 BE040000 		.4byte	0x4be
 859 04a5 11       		.uleb128 0x11
 860 04a6 69080000 		.4byte	.LASF148
 861 04aa 06       		.byte	0x6
 862 04ab 31       		.byte	0x31
 863 04ac B3030000 		.4byte	0x3b3
 864 04b0 00       		.byte	0
 865 04b1 11       		.uleb128 0x11
 866 04b2 0D0D0000 		.4byte	.LASF149
 867 04b6 06       		.byte	0x6
 868 04b7 34       		.byte	0x34
 869 04b8 BE040000 		.4byte	0x4be
 870 04bc 02       		.byte	0x2
 871 04bd 00       		.byte	0
 872 04be 12       		.uleb128 0x12
 873 04bf B3030000 		.4byte	0x3b3
 874 04c3 CE040000 		.4byte	0x4ce
 875 04c7 13       		.uleb128 0x13
 876 04c8 A1000000 		.4byte	0xa1
 877 04cc 08       		.byte	0x8
 878 04cd 00       		.byte	0
ARM GAS  C:\Users\Amin\AppData\Local\Temp\ccGBww6M.s 			page 20


 879 04ce 04       		.uleb128 0x4
 880 04cf 76110000 		.4byte	.LASF150
 881 04d3 06       		.byte	0x6
 882 04d4 35       		.byte	0x35
 883 04d5 9D040000 		.4byte	0x49d
 884 04d9 08       		.uleb128 0x8
 885 04da 01       		.byte	0x1
 886 04db 07       		.byte	0x7
 887 04dc C705     		.2byte	0x5c7
 888 04de 01050000 		.4byte	0x501
 889 04e2 07       		.uleb128 0x7
 890 04e3 4E0E0000 		.4byte	.LASF151
 891 04e7 00       		.sleb128 0
 892 04e8 07       		.uleb128 0x7
 893 04e9 C80E0000 		.4byte	.LASF152
 894 04ed 01       		.sleb128 1
 895 04ee 07       		.uleb128 0x7
 896 04ef 29030000 		.4byte	.LASF153
 897 04f3 02       		.sleb128 2
 898 04f4 07       		.uleb128 0x7
 899 04f5 82090000 		.4byte	.LASF154
 900 04f9 02       		.sleb128 2
 901 04fa 07       		.uleb128 0x7
 902 04fb 070E0000 		.4byte	.LASF155
 903 04ff 03       		.sleb128 3
 904 0500 00       		.byte	0
 905 0501 14       		.uleb128 0x14
 906 0502 CD000000 		.4byte	.LASF167
 907 0506 01       		.byte	0x1
 908 0507 3D       		.byte	0x3d
 909 0508 00000000 		.4byte	.LFB2
 910 050c 08000000 		.4byte	.LFE2-.LFB2
 911 0510 01       		.uleb128 0x1
 912 0511 9C       		.byte	0x9c
 913 0512 15       		.uleb128 0x15
 914 0513 CC0C0000 		.4byte	.LASF168
 915 0517 01       		.byte	0x1
 916 0518 62       		.byte	0x62
 917 0519 00000000 		.4byte	.LFB3
 918 051d 0E000000 		.4byte	.LFE3-.LFB3
 919 0521 01       		.uleb128 0x1
 920 0522 9C       		.byte	0x9c
 921 0523 36050000 		.4byte	0x536
 922 0527 16       		.uleb128 0x16
 923 0528 300C0000 		.4byte	.LASF156
 924 052c 01       		.byte	0x1
 925 052d 62       		.byte	0x62
 926 052e 2C040000 		.4byte	0x42c
 927 0532 02       		.uleb128 0x2
 928 0533 91       		.byte	0x91
 929 0534 74       		.sleb128 -12
 930 0535 00       		.byte	0
 931 0536 17       		.uleb128 0x17
 932 0537 BD070000 		.4byte	.LASF162
 933 053b 01       		.byte	0x1
 934 053c 87       		.byte	0x87
 935 053d E6020000 		.4byte	0x2e6
ARM GAS  C:\Users\Amin\AppData\Local\Temp\ccGBww6M.s 			page 21


 936 0541 00000000 		.4byte	.LFB4
 937 0545 84000000 		.4byte	.LFE4-.LFB4
 938 0549 01       		.uleb128 0x1
 939 054a 9C       		.byte	0x9c
 940 054b 96050000 		.4byte	0x596
 941 054f 16       		.uleb128 0x16
 942 0550 81100000 		.4byte	.LASF157
 943 0554 01       		.byte	0x1
 944 0555 87       		.byte	0x87
 945 0556 92040000 		.4byte	0x492
 946 055a 02       		.uleb128 0x2
 947 055b 91       		.byte	0x91
 948 055c 67       		.sleb128 -25
 949 055d 16       		.uleb128 0x16
 950 055e 32120000 		.4byte	.LASF158
 951 0562 01       		.byte	0x1
 952 0563 87       		.byte	0x87
 953 0564 6B000000 		.4byte	0x6b
 954 0568 02       		.uleb128 0x2
 955 0569 91       		.byte	0x91
 956 056a 66       		.sleb128 -26
 957 056b 16       		.uleb128 0x16
 958 056c B20D0000 		.4byte	.LASF159
 959 0570 01       		.byte	0x1
 960 0571 87       		.byte	0x87
 961 0572 F2020000 		.4byte	0x2f2
 962 0576 02       		.uleb128 0x2
 963 0577 91       		.byte	0x91
 964 0578 60       		.sleb128 -32
 965 0579 18       		.uleb128 0x18
 966 057a 5E0A0000 		.4byte	.LASF160
 967 057e 01       		.byte	0x1
 968 057f 89       		.byte	0x89
 969 0580 E6020000 		.4byte	0x2e6
 970 0584 02       		.uleb128 0x2
 971 0585 91       		.byte	0x91
 972 0586 76       		.sleb128 -10
 973 0587 18       		.uleb128 0x18
 974 0588 A7110000 		.4byte	.LASF161
 975 058c 01       		.byte	0x1
 976 058d 8A       		.byte	0x8a
 977 058e 20040000 		.4byte	0x420
 978 0592 02       		.uleb128 0x2
 979 0593 91       		.byte	0x91
 980 0594 68       		.sleb128 -24
 981 0595 00       		.byte	0
 982 0596 17       		.uleb128 0x17
 983 0597 F7090000 		.4byte	.LASF163
 984 059b 01       		.byte	0x1
 985 059c B5       		.byte	0xb5
 986 059d E6020000 		.4byte	0x2e6
 987 05a1 00000000 		.4byte	.LFB5
 988 05a5 84000000 		.4byte	.LFE5-.LFB5
 989 05a9 01       		.uleb128 0x1
 990 05aa 9C       		.byte	0x9c
 991 05ab F6050000 		.4byte	0x5f6
 992 05af 16       		.uleb128 0x16
ARM GAS  C:\Users\Amin\AppData\Local\Temp\ccGBww6M.s 			page 22


 993 05b0 81100000 		.4byte	.LASF157
 994 05b4 01       		.byte	0x1
 995 05b5 B5       		.byte	0xb5
 996 05b6 92040000 		.4byte	0x492
 997 05ba 02       		.uleb128 0x2
 998 05bb 91       		.byte	0x91
 999 05bc 67       		.sleb128 -25
 1000 05bd 16       		.uleb128 0x16
 1001 05be 32120000 		.4byte	.LASF158
 1002 05c2 01       		.byte	0x1
 1003 05c3 B5       		.byte	0xb5
 1004 05c4 6B000000 		.4byte	0x6b
 1005 05c8 02       		.uleb128 0x2
 1006 05c9 91       		.byte	0x91
 1007 05ca 66       		.sleb128 -26
 1008 05cb 16       		.uleb128 0x16
 1009 05cc B20D0000 		.4byte	.LASF159
 1010 05d0 01       		.byte	0x1
 1011 05d1 B5       		.byte	0xb5
 1012 05d2 F2020000 		.4byte	0x2f2
 1013 05d6 02       		.uleb128 0x2
 1014 05d7 91       		.byte	0x91
 1015 05d8 60       		.sleb128 -32
 1016 05d9 18       		.uleb128 0x18
 1017 05da 5E0A0000 		.4byte	.LASF160
 1018 05de 01       		.byte	0x1
 1019 05df B7       		.byte	0xb7
 1020 05e0 E6020000 		.4byte	0x2e6
 1021 05e4 02       		.uleb128 0x2
 1022 05e5 91       		.byte	0x91
 1023 05e6 76       		.sleb128 -10
 1024 05e7 18       		.uleb128 0x18
 1025 05e8 A7110000 		.4byte	.LASF161
 1026 05ec 01       		.byte	0x1
 1027 05ed B8       		.byte	0xb8
 1028 05ee 20040000 		.4byte	0x420
 1029 05f2 02       		.uleb128 0x2
 1030 05f3 91       		.byte	0x91
 1031 05f4 68       		.sleb128 -24
 1032 05f5 00       		.byte	0
 1033 05f6 19       		.uleb128 0x19
 1034 05f7 FD070000 		.4byte	.LASF169
 1035 05fb 01       		.byte	0x1
 1036 05fc 14       		.byte	0x14
 1037 05fd 07060000 		.4byte	0x607
 1038 0601 05       		.uleb128 0x5
 1039 0602 03       		.byte	0x3
 1040 0603 00000000 		.4byte	cyBle_diss
 1041 0607 1A       		.uleb128 0x1a
 1042 0608 CE040000 		.4byte	0x4ce
 1043 060c 00       		.byte	0
 1044              		.section	.debug_abbrev,"",%progbits
 1045              	.Ldebug_abbrev0:
 1046 0000 01       		.uleb128 0x1
 1047 0001 11       		.uleb128 0x11
 1048 0002 01       		.byte	0x1
 1049 0003 25       		.uleb128 0x25
ARM GAS  C:\Users\Amin\AppData\Local\Temp\ccGBww6M.s 			page 23


 1050 0004 0E       		.uleb128 0xe
 1051 0005 13       		.uleb128 0x13
 1052 0006 0B       		.uleb128 0xb
 1053 0007 03       		.uleb128 0x3
 1054 0008 0E       		.uleb128 0xe
 1055 0009 1B       		.uleb128 0x1b
 1056 000a 0E       		.uleb128 0xe
 1057 000b 55       		.uleb128 0x55
 1058 000c 17       		.uleb128 0x17
 1059 000d 11       		.uleb128 0x11
 1060 000e 01       		.uleb128 0x1
 1061 000f 10       		.uleb128 0x10
 1062 0010 17       		.uleb128 0x17
 1063 0011 00       		.byte	0
 1064 0012 00       		.byte	0
 1065 0013 02       		.uleb128 0x2
 1066 0014 24       		.uleb128 0x24
 1067 0015 00       		.byte	0
 1068 0016 0B       		.uleb128 0xb
 1069 0017 0B       		.uleb128 0xb
 1070 0018 3E       		.uleb128 0x3e
 1071 0019 0B       		.uleb128 0xb
 1072 001a 03       		.uleb128 0x3
 1073 001b 0E       		.uleb128 0xe
 1074 001c 00       		.byte	0
 1075 001d 00       		.byte	0
 1076 001e 03       		.uleb128 0x3
 1077 001f 24       		.uleb128 0x24
 1078 0020 00       		.byte	0
 1079 0021 0B       		.uleb128 0xb
 1080 0022 0B       		.uleb128 0xb
 1081 0023 3E       		.uleb128 0x3e
 1082 0024 0B       		.uleb128 0xb
 1083 0025 03       		.uleb128 0x3
 1084 0026 08       		.uleb128 0x8
 1085 0027 00       		.byte	0
 1086 0028 00       		.byte	0
 1087 0029 04       		.uleb128 0x4
 1088 002a 16       		.uleb128 0x16
 1089 002b 00       		.byte	0
 1090 002c 03       		.uleb128 0x3
 1091 002d 0E       		.uleb128 0xe
 1092 002e 3A       		.uleb128 0x3a
 1093 002f 0B       		.uleb128 0xb
 1094 0030 3B       		.uleb128 0x3b
 1095 0031 0B       		.uleb128 0xb
 1096 0032 49       		.uleb128 0x49
 1097 0033 13       		.uleb128 0x13
 1098 0034 00       		.byte	0
 1099 0035 00       		.byte	0
 1100 0036 05       		.uleb128 0x5
 1101 0037 0F       		.uleb128 0xf
 1102 0038 00       		.byte	0
 1103 0039 0B       		.uleb128 0xb
 1104 003a 0B       		.uleb128 0xb
 1105 003b 00       		.byte	0
 1106 003c 00       		.byte	0
ARM GAS  C:\Users\Amin\AppData\Local\Temp\ccGBww6M.s 			page 24


 1107 003d 06       		.uleb128 0x6
 1108 003e 04       		.uleb128 0x4
 1109 003f 01       		.byte	0x1
 1110 0040 0B       		.uleb128 0xb
 1111 0041 0B       		.uleb128 0xb
 1112 0042 3A       		.uleb128 0x3a
 1113 0043 0B       		.uleb128 0xb
 1114 0044 3B       		.uleb128 0x3b
 1115 0045 0B       		.uleb128 0xb
 1116 0046 01       		.uleb128 0x1
 1117 0047 13       		.uleb128 0x13
 1118 0048 00       		.byte	0
 1119 0049 00       		.byte	0
 1120 004a 07       		.uleb128 0x7
 1121 004b 28       		.uleb128 0x28
 1122 004c 00       		.byte	0
 1123 004d 03       		.uleb128 0x3
 1124 004e 0E       		.uleb128 0xe
 1125 004f 1C       		.uleb128 0x1c
 1126 0050 0D       		.uleb128 0xd
 1127 0051 00       		.byte	0
 1128 0052 00       		.byte	0
 1129 0053 08       		.uleb128 0x8
 1130 0054 04       		.uleb128 0x4
 1131 0055 01       		.byte	0x1
 1132 0056 0B       		.uleb128 0xb
 1133 0057 0B       		.uleb128 0xb
 1134 0058 3A       		.uleb128 0x3a
 1135 0059 0B       		.uleb128 0xb
 1136 005a 3B       		.uleb128 0x3b
 1137 005b 05       		.uleb128 0x5
 1138 005c 01       		.uleb128 0x1
 1139 005d 13       		.uleb128 0x13
 1140 005e 00       		.byte	0
 1141 005f 00       		.byte	0
 1142 0060 09       		.uleb128 0x9
 1143 0061 16       		.uleb128 0x16
 1144 0062 00       		.byte	0
 1145 0063 03       		.uleb128 0x3
 1146 0064 0E       		.uleb128 0xe
 1147 0065 3A       		.uleb128 0x3a
 1148 0066 0B       		.uleb128 0xb
 1149 0067 3B       		.uleb128 0x3b
 1150 0068 05       		.uleb128 0x5
 1151 0069 49       		.uleb128 0x49
 1152 006a 13       		.uleb128 0x13
 1153 006b 00       		.byte	0
 1154 006c 00       		.byte	0
 1155 006d 0A       		.uleb128 0xa
 1156 006e 0F       		.uleb128 0xf
 1157 006f 00       		.byte	0
 1158 0070 0B       		.uleb128 0xb
 1159 0071 0B       		.uleb128 0xb
 1160 0072 49       		.uleb128 0x49
 1161 0073 13       		.uleb128 0x13
 1162 0074 00       		.byte	0
 1163 0075 00       		.byte	0
ARM GAS  C:\Users\Amin\AppData\Local\Temp\ccGBww6M.s 			page 25


 1164 0076 0B       		.uleb128 0xb
 1165 0077 13       		.uleb128 0x13
 1166 0078 01       		.byte	0x1
 1167 0079 0B       		.uleb128 0xb
 1168 007a 0B       		.uleb128 0xb
 1169 007b 3A       		.uleb128 0x3a
 1170 007c 0B       		.uleb128 0xb
 1171 007d 3B       		.uleb128 0x3b
 1172 007e 05       		.uleb128 0x5
 1173 007f 01       		.uleb128 0x1
 1174 0080 13       		.uleb128 0x13
 1175 0081 00       		.byte	0
 1176 0082 00       		.byte	0
 1177 0083 0C       		.uleb128 0xc
 1178 0084 0D       		.uleb128 0xd
 1179 0085 00       		.byte	0
 1180 0086 03       		.uleb128 0x3
 1181 0087 08       		.uleb128 0x8
 1182 0088 3A       		.uleb128 0x3a
 1183 0089 0B       		.uleb128 0xb
 1184 008a 3B       		.uleb128 0x3b
 1185 008b 05       		.uleb128 0x5
 1186 008c 49       		.uleb128 0x49
 1187 008d 13       		.uleb128 0x13
 1188 008e 38       		.uleb128 0x38
 1189 008f 0B       		.uleb128 0xb
 1190 0090 00       		.byte	0
 1191 0091 00       		.byte	0
 1192 0092 0D       		.uleb128 0xd
 1193 0093 0D       		.uleb128 0xd
 1194 0094 00       		.byte	0
 1195 0095 03       		.uleb128 0x3
 1196 0096 0E       		.uleb128 0xe
 1197 0097 3A       		.uleb128 0x3a
 1198 0098 0B       		.uleb128 0xb
 1199 0099 3B       		.uleb128 0x3b
 1200 009a 05       		.uleb128 0x5
 1201 009b 49       		.uleb128 0x49
 1202 009c 13       		.uleb128 0x13
 1203 009d 38       		.uleb128 0x38
 1204 009e 0B       		.uleb128 0xb
 1205 009f 00       		.byte	0
 1206 00a0 00       		.byte	0
 1207 00a1 0E       		.uleb128 0xe
 1208 00a2 15       		.uleb128 0x15
 1209 00a3 01       		.byte	0x1
 1210 00a4 27       		.uleb128 0x27
 1211 00a5 19       		.uleb128 0x19
 1212 00a6 01       		.uleb128 0x1
 1213 00a7 13       		.uleb128 0x13
 1214 00a8 00       		.byte	0
 1215 00a9 00       		.byte	0
 1216 00aa 0F       		.uleb128 0xf
 1217 00ab 05       		.uleb128 0x5
 1218 00ac 00       		.byte	0
 1219 00ad 49       		.uleb128 0x49
 1220 00ae 13       		.uleb128 0x13
ARM GAS  C:\Users\Amin\AppData\Local\Temp\ccGBww6M.s 			page 26


 1221 00af 00       		.byte	0
 1222 00b0 00       		.byte	0
 1223 00b1 10       		.uleb128 0x10
 1224 00b2 13       		.uleb128 0x13
 1225 00b3 01       		.byte	0x1
 1226 00b4 0B       		.uleb128 0xb
 1227 00b5 0B       		.uleb128 0xb
 1228 00b6 3A       		.uleb128 0x3a
 1229 00b7 0B       		.uleb128 0xb
 1230 00b8 3B       		.uleb128 0x3b
 1231 00b9 0B       		.uleb128 0xb
 1232 00ba 01       		.uleb128 0x1
 1233 00bb 13       		.uleb128 0x13
 1234 00bc 00       		.byte	0
 1235 00bd 00       		.byte	0
 1236 00be 11       		.uleb128 0x11
 1237 00bf 0D       		.uleb128 0xd
 1238 00c0 00       		.byte	0
 1239 00c1 03       		.uleb128 0x3
 1240 00c2 0E       		.uleb128 0xe
 1241 00c3 3A       		.uleb128 0x3a
 1242 00c4 0B       		.uleb128 0xb
 1243 00c5 3B       		.uleb128 0x3b
 1244 00c6 0B       		.uleb128 0xb
 1245 00c7 49       		.uleb128 0x49
 1246 00c8 13       		.uleb128 0x13
 1247 00c9 38       		.uleb128 0x38
 1248 00ca 0B       		.uleb128 0xb
 1249 00cb 00       		.byte	0
 1250 00cc 00       		.byte	0
 1251 00cd 12       		.uleb128 0x12
 1252 00ce 01       		.uleb128 0x1
 1253 00cf 01       		.byte	0x1
 1254 00d0 49       		.uleb128 0x49
 1255 00d1 13       		.uleb128 0x13
 1256 00d2 01       		.uleb128 0x1
 1257 00d3 13       		.uleb128 0x13
 1258 00d4 00       		.byte	0
 1259 00d5 00       		.byte	0
 1260 00d6 13       		.uleb128 0x13
 1261 00d7 21       		.uleb128 0x21
 1262 00d8 00       		.byte	0
 1263 00d9 49       		.uleb128 0x49
 1264 00da 13       		.uleb128 0x13
 1265 00db 2F       		.uleb128 0x2f
 1266 00dc 0B       		.uleb128 0xb
 1267 00dd 00       		.byte	0
 1268 00de 00       		.byte	0
 1269 00df 14       		.uleb128 0x14
 1270 00e0 2E       		.uleb128 0x2e
 1271 00e1 00       		.byte	0
 1272 00e2 3F       		.uleb128 0x3f
 1273 00e3 19       		.uleb128 0x19
 1274 00e4 03       		.uleb128 0x3
 1275 00e5 0E       		.uleb128 0xe
 1276 00e6 3A       		.uleb128 0x3a
 1277 00e7 0B       		.uleb128 0xb
ARM GAS  C:\Users\Amin\AppData\Local\Temp\ccGBww6M.s 			page 27


 1278 00e8 3B       		.uleb128 0x3b
 1279 00e9 0B       		.uleb128 0xb
 1280 00ea 27       		.uleb128 0x27
 1281 00eb 19       		.uleb128 0x19
 1282 00ec 11       		.uleb128 0x11
 1283 00ed 01       		.uleb128 0x1
 1284 00ee 12       		.uleb128 0x12
 1285 00ef 06       		.uleb128 0x6
 1286 00f0 40       		.uleb128 0x40
 1287 00f1 18       		.uleb128 0x18
 1288 00f2 9742     		.uleb128 0x2117
 1289 00f4 19       		.uleb128 0x19
 1290 00f5 00       		.byte	0
 1291 00f6 00       		.byte	0
 1292 00f7 15       		.uleb128 0x15
 1293 00f8 2E       		.uleb128 0x2e
 1294 00f9 01       		.byte	0x1
 1295 00fa 3F       		.uleb128 0x3f
 1296 00fb 19       		.uleb128 0x19
 1297 00fc 03       		.uleb128 0x3
 1298 00fd 0E       		.uleb128 0xe
 1299 00fe 3A       		.uleb128 0x3a
 1300 00ff 0B       		.uleb128 0xb
 1301 0100 3B       		.uleb128 0x3b
 1302 0101 0B       		.uleb128 0xb
 1303 0102 27       		.uleb128 0x27
 1304 0103 19       		.uleb128 0x19
 1305 0104 11       		.uleb128 0x11
 1306 0105 01       		.uleb128 0x1
 1307 0106 12       		.uleb128 0x12
 1308 0107 06       		.uleb128 0x6
 1309 0108 40       		.uleb128 0x40
 1310 0109 18       		.uleb128 0x18
 1311 010a 9742     		.uleb128 0x2117
 1312 010c 19       		.uleb128 0x19
 1313 010d 01       		.uleb128 0x1
 1314 010e 13       		.uleb128 0x13
 1315 010f 00       		.byte	0
 1316 0110 00       		.byte	0
 1317 0111 16       		.uleb128 0x16
 1318 0112 05       		.uleb128 0x5
 1319 0113 00       		.byte	0
 1320 0114 03       		.uleb128 0x3
 1321 0115 0E       		.uleb128 0xe
 1322 0116 3A       		.uleb128 0x3a
 1323 0117 0B       		.uleb128 0xb
 1324 0118 3B       		.uleb128 0x3b
 1325 0119 0B       		.uleb128 0xb
 1326 011a 49       		.uleb128 0x49
 1327 011b 13       		.uleb128 0x13
 1328 011c 02       		.uleb128 0x2
 1329 011d 18       		.uleb128 0x18
 1330 011e 00       		.byte	0
 1331 011f 00       		.byte	0
 1332 0120 17       		.uleb128 0x17
 1333 0121 2E       		.uleb128 0x2e
 1334 0122 01       		.byte	0x1
ARM GAS  C:\Users\Amin\AppData\Local\Temp\ccGBww6M.s 			page 28


 1335 0123 3F       		.uleb128 0x3f
 1336 0124 19       		.uleb128 0x19
 1337 0125 03       		.uleb128 0x3
 1338 0126 0E       		.uleb128 0xe
 1339 0127 3A       		.uleb128 0x3a
 1340 0128 0B       		.uleb128 0xb
 1341 0129 3B       		.uleb128 0x3b
 1342 012a 0B       		.uleb128 0xb
 1343 012b 27       		.uleb128 0x27
 1344 012c 19       		.uleb128 0x19
 1345 012d 49       		.uleb128 0x49
 1346 012e 13       		.uleb128 0x13
 1347 012f 11       		.uleb128 0x11
 1348 0130 01       		.uleb128 0x1
 1349 0131 12       		.uleb128 0x12
 1350 0132 06       		.uleb128 0x6
 1351 0133 40       		.uleb128 0x40
 1352 0134 18       		.uleb128 0x18
 1353 0135 9642     		.uleb128 0x2116
 1354 0137 19       		.uleb128 0x19
 1355 0138 01       		.uleb128 0x1
 1356 0139 13       		.uleb128 0x13
 1357 013a 00       		.byte	0
 1358 013b 00       		.byte	0
 1359 013c 18       		.uleb128 0x18
 1360 013d 34       		.uleb128 0x34
 1361 013e 00       		.byte	0
 1362 013f 03       		.uleb128 0x3
 1363 0140 0E       		.uleb128 0xe
 1364 0141 3A       		.uleb128 0x3a
 1365 0142 0B       		.uleb128 0xb
 1366 0143 3B       		.uleb128 0x3b
 1367 0144 0B       		.uleb128 0xb
 1368 0145 49       		.uleb128 0x49
 1369 0146 13       		.uleb128 0x13
 1370 0147 02       		.uleb128 0x2
 1371 0148 18       		.uleb128 0x18
 1372 0149 00       		.byte	0
 1373 014a 00       		.byte	0
 1374 014b 19       		.uleb128 0x19
 1375 014c 34       		.uleb128 0x34
 1376 014d 00       		.byte	0
 1377 014e 03       		.uleb128 0x3
 1378 014f 0E       		.uleb128 0xe
 1379 0150 3A       		.uleb128 0x3a
 1380 0151 0B       		.uleb128 0xb
 1381 0152 3B       		.uleb128 0x3b
 1382 0153 0B       		.uleb128 0xb
 1383 0154 49       		.uleb128 0x49
 1384 0155 13       		.uleb128 0x13
 1385 0156 3F       		.uleb128 0x3f
 1386 0157 19       		.uleb128 0x19
 1387 0158 02       		.uleb128 0x2
 1388 0159 18       		.uleb128 0x18
 1389 015a 00       		.byte	0
 1390 015b 00       		.byte	0
 1391 015c 1A       		.uleb128 0x1a
ARM GAS  C:\Users\Amin\AppData\Local\Temp\ccGBww6M.s 			page 29


 1392 015d 26       		.uleb128 0x26
 1393 015e 00       		.byte	0
 1394 015f 49       		.uleb128 0x49
 1395 0160 13       		.uleb128 0x13
 1396 0161 00       		.byte	0
 1397 0162 00       		.byte	0
 1398 0163 00       		.byte	0
 1399              		.section	.debug_aranges,"",%progbits
 1400 0000 34000000 		.4byte	0x34
 1401 0004 0200     		.2byte	0x2
 1402 0006 00000000 		.4byte	.Ldebug_info0
 1403 000a 04       		.byte	0x4
 1404 000b 00       		.byte	0
 1405 000c 0000     		.2byte	0
 1406 000e 0000     		.2byte	0
 1407 0010 00000000 		.4byte	.LFB2
 1408 0014 08000000 		.4byte	.LFE2-.LFB2
 1409 0018 00000000 		.4byte	.LFB3
 1410 001c 0E000000 		.4byte	.LFE3-.LFB3
 1411 0020 00000000 		.4byte	.LFB4
 1412 0024 84000000 		.4byte	.LFE4-.LFB4
 1413 0028 00000000 		.4byte	.LFB5
 1414 002c 84000000 		.4byte	.LFE5-.LFB5
 1415 0030 00000000 		.4byte	0
 1416 0034 00000000 		.4byte	0
 1417              		.section	.debug_ranges,"",%progbits
 1418              	.Ldebug_ranges0:
 1419 0000 00000000 		.4byte	.LFB2
 1420 0004 08000000 		.4byte	.LFE2
 1421 0008 00000000 		.4byte	.LFB3
 1422 000c 0E000000 		.4byte	.LFE3
 1423 0010 00000000 		.4byte	.LFB4
 1424 0014 84000000 		.4byte	.LFE4
 1425 0018 00000000 		.4byte	.LFB5
 1426 001c 84000000 		.4byte	.LFE5
 1427 0020 00000000 		.4byte	0
 1428 0024 00000000 		.4byte	0
 1429              		.section	.debug_line,"",%progbits
 1430              	.Ldebug_line0:
 1431 0000 F5000000 		.section	.debug_str,"MS",%progbits,1
 1431      02009400 
 1431      00000201 
 1431      FB0E0D00 
 1431      01010101 
 1432              	.LASF65:
 1433 0000 4359424C 		.ascii	"CYBLE_EVT_L2CAP_CBFC_RX_CREDIT_IND\000"
 1433      455F4556 
 1433      545F4C32 
 1433      4341505F 
 1433      43424643 
 1434              	.LASF21:
 1435 0023 4359424C 		.ascii	"CYBLE_EVT_STACK_BUSY_STATUS\000"
 1435      455F4556 
 1435      545F5354 
 1435      41434B5F 
 1435      42555359 
 1436              	.LASF10:
ARM GAS  C:\Users\Amin\AppData\Local\Temp\ccGBww6M.s 			page 30


 1437 003f 75696E74 		.ascii	"uint16\000"
 1437      313600
 1438              	.LASF64:
 1439 0046 4359424C 		.ascii	"CYBLE_EVT_L2CAP_CBFC_DATA_READ\000"
 1439      455F4556 
 1439      545F4C32 
 1439      4341505F 
 1439      43424643 
 1440              	.LASF73:
 1441 0065 4359424C 		.ascii	"CYBLE_ERROR_MEMORY_ALLOCATION_FAILED\000"
 1441      455F4552 
 1441      524F525F 
 1441      4D454D4F 
 1441      52595F41 
 1442              	.LASF108:
 1443 008a 4359424C 		.ascii	"CYBLE_GATT_ERR_REQUEST_NOT_SUPPORTED\000"
 1443      455F4741 
 1443      54545F45 
 1443      52525F52 
 1443      45515545 
 1444              	.LASF103:
 1445 00af 4359424C 		.ascii	"CYBLE_GATT_ERR_INVALID_HANDLE\000"
 1445      455F4741 
 1445      54545F45 
 1445      52525F49 
 1445      4E56414C 
 1446              	.LASF167:
 1447 00cd 4379426C 		.ascii	"CyBle_DisInit\000"
 1447      655F4469 
 1447      73496E69 
 1447      7400
 1448              	.LASF32:
 1449 00db 4359424C 		.ascii	"CYBLE_EVT_GAP_CONNECTION_UPDATE_COMPLETE\000"
 1449      455F4556 
 1449      545F4741 
 1449      505F434F 
 1449      4E4E4543 
 1450              	.LASF63:
 1451 0104 4359424C 		.ascii	"CYBLE_EVT_L2CAP_CBFC_DISCONN_CNF\000"
 1451      455F4556 
 1451      545F4C32 
 1451      4341505F 
 1451      43424643 
 1452              	.LASF46:
 1453 0125 4359424C 		.ascii	"CYBLE_EVT_GATTC_READ_MULTI_RSP\000"
 1453      455F4556 
 1453      545F4741 
 1453      5454435F 
 1453      52454144 
 1454              	.LASF51:
 1455 0144 4359424C 		.ascii	"CYBLE_EVT_GATTS_EXEC_WRITE_REQ\000"
 1455      455F4556 
 1455      545F4741 
 1455      5454535F 
 1455      45584543 
 1456              	.LASF97:
 1457 0163 4359424C 		.ascii	"CYBLE_ERROR_NTF_DISABLED\000"
ARM GAS  C:\Users\Amin\AppData\Local\Temp\ccGBww6M.s 			page 31


 1457      455F4552 
 1457      524F525F 
 1457      4E54465F 
 1457      44495341 
 1458              	.LASF18:
 1459 017c 4359424C 		.ascii	"CYBLE_EVT_TIMEOUT\000"
 1459      455F4556 
 1459      545F5449 
 1459      4D454F55 
 1459      5400
 1460              	.LASF4:
 1461 018e 6C6F6E67 		.ascii	"long int\000"
 1461      20696E74 
 1461      00
 1462              	.LASF83:
 1463 0197 4359424C 		.ascii	"CYBLE_ERROR_L2CAP_PSM_WRONG_ENCODING\000"
 1463      455F4552 
 1463      524F525F 
 1463      4C324341 
 1463      505F5053 
 1464              	.LASF132:
 1465 01bc 4359424C 		.ascii	"CYBLE_GATT_VALUE_T\000"
 1465      455F4741 
 1465      54545F56 
 1465      414C5545 
 1465      5F5400
 1466              	.LASF20:
 1467 01cf 4359424C 		.ascii	"CYBLE_EVT_HCI_STATUS\000"
 1467      455F4556 
 1467      545F4843 
 1467      495F5354 
 1467      41545553 
 1468              	.LASF33:
 1469 01e4 4359424C 		.ascii	"CYBLE_EVT_GAPC_SCAN_START_STOP\000"
 1469      455F4556 
 1469      545F4741 
 1469      50435F53 
 1469      43414E5F 
 1470              	.LASF68:
 1471 0203 4359424C 		.ascii	"CYBLE_EVT_PENDING_FLASH_WRITE\000"
 1471      455F4556 
 1471      545F5045 
 1471      4E44494E 
 1471      475F464C 
 1472              	.LASF82:
 1473 0221 4359424C 		.ascii	"CYBLE_ERROR_SEC_FAILED\000"
 1473      455F4552 
 1473      524F525F 
 1473      5345435F 
 1473      4641494C 
 1474              	.LASF31:
 1475 0238 4359424C 		.ascii	"CYBLE_EVT_GAP_ENCRYPT_CHANGE\000"
 1475      455F4556 
 1475      545F4741 
 1475      505F454E 
 1475      43525950 
 1476              	.LASF107:
ARM GAS  C:\Users\Amin\AppData\Local\Temp\ccGBww6M.s 			page 32


 1477 0255 4359424C 		.ascii	"CYBLE_GATT_ERR_INSUFFICIENT_AUTHENTICATION\000"
 1477      455F4741 
 1477      54545F45 
 1477      52525F49 
 1477      4E535546 
 1478              	.LASF6:
 1479 0280 6C6F6E67 		.ascii	"long long int\000"
 1479      206C6F6E 
 1479      6720696E 
 1479      7400
 1480              	.LASF0:
 1481 028e 7369676E 		.ascii	"signed char\000"
 1481      65642063 
 1481      68617200 
 1482              	.LASF17:
 1483 029a 4359424C 		.ascii	"CYBLE_EVT_STACK_ON\000"
 1483      455F4556 
 1483      545F5354 
 1483      41434B5F 
 1483      4F4E00
 1484              	.LASF130:
 1485 02ad 4359424C 		.ascii	"CYBLE_GATT_DB_ATTR_HANDLE_T\000"
 1485      455F4741 
 1485      54545F44 
 1485      425F4154 
 1485      54525F48 
 1486              	.LASF90:
 1487 02c9 4359424C 		.ascii	"CYBLE_ERROR_DEVICE_ALREADY_EXISTS\000"
 1487      455F4552 
 1487      524F525F 
 1487      44455649 
 1487      43455F41 
 1488              	.LASF77:
 1489 02eb 4359424C 		.ascii	"CYBLE_ERROR_NO_DEVICE_ENTITY\000"
 1489      455F4552 
 1489      524F525F 
 1489      4E4F5F44 
 1489      45564943 
 1490              	.LASF131:
 1491 0308 61637475 		.ascii	"actualLen\000"
 1491      616C4C65 
 1491      6E00
 1492              	.LASF23:
 1493 0312 4359424C 		.ascii	"CYBLE_EVT_GAP_AUTH_REQ\000"
 1493      455F4556 
 1493      545F4741 
 1493      505F4155 
 1493      54485F52 
 1494              	.LASF153:
 1495 0329 4359424C 		.ascii	"CYBLE_SRVI_BAS\000"
 1495      455F5352 
 1495      56495F42 
 1495      415300
 1496              	.LASF44:
 1497 0338 4359424C 		.ascii	"CYBLE_EVT_GATTC_READ_RSP\000"
 1497      455F4556 
 1497      545F4741 
ARM GAS  C:\Users\Amin\AppData\Local\Temp\ccGBww6M.s 			page 33


 1497      5454435F 
 1497      52454144 
 1498              	.LASF106:
 1499 0351 4359424C 		.ascii	"CYBLE_GATT_ERR_INVALID_PDU\000"
 1499      455F4741 
 1499      54545F45 
 1499      52525F49 
 1499      4E56414C 
 1500              	.LASF100:
 1501 036c 4359424C 		.ascii	"CYBLE_ERROR_INVALID_STATE\000"
 1501      455F4552 
 1501      524F525F 
 1501      494E5641 
 1501      4C49445F 
 1502              	.LASF49:
 1503 0386 4359424C 		.ascii	"CYBLE_EVT_GATTS_WRITE_CMD_REQ\000"
 1503      455F4556 
 1503      545F4741 
 1503      5454535F 
 1503      57524954 
 1504              	.LASF94:
 1505 03a4 4359424C 		.ascii	"CYBLE_INCL_DISC_DONE\000"
 1505      455F494E 
 1505      434C5F44 
 1505      4953435F 
 1505      444F4E45 
 1506              	.LASF28:
 1507 03b9 4359424C 		.ascii	"CYBLE_EVT_GAPP_ADVERTISEMENT_START_STOP\000"
 1507      455F4556 
 1507      545F4741 
 1507      50505F41 
 1507      44564552 
 1508              	.LASF88:
 1509 03e1 4359424C 		.ascii	"CYBLE_ERROR_L2CAP_PSM_NOT_IN_RANGE\000"
 1509      455F4552 
 1509      524F525F 
 1509      4C324341 
 1509      505F5053 
 1510              	.LASF9:
 1511 0404 75696E74 		.ascii	"uint8\000"
 1511      3800
 1512              	.LASF166:
 1513 040a 453A5C32 		.ascii	"E:\\2016.05.27_BLE\\Final\\Client and Server-Centra"
 1513      3031362E 
 1513      30352E32 
 1513      375F424C 
 1513      455C4669 
 1514 043a 6C2E6379 		.ascii	"l.cydsn\000"
 1514      64736E00 
 1515              	.LASF52:
 1516 0442 4359424C 		.ascii	"CYBLE_EVT_GATTC_EXEC_WRITE_RSP\000"
 1516      455F4556 
 1516      545F4741 
 1516      5454435F 
 1516      45584543 
 1517              	.LASF13:
 1518 0461 646F7562 		.ascii	"double\000"
ARM GAS  C:\Users\Amin\AppData\Local\Temp\ccGBww6M.s 			page 34


 1518      6C6500
 1519              	.LASF71:
 1520 0468 4359424C 		.ascii	"CYBLE_ERROR_INVALID_PARAMETER\000"
 1520      455F4552 
 1520      524F525F 
 1520      494E5641 
 1520      4C49445F 
 1521              	.LASF118:
 1522 0486 4359424C 		.ascii	"CYBLE_GATT_ERR_UNSUPPORTED_GROUP_TYPE\000"
 1522      455F4741 
 1522      54545F45 
 1522      52525F55 
 1522      4E535550 
 1523              	.LASF141:
 1524 04ac 4359424C 		.ascii	"CYBLE_DIS_FIRMWARE_REV\000"
 1524      455F4449 
 1524      535F4649 
 1524      524D5741 
 1524      52455F52 
 1525              	.LASF11:
 1526 04c3 75696E74 		.ascii	"uint32\000"
 1526      333200
 1527              	.LASF140:
 1528 04ca 4359424C 		.ascii	"CYBLE_DIS_HARDWARE_REV\000"
 1528      455F4449 
 1528      535F4841 
 1528      52445741 
 1528      52455F52 
 1529              	.LASF69:
 1530 04e1 4359424C 		.ascii	"CYBLE_EVT_MAX\000"
 1530      455F4556 
 1530      545F4D41 
 1530      5800
 1531              	.LASF70:
 1532 04ef 4359424C 		.ascii	"CYBLE_ERROR_OK\000"
 1532      455F4552 
 1532      524F525F 
 1532      4F4B00
 1533              	.LASF102:
 1534 04fe 4359424C 		.ascii	"CYBLE_GATT_ERR_NONE\000"
 1534      455F4741 
 1534      54545F45 
 1534      52525F4E 
 1534      4F4E4500 
 1535              	.LASF57:
 1536 0512 4359424C 		.ascii	"CYBLE_EVT_L2CAP_CONN_PARAM_UPDATE_REQ\000"
 1536      455F4556 
 1536      545F4C32 
 1536      4341505F 
 1536      434F4E4E 
 1537              	.LASF104:
 1538 0538 4359424C 		.ascii	"CYBLE_GATT_ERR_READ_NOT_PERMITTED\000"
 1538      455F4741 
 1538      54545F45 
 1538      52525F52 
 1538      4541445F 
 1539              	.LASF67:
ARM GAS  C:\Users\Amin\AppData\Local\Temp\ccGBww6M.s 			page 35


 1540 055a 4359424C 		.ascii	"CYBLE_EVT_L2CAP_CBFC_DATA_WRITE_IND\000"
 1540      455F4556 
 1540      545F4C32 
 1540      4341505F 
 1540      43424643 
 1541              	.LASF79:
 1542 057e 4359424C 		.ascii	"CYBLE_ERROR_GAP_ROLE\000"
 1542      455F4552 
 1542      524F525F 
 1542      4741505F 
 1542      524F4C45 
 1543              	.LASF134:
 1544 0593 61747472 		.ascii	"attrHandle\000"
 1544      48616E64 
 1544      6C6500
 1545              	.LASF7:
 1546 059e 6C6F6E67 		.ascii	"long long unsigned int\000"
 1546      206C6F6E 
 1546      6720756E 
 1546      7369676E 
 1546      65642069 
 1547              	.LASF133:
 1548 05b5 76616C75 		.ascii	"value\000"
 1548      6500
 1549              	.LASF147:
 1550 05bb 4359424C 		.ascii	"CYBLE_DIS_CHAR_INDEX_T\000"
 1550      455F4449 
 1550      535F4348 
 1550      41525F49 
 1550      4E444558 
 1551              	.LASF75:
 1552 05d2 4359424C 		.ascii	"CYBLE_ERROR_OOB_NOT_AVAILABLE\000"
 1552      455F4552 
 1552      524F525F 
 1552      4F4F425F 
 1552      4E4F545F 
 1553              	.LASF37:
 1554 05f0 4359424C 		.ascii	"CYBLE_EVT_GATT_DISCONNECT_IND\000"
 1554      455F4556 
 1554      545F4741 
 1554      54545F44 
 1554      4953434F 
 1555              	.LASF124:
 1556 060e 4359424C 		.ascii	"CYBLE_GATTS_ERR_PROCEDURE_ALREADY_IN_PROGRESS\000"
 1556      455F4741 
 1556      5454535F 
 1556      4552525F 
 1556      50524F43 
 1557              	.LASF84:
 1558 063c 4359424C 		.ascii	"CYBLE_ERROR_L2CAP_PSM_ALREADY_REGISTERED\000"
 1558      455F4552 
 1558      524F525F 
 1558      4C324341 
 1558      505F5053 
 1559              	.LASF5:
 1560 0665 6C6F6E67 		.ascii	"long unsigned int\000"
 1560      20756E73 
ARM GAS  C:\Users\Amin\AppData\Local\Temp\ccGBww6M.s 			page 36


 1560      69676E65 
 1560      6420696E 
 1560      7400
 1561              	.LASF112:
 1562 0677 4359424C 		.ascii	"CYBLE_GATT_ERR_ATTRIBUTE_NOT_FOUND\000"
 1562      455F4741 
 1562      54545F45 
 1562      52525F41 
 1562      54545249 
 1563              	.LASF47:
 1564 069a 4359424C 		.ascii	"CYBLE_EVT_GATTS_WRITE_REQ\000"
 1564      455F4556 
 1564      545F4741 
 1564      5454535F 
 1564      57524954 
 1565              	.LASF39:
 1566 06b4 4359424C 		.ascii	"CYBLE_EVT_GATTC_XCHNG_MTU_RSP\000"
 1566      455F4556 
 1566      545F4741 
 1566      5454435F 
 1566      5843484E 
 1567              	.LASF56:
 1568 06d2 4359424C 		.ascii	"CYBLE_EVT_GATTS_DATA_SIGNED_CMD_REQ\000"
 1568      455F4556 
 1568      545F4741 
 1568      5454535F 
 1568      44415441 
 1569              	.LASF87:
 1570 06f6 4359424C 		.ascii	"CYBLE_ERROR_L2CAP_CHANNEL_NOT_FOUND\000"
 1570      455F4552 
 1570      524F525F 
 1570      4C324341 
 1570      505F4348 
 1571              	.LASF105:
 1572 071a 4359424C 		.ascii	"CYBLE_GATT_ERR_WRITE_NOT_PERMITTED\000"
 1572      455F4741 
 1572      54545F45 
 1572      52525F57 
 1572      52495445 
 1573              	.LASF113:
 1574 073d 4359424C 		.ascii	"CYBLE_GATT_ERR_ATTRIBUTE_NOT_LONG\000"
 1574      455F4741 
 1574      54545F45 
 1574      52525F41 
 1574      54545249 
 1575              	.LASF16:
 1576 075f 4359424C 		.ascii	"CYBLE_EVT_HOST_INVALID\000"
 1576      455F4556 
 1576      545F484F 
 1576      53545F49 
 1576      4E56414C 
 1577              	.LASF42:
 1578 0776 4359424C 		.ascii	"CYBLE_EVT_GATTC_FIND_INFO_RSP\000"
 1578      455F4556 
 1578      545F4741 
 1578      5454435F 
 1578      46494E44 
ARM GAS  C:\Users\Amin\AppData\Local\Temp\ccGBww6M.s 			page 37


 1579              	.LASF114:
 1580 0794 4359424C 		.ascii	"CYBLE_GATT_ERR_INSUFFICIENT_ENC_KEY_SIZE\000"
 1580      455F4741 
 1580      54545F45 
 1580      52525F49 
 1580      4E535546 
 1581              	.LASF162:
 1582 07bd 4379426C 		.ascii	"CyBle_DissSetCharacteristicValue\000"
 1582      655F4469 
 1582      73735365 
 1582      74436861 
 1582      72616374 
 1583              	.LASF29:
 1584 07de 4359424C 		.ascii	"CYBLE_EVT_GAP_DEVICE_CONNECTED\000"
 1584      455F4556 
 1584      545F4741 
 1584      505F4445 
 1584      56494345 
 1585              	.LASF169:
 1586 07fd 6379426C 		.ascii	"cyBle_diss\000"
 1586      655F6469 
 1586      737300
 1587              	.LASF145:
 1588 0808 4359424C 		.ascii	"CYBLE_DIS_PNP_ID\000"
 1588      455F4449 
 1588      535F504E 
 1588      505F4944 
 1588      00
 1589              	.LASF123:
 1590 0819 4359424C 		.ascii	"CYBLE_GATT_ERR_HTS_OUT_OF_RANGE\000"
 1590      455F4741 
 1590      54545F45 
 1590      52525F48 
 1590      54535F4F 
 1591              	.LASF2:
 1592 0839 73686F72 		.ascii	"short int\000"
 1592      7420696E 
 1592      7400
 1593              	.LASF25:
 1594 0843 4359424C 		.ascii	"CYBLE_EVT_GAP_PASSKEY_DISPLAY_REQUEST\000"
 1594      455F4556 
 1594      545F4741 
 1594      505F5041 
 1594      53534B45 
 1595              	.LASF148:
 1596 0869 73657276 		.ascii	"serviceHandle\000"
 1596      69636548 
 1596      616E646C 
 1596      6500
 1597              	.LASF36:
 1598 0877 4359424C 		.ascii	"CYBLE_EVT_GATT_CONNECT_IND\000"
 1598      455F4556 
 1598      545F4741 
 1598      54545F43 
 1598      4F4E4E45 
 1599              	.LASF59:
 1600 0892 4359424C 		.ascii	"CYBLE_EVT_L2CAP_COMMAND_REJ\000"
ARM GAS  C:\Users\Amin\AppData\Local\Temp\ccGBww6M.s 			page 38


 1600      455F4556 
 1600      545F4C32 
 1600      4341505F 
 1600      434F4D4D 
 1601              	.LASF122:
 1602 08ae 4359424C 		.ascii	"CYBLE_GATT_ERR_CPS_INAPPROPRIATE_CONNECTION_PARAMET"
 1602      455F4741 
 1602      54545F45 
 1602      52525F43 
 1602      50535F49 
 1603 08e1 45525300 		.ascii	"ERS\000"
 1604              	.LASF22:
 1605 08e5 4359424C 		.ascii	"CYBLE_EVT_GAPC_SCAN_PROGRESS_RESULT\000"
 1605      455F4556 
 1605      545F4741 
 1605      50435F53 
 1605      43414E5F 
 1606              	.LASF143:
 1607 0909 4359424C 		.ascii	"CYBLE_DIS_SYSTEM_ID\000"
 1607      455F4449 
 1607      535F5359 
 1607      5354454D 
 1607      5F494400 
 1608              	.LASF96:
 1609 091d 4359424C 		.ascii	"CYBLE_DESCR_DISC_DONE\000"
 1609      455F4445 
 1609      5343525F 
 1609      44495343 
 1609      5F444F4E 
 1610              	.LASF93:
 1611 0933 4359424C 		.ascii	"CYBLE_ERROR_MAX\000"
 1611      455F4552 
 1611      524F525F 
 1611      4D415800 
 1612              	.LASF60:
 1613 0943 4359424C 		.ascii	"CYBLE_EVT_L2CAP_CBFC_CONN_IND\000"
 1613      455F4556 
 1613      545F4C32 
 1613      4341505F 
 1613      43424643 
 1614              	.LASF41:
 1615 0961 4359424C 		.ascii	"CYBLE_EVT_GATTC_READ_BY_TYPE_RSP\000"
 1615      455F4556 
 1615      545F4741 
 1615      5454435F 
 1615      52454144 
 1616              	.LASF154:
 1617 0982 4359424C 		.ascii	"CYBLE_SRVI_BAS_END\000"
 1617      455F5352 
 1617      56495F42 
 1617      41535F45 
 1617      4E4400
 1618              	.LASF15:
 1619 0995 73697A65 		.ascii	"sizetype\000"
 1619      74797065 
 1619      00
 1620              	.LASF119:
ARM GAS  C:\Users\Amin\AppData\Local\Temp\ccGBww6M.s 			page 39


 1621 099e 4359424C 		.ascii	"CYBLE_GATT_ERR_INSUFFICIENT_RESOURCE\000"
 1621      455F4741 
 1621      54545F45 
 1621      52525F49 
 1621      4E535546 
 1622              	.LASF27:
 1623 09c3 4359424C 		.ascii	"CYBLE_EVT_GAP_AUTH_FAILED\000"
 1623      455F4556 
 1623      545F4741 
 1623      505F4155 
 1623      54485F46 
 1624              	.LASF48:
 1625 09dd 4359424C 		.ascii	"CYBLE_EVT_GATTC_WRITE_RSP\000"
 1625      455F4556 
 1625      545F4741 
 1625      5454435F 
 1625      57524954 
 1626              	.LASF163:
 1627 09f7 4379426C 		.ascii	"CyBle_DissGetCharacteristicValue\000"
 1627      655F4469 
 1627      73734765 
 1627      74436861 
 1627      72616374 
 1628              	.LASF110:
 1629 0a18 4359424C 		.ascii	"CYBLE_GATT_ERR_INSUFFICIENT_AUTHORIZATION\000"
 1629      455F4741 
 1629      54545F45 
 1629      52525F49 
 1629      4E535546 
 1630              	.LASF26:
 1631 0a42 4359424C 		.ascii	"CYBLE_EVT_GAP_AUTH_COMPLETE\000"
 1631      455F4556 
 1631      545F4741 
 1631      505F4155 
 1631      54485F43 
 1632              	.LASF160:
 1633 0a5e 61706952 		.ascii	"apiResult\000"
 1633      6573756C 
 1633      7400
 1634              	.LASF101:
 1635 0a68 4359424C 		.ascii	"CYBLE_API_RESULT_T\000"
 1635      455F4150 
 1635      495F5245 
 1635      53554C54 
 1635      5F5400
 1636              	.LASF53:
 1637 0a7b 4359424C 		.ascii	"CYBLE_EVT_GATTC_HANDLE_VALUE_NTF\000"
 1637      455F4556 
 1637      545F4741 
 1637      5454435F 
 1637      48414E44 
 1638              	.LASF98:
 1639 0a9c 4359424C 		.ascii	"CYBLE_ERROR_IND_DISABLED\000"
 1639      455F4552 
 1639      524F525F 
 1639      494E445F 
 1639      44495341 
ARM GAS  C:\Users\Amin\AppData\Local\Temp\ccGBww6M.s 			page 40


 1640              	.LASF135:
 1641 0ab5 4359424C 		.ascii	"CYBLE_GATT_HANDLE_VALUE_PAIR_T\000"
 1641      455F4741 
 1641      54545F48 
 1641      414E444C 
 1641      455F5641 
 1642              	.LASF144:
 1643 0ad4 4359424C 		.ascii	"CYBLE_DIS_REG_CERT_DATA\000"
 1643      455F4449 
 1643      535F5245 
 1643      475F4345 
 1643      52545F44 
 1644              	.LASF61:
 1645 0aec 4359424C 		.ascii	"CYBLE_EVT_L2CAP_CBFC_CONN_CNF\000"
 1645      455F4556 
 1645      545F4C32 
 1645      4341505F 
 1645      43424643 
 1646              	.LASF40:
 1647 0b0a 4359424C 		.ascii	"CYBLE_EVT_GATTC_READ_BY_GROUP_TYPE_RSP\000"
 1647      455F4556 
 1647      545F4741 
 1647      5454435F 
 1647      52454144 
 1648              	.LASF12:
 1649 0b31 666C6F61 		.ascii	"float\000"
 1649      7400
 1650              	.LASF165:
 1651 0b37 2E5C4765 		.ascii	".\\Generated_Source\\PSoC4\\BLE_dis.c\000"
 1651      6E657261 
 1651      7465645F 
 1651      536F7572 
 1651      63655C50 
 1652              	.LASF164:
 1653 0b5a 474E5520 		.ascii	"GNU C 4.8.4 20140526 (release) [ARM/embedded-4_8-br"
 1653      4320342E 
 1653      382E3420 
 1653      32303134 
 1653      30353236 
 1654 0b8d 616E6368 		.ascii	"anch revision 211358] -mcpu=cortex-m0 -mthumb -g -O"
 1654      20726576 
 1654      6973696F 
 1654      6E203231 
 1654      31333538 
 1655 0bc0 30202D66 		.ascii	"0 -ffunction-sections\000"
 1655      66756E63 
 1655      74696F6E 
 1655      2D736563 
 1655      74696F6E 
 1656              	.LASF111:
 1657 0bd6 4359424C 		.ascii	"CYBLE_GATT_ERR_PREPARE_WRITE_QUEUE_FULL\000"
 1657      455F4741 
 1657      54545F45 
 1657      52525F50 
 1657      52455041 
 1658              	.LASF139:
 1659 0bfe 4359424C 		.ascii	"CYBLE_DIS_SERIAL_NUMBER\000"
ARM GAS  C:\Users\Amin\AppData\Local\Temp\ccGBww6M.s 			page 41


 1659      455F4449 
 1659      535F5345 
 1659      5249414C 
 1659      5F4E554D 
 1660              	.LASF80:
 1661 0c16 4359424C 		.ascii	"CYBLE_ERROR_TX_POWER_READ\000"
 1661      455F4552 
 1661      524F525F 
 1661      54585F50 
 1661      4F574552 
 1662              	.LASF156:
 1663 0c30 63616C6C 		.ascii	"callbackFunc\000"
 1663      6261636B 
 1663      46756E63 
 1663      00
 1664              	.LASF129:
 1665 0c3d 4359424C 		.ascii	"CYBLE_GATT_ERR_OUT_OF_RANGE\000"
 1665      455F4741 
 1665      54545F45 
 1665      52525F4F 
 1665      55545F4F 
 1666              	.LASF1:
 1667 0c59 756E7369 		.ascii	"unsigned char\000"
 1667      676E6564 
 1667      20636861 
 1667      7200
 1668              	.LASF146:
 1669 0c67 4359424C 		.ascii	"CYBLE_DIS_CHAR_COUNT\000"
 1669      455F4449 
 1669      535F4348 
 1669      41525F43 
 1669      4F554E54 
 1670              	.LASF115:
 1671 0c7c 4359424C 		.ascii	"CYBLE_GATT_ERR_INVALID_ATTRIBUTE_LEN\000"
 1671      455F4741 
 1671      54545F45 
 1671      52525F49 
 1671      4E56414C 
 1672              	.LASF125:
 1673 0ca1 4359424C 		.ascii	"CYBLE_GATTS_ERR_CCCD_IMPROPERLY_CONFIGURED\000"
 1673      455F4741 
 1673      5454535F 
 1673      4552525F 
 1673      43434344 
 1674              	.LASF168:
 1675 0ccc 4379426C 		.ascii	"CyBle_DisRegisterAttrCallback\000"
 1675      655F4469 
 1675      73526567 
 1675      69737465 
 1675      72417474 
 1676              	.LASF99:
 1677 0cea 4359424C 		.ascii	"CYBLE_ERROR_CHAR_IS_NOT_DISCOVERED\000"
 1677      455F4552 
 1677      524F525F 
 1677      43484152 
 1677      5F49535F 
 1678              	.LASF149:
ARM GAS  C:\Users\Amin\AppData\Local\Temp\ccGBww6M.s 			page 42


 1679 0d0d 63686172 		.ascii	"charHandle\000"
 1679      48616E64 
 1679      6C6500
 1680              	.LASF54:
 1681 0d18 4359424C 		.ascii	"CYBLE_EVT_GATTC_HANDLE_VALUE_IND\000"
 1681      455F4556 
 1681      545F4741 
 1681      5454435F 
 1681      48414E44 
 1682              	.LASF76:
 1683 0d39 4359424C 		.ascii	"CYBLE_ERROR_NO_CONNECTION\000"
 1683      455F4552 
 1683      524F525F 
 1683      4E4F5F43 
 1683      4F4E4E45 
 1684              	.LASF142:
 1685 0d53 4359424C 		.ascii	"CYBLE_DIS_SOFTWARE_REV\000"
 1685      455F4449 
 1685      535F534F 
 1685      46545741 
 1685      52455F52 
 1686              	.LASF126:
 1687 0d6a 4359424C 		.ascii	"CYBLE_GATT_ERR_ANS_COMMAND_NOT_SUPPORTED\000"
 1687      455F4741 
 1687      54545F45 
 1687      52525F41 
 1687      4E535F43 
 1688              	.LASF50:
 1689 0d93 4359424C 		.ascii	"CYBLE_EVT_GATTS_PREP_WRITE_REQ\000"
 1689      455F4556 
 1689      545F4741 
 1689      5454535F 
 1689      50524550 
 1690              	.LASF159:
 1691 0db2 61747472 		.ascii	"attrValue\000"
 1691      56616C75 
 1691      6500
 1692              	.LASF55:
 1693 0dbc 4359424C 		.ascii	"CYBLE_EVT_GATTS_HANDLE_VALUE_CNF\000"
 1693      455F4556 
 1693      545F4741 
 1693      5454535F 
 1693      48414E44 
 1694              	.LASF127:
 1695 0ddd 4359424C 		.ascii	"CYBLE_GATT_ERR_CCCD_IMPROPERLY_CONFIGURED\000"
 1695      455F4741 
 1695      54545F45 
 1695      52525F43 
 1695      4343445F 
 1696              	.LASF155:
 1697 0e07 4359424C 		.ascii	"CYBLE_SRVI_COUNT\000"
 1697      455F5352 
 1697      56495F43 
 1697      4F554E54 
 1697      00
 1698              	.LASF120:
 1699 0e18 4359424C 		.ascii	"CYBLE_GATT_ERR_HEART_RATE_CONTROL_POINT_NOT_SUPPORT"
ARM GAS  C:\Users\Amin\AppData\Local\Temp\ccGBww6M.s 			page 43


 1699      455F4741 
 1699      54545F45 
 1699      52525F48 
 1699      45415254 
 1700 0e4b 454400   		.ascii	"ED\000"
 1701              	.LASF151:
 1702 0e4e 4359424C 		.ascii	"CYBLE_SRVI_GAP\000"
 1702      455F5352 
 1702      56495F47 
 1702      415000
 1703              	.LASF14:
 1704 0e5d 63686172 		.ascii	"char\000"
 1704      00
 1705              	.LASF138:
 1706 0e62 4359424C 		.ascii	"CYBLE_DIS_MODEL_NUMBER\000"
 1706      455F4449 
 1706      535F4D4F 
 1706      44454C5F 
 1706      4E554D42 
 1707              	.LASF81:
 1708 0e79 4359424C 		.ascii	"CYBLE_ERROR_BT_ON_NOT_COMPLETED\000"
 1708      455F4552 
 1708      524F525F 
 1708      42545F4F 
 1708      4E5F4E4F 
 1709              	.LASF30:
 1710 0e99 4359424C 		.ascii	"CYBLE_EVT_GAP_DEVICE_DISCONNECTED\000"
 1710      455F4556 
 1710      545F4741 
 1710      505F4445 
 1710      56494345 
 1711              	.LASF8:
 1712 0ebb 756E7369 		.ascii	"unsigned int\000"
 1712      676E6564 
 1712      20696E74 
 1712      00
 1713              	.LASF152:
 1714 0ec8 4359424C 		.ascii	"CYBLE_SRVI_GATT\000"
 1714      455F5352 
 1714      56495F47 
 1714      41545400 
 1715              	.LASF66:
 1716 0ed8 4359424C 		.ascii	"CYBLE_EVT_L2CAP_CBFC_TX_CREDIT_IND\000"
 1716      455F4556 
 1716      545F4C32 
 1716      4341505F 
 1716      43424643 
 1717              	.LASF116:
 1718 0efb 4359424C 		.ascii	"CYBLE_GATT_ERR_UNLIKELY_ERROR\000"
 1718      455F4741 
 1718      54545F45 
 1718      52525F55 
 1718      4E4C494B 
 1719              	.LASF91:
 1720 0f19 4359424C 		.ascii	"CYBLE_ERROR_FLASH_WRITE_NOT_PERMITED\000"
 1720      455F4552 
 1720      524F525F 
ARM GAS  C:\Users\Amin\AppData\Local\Temp\ccGBww6M.s 			page 44


 1720      464C4153 
 1720      485F5752 
 1721              	.LASF86:
 1722 0f3e 4359424C 		.ascii	"CYBLE_ERROR_L2CAP_CONNECTION_ENTITY_NOT_FOUND\000"
 1722      455F4552 
 1722      524F525F 
 1722      4C324341 
 1722      505F434F 
 1723              	.LASF128:
 1724 0f6c 4359424C 		.ascii	"CYBLE_GATT_ERR_PROCEDURE_ALREADY_IN_PROGRESS\000"
 1724      455F4741 
 1724      54545F45 
 1724      52525F50 
 1724      524F4345 
 1725              	.LASF19:
 1726 0f99 4359424C 		.ascii	"CYBLE_EVT_HARDWARE_ERROR\000"
 1726      455F4556 
 1726      545F4841 
 1726      52445741 
 1726      52455F45 
 1727              	.LASF3:
 1728 0fb2 73686F72 		.ascii	"short unsigned int\000"
 1728      7420756E 
 1728      7369676E 
 1728      65642069 
 1728      6E7400
 1729              	.LASF35:
 1730 0fc5 4359424C 		.ascii	"CYBLE_EVT_GATTC_ERROR_RSP\000"
 1730      455F4556 
 1730      545F4741 
 1730      5454435F 
 1730      4552524F 
 1731              	.LASF72:
 1732 0fdf 4359424C 		.ascii	"CYBLE_ERROR_INVALID_OPERATION\000"
 1732      455F4552 
 1732      524F525F 
 1732      494E5641 
 1732      4C49445F 
 1733              	.LASF121:
 1734 0ffd 4359424C 		.ascii	"CYBLE_GATT_ERR_USER_DATA_ACCESS_NOT_PERMITTED\000"
 1734      455F4741 
 1734      54545F45 
 1734      52525F55 
 1734      5345525F 
 1735              	.LASF117:
 1736 102b 4359424C 		.ascii	"CYBLE_GATT_ERR_INSUFFICIENT_ENCRYPTION\000"
 1736      455F4741 
 1736      54545F45 
 1736      52525F49 
 1736      4E535546 
 1737              	.LASF136:
 1738 1052 4359424C 		.ascii	"CYBLE_CALLBACK_T\000"
 1738      455F4341 
 1738      4C4C4241 
 1738      434B5F54 
 1738      00
 1739              	.LASF38:
ARM GAS  C:\Users\Amin\AppData\Local\Temp\ccGBww6M.s 			page 45


 1740 1063 4359424C 		.ascii	"CYBLE_EVT_GATTS_XCNHG_MTU_REQ\000"
 1740      455F4556 
 1740      545F4741 
 1740      5454535F 
 1740      58434E48 
 1741              	.LASF157:
 1742 1081 63686172 		.ascii	"charIndex\000"
 1742      496E6465 
 1742      7800
 1743              	.LASF74:
 1744 108b 4359424C 		.ascii	"CYBLE_ERROR_INSUFFICIENT_RESOURCES\000"
 1744      455F4552 
 1744      524F525F 
 1744      494E5355 
 1744      46464943 
 1745              	.LASF24:
 1746 10ae 4359424C 		.ascii	"CYBLE_EVT_GAP_PASSKEY_ENTRY_REQUEST\000"
 1746      455F4556 
 1746      545F4741 
 1746      505F5041 
 1746      53534B45 
 1747              	.LASF45:
 1748 10d2 4359424C 		.ascii	"CYBLE_EVT_GATTC_READ_BLOB_RSP\000"
 1748      455F4556 
 1748      545F4741 
 1748      5454435F 
 1748      52454144 
 1749              	.LASF109:
 1750 10f0 4359424C 		.ascii	"CYBLE_GATT_ERR_INVALID_OFFSET\000"
 1750      455F4741 
 1750      54545F45 
 1750      52525F49 
 1750      4E56414C 
 1751              	.LASF92:
 1752 110e 4359424C 		.ascii	"CYBLE_ERROR_MIC_AUTH_FAILED\000"
 1752      455F4552 
 1752      524F525F 
 1752      4D49435F 
 1752      41555448 
 1753              	.LASF85:
 1754 112a 4359424C 		.ascii	"CYBLE_ERROR_L2CAP_PSM_NOT_REGISTERED\000"
 1754      455F4552 
 1754      524F525F 
 1754      4C324341 
 1754      505F5053 
 1755              	.LASF43:
 1756 114f 4359424C 		.ascii	"CYBLE_EVT_GATTC_FIND_BY_TYPE_VALUE_RSP\000"
 1756      455F4556 
 1756      545F4741 
 1756      5454435F 
 1756      46494E44 
 1757              	.LASF150:
 1758 1176 4359424C 		.ascii	"CYBLE_DISS_T\000"
 1758      455F4449 
 1758      53535F54 
 1758      00
 1759              	.LASF34:
ARM GAS  C:\Users\Amin\AppData\Local\Temp\ccGBww6M.s 			page 46


 1760 1183 4359424C 		.ascii	"CYBLE_EVT_GAP_KEYINFO_EXCHNGE_CMPLT\000"
 1760      455F4556 
 1760      545F4741 
 1760      505F4B45 
 1760      59494E46 
 1761              	.LASF161:
 1762 11a7 6C6F6348 		.ascii	"locHandleValuePair\000"
 1762      616E646C 
 1762      6556616C 
 1762      75655061 
 1762      697200
 1763              	.LASF62:
 1764 11ba 4359424C 		.ascii	"CYBLE_EVT_L2CAP_CBFC_DISCONN_IND\000"
 1764      455F4556 
 1764      545F4C32 
 1764      4341505F 
 1764      43424643 
 1765              	.LASF95:
 1766 11db 4359424C 		.ascii	"CYBLE_CHAR_DISC_DONE\000"
 1766      455F4348 
 1766      41525F44 
 1766      4953435F 
 1766      444F4E45 
 1767              	.LASF58:
 1768 11f0 4359424C 		.ascii	"CYBLE_EVT_L2CAP_CONN_PARAM_UPDATE_RSP\000"
 1768      455F4556 
 1768      545F4C32 
 1768      4341505F 
 1768      434F4E4E 
 1769              	.LASF137:
 1770 1216 4359424C 		.ascii	"CYBLE_DIS_MANUFACTURER_NAME\000"
 1770      455F4449 
 1770      535F4D41 
 1770      4E554641 
 1770      43545552 
 1771              	.LASF158:
 1772 1232 61747472 		.ascii	"attrSize\000"
 1772      53697A65 
 1772      00
 1773              	.LASF89:
 1774 123b 4359424C 		.ascii	"CYBLE_ERROR_GATT_DB_INVALID_ATTR_HANDLE\000"
 1774      455F4552 
 1774      524F525F 
 1774      47415454 
 1774      5F44425F 
 1775              	.LASF78:
 1776 1263 4359424C 		.ascii	"CYBLE_ERROR_REPEATED_ATTEMPTS\000"
 1776      455F4552 
 1776      524F525F 
 1776      52455045 
 1776      41544544 
 1777              		.ident	"GCC: (GNU Tools for ARM Embedded Processors) 4.8.4 20140526 (release) [ARM/embedded-4_8-br
